Command: /home/users9/jp581081/526LSP21/LAB10/./simv -l serial.log
Chronologic VCS simulator copyright 1991-2017
Contains Synopsys proprietary information.
Compiler version N-2017.12-SP2-2_Full64; Runtime version N-2017.12-SP2-2_Full64;  May 15 17:20 2021
VCD+ Writer N-2017.12-SP2-2_Full64 Copyright (c) 1991-2017 by Synopsys Inc.
                   0:D_in=00000000, Send=0, Data=x, Strobe=x, D_out=xxxxxxxx, Valid=x 
                   5:D_in=00000000, Send=0, Data=0, Strobe=0, D_out=xxxxxxxx, Valid=x 
                  10:D_in=00000000, Send=0, Data=0, Strobe=0, D_out=xxxxxxxx, Valid=0 
                  20:D_in=10101011, Send=1, Data=0, Strobe=0, D_out=xxxxxxxx, Valid=0 
                  25:D_in=10101011, Send=1, Data=1, Strobe=1, D_out=xxxxxxxx, Valid=0 
                  30:D_in=10101011, Send=1, Data=1, Strobe=1, D_out=xxxxxxx1, Valid=0 
                  40:D_in=11111111, Send=1, Data=1, Strobe=1, D_out=xxxxxx11, Valid=0 
                  45:D_in=11111111, Send=1, Data=0, Strobe=1, D_out=xxxxxx11, Valid=0 
                  50:D_in=11111111, Send=1, Data=0, Strobe=1, D_out=xxxxx011, Valid=0 
                  55:D_in=11111111, Send=1, Data=1, Strobe=1, D_out=xxxxx011, Valid=0 
                  60:D_in=11111111, Send=1, Data=1, Strobe=1, D_out=xxxx1011, Valid=0 
                  65:D_in=11111111, Send=1, Data=0, Strobe=1, D_out=xxxx1011, Valid=0 
                  70:D_in=11111111, Send=1, Data=0, Strobe=1, D_out=xxx01011, Valid=0 
                  75:D_in=11111111, Send=1, Data=1, Strobe=1, D_out=xxx01011, Valid=0 
                  80:D_in=11111111, Send=1, Data=1, Strobe=1, D_out=xx101011, Valid=0 
                  85:D_in=11111111, Send=1, Data=0, Strobe=1, D_out=xx101011, Valid=0 
                  90:D_in=11111111, Send=1, Data=0, Strobe=1, D_out=x0101011, Valid=0 
                  95:D_in=11111111, Send=1, Data=1, Strobe=0, D_out=x0101011, Valid=0 
                 100:D_in=11111111, Send=1, Data=1, Strobe=0, D_out=10101011, Valid=1 
                 105:D_in=11111111, Send=1, Data=1, Strobe=1, D_out=10101011, Valid=1 
                 110:D_in=11111111, Send=1, Data=1, Strobe=1, D_out=xxxxxxx1, Valid=0 
                 120:D_in=11111111, Send=1, Data=1, Strobe=1, D_out=xxxxxx11, Valid=0 
                 130:D_in=11111111, Send=1, Data=1, Strobe=1, D_out=xxxxx111, Valid=0 
                 140:D_in=11111111, Send=1, Data=1, Strobe=1, D_out=xxxx1111, Valid=0 
                 150:D_in=11111111, Send=1, Data=1, Strobe=1, D_out=xxx11111, Valid=0 
                 160:D_in=11111111, Send=1, Data=1, Strobe=1, D_out=xx111111, Valid=0 
                 170:D_in=11111111, Send=1, Data=1, Strobe=1, D_out=x1111111, Valid=0 
                 175:D_in=11111111, Send=1, Data=1, Strobe=0, D_out=x1111111, Valid=0 
                 180:D_in=01010101, Send=1, Data=1, Strobe=0, D_out=11111111, Valid=1 
                 185:D_in=01010101, Send=1, Data=1, Strobe=1, D_out=11111111, Valid=1 
                 190:D_in=01010101, Send=1, Data=1, Strobe=1, D_out=xxxxxxx1, Valid=0 
                 195:D_in=01010101, Send=1, Data=0, Strobe=1, D_out=xxxxxxx1, Valid=0 
                 200:D_in=01010101, Send=0, Data=0, Strobe=1, D_out=xxxxxx01, Valid=0 
                 205:D_in=01010101, Send=0, Data=1, Strobe=1, D_out=xxxxxx01, Valid=0 
                 210:D_in=01010101, Send=0, Data=1, Strobe=1, D_out=xxxxx101, Valid=0 
                 215:D_in=01010101, Send=0, Data=0, Strobe=1, D_out=xxxxx101, Valid=0 
                 220:D_in=01010101, Send=0, Data=0, Strobe=1, D_out=xxxx0101, Valid=0 
                 225:D_in=01010101, Send=0, Data=1, Strobe=1, D_out=xxxx0101, Valid=0 
                 230:D_in=01010101, Send=0, Data=1, Strobe=1, D_out=xxx10101, Valid=0 
                 235:D_in=01010101, Send=0, Data=0, Strobe=1, D_out=xxx10101, Valid=0 
                 240:D_in=01010101, Send=0, Data=0, Strobe=1, D_out=xx010101, Valid=0 
                 245:D_in=01010101, Send=0, Data=1, Strobe=1, D_out=xx010101, Valid=0 
                 250:D_in=01010101, Send=0, Data=1, Strobe=1, D_out=x1010101, Valid=0 
                 255:D_in=01010101, Send=0, Data=0, Strobe=0, D_out=x1010101, Valid=0 
                 260:D_in=01010101, Send=0, Data=0, Strobe=0, D_out=01010101, Valid=1 
                 270:D_in=01010101, Send=0, Data=0, Strobe=0, D_out=xxxxxxxx, Valid=0 
$finish called from file "serial_tb.v", line 43.
$finish at simulation time                  300
           V C S   S i m u l a t i o n   R e p o r t 
Time: 300 ns
CPU Time:      0.240 seconds;       Data structure size:   0.0Mb
Sat May 15 17:20:49 2021
