Command: /home/users9/jp581081/526LSP21/LAB1/./simv -l lab1.log
Chronologic VCS simulator copyright 1991-2020
Contains Synopsys proprietary information.
Compiler version Q-2020.03-SP1_Full64; Runtime version Q-2020.03-SP1_Full64;  Feb  4 21:08 2021
VCD+ Writer Q-2020.03-SP1_Full64 Copyright (c) 1991-2020 by Synopsys Inc.
                   0 Out= x A= 1 B= 1 C= 1 D=1 SEL0= x SEL1= x
                  10 Out= 0 A= 0 B= 1 C= 0 D=1 SEL0= 0 SEL1= 0
                  30 Out= 1 A= 0 B= 1 C= 0 D=1 SEL0= 0 SEL1= 1
                  50 Out= 0 A= 0 B= 1 C= 0 D=1 SEL0= 1 SEL1= 0
                  70 Out= 1 A= 0 B= 1 C= 0 D=1 SEL0= 1 SEL1= 1
                  80 Out= 1 A= 1 B= 0 C= 1 D=0 SEL0= 0 SEL1= 0
                 100 Out= 0 A= 1 B= 0 C= 1 D=0 SEL0= 0 SEL1= 1
                 120 Out= 1 A= 1 B= 0 C= 1 D=0 SEL0= 1 SEL1= 0
                 140 Out= 0 A= 1 B= 0 C= 1 D=0 SEL0= 1 SEL1= 1
$finish called from file "mux4_1_tb.v", line 45.
$finish at simulation time                  160
           V C S   S i m u l a t i o n   R e p o r t 
Time: 160 ns
CPU Time:      0.320 seconds;       Data structure size:   0.0Mb
Thu Feb  4 21:08:54 2021
