# Preference setting overrides
gui_create_pref_key -category {Globals} -key {load_detail_for_funcov} -value_type {bool} -value {false}

# State setting overrides
gui_state_default_create -off -ini
gui_set_state_value -category Globals -key recent_databases -value {{gui_open_db -file /home/users9/jp581081/526LSP21/LAB7/vcdplus.vpd -design V1} {gui_open_db -file /home/users9/jp581081/526LSP21/LAB6B/vcdplus.vpd -design V1} {gui_open_db -file /home/users9/jp581081/526LSP21/LAB6/vcdplus.vpd -design V1} {gui_open_db -file /home/users9/jp581081/526LSP21/HW_TEST/vcdplus.vpd -design V1} {gui_open_db -file /home/users9/jp581081/526LSP21/LAB5/vcdplus.vpd -design V1}}
gui_set_state_value -category Layout -key child_console_size_x -value 1439
gui_set_state_value -category Layout -key child_console_size_y -value 105
gui_set_state_value -category Layout -key child_data_size_x -value 141
gui_set_state_value -category Layout -key child_data_size_y -value 540
gui_set_state_value -category Layout -key child_hier_col3 -value {-1}
gui_set_state_value -category Layout -key child_hier_colpd -value 0
gui_set_state_value -category Layout -key child_hier_size_x -value 114
gui_set_state_value -category Layout -key child_hier_size_y -value 540
gui_set_state_value -category Layout -key child_list_down -value 551
gui_set_state_value -category Layout -key child_list_right -value 1380
gui_set_state_value -category Layout -key child_source_docknewline -value false
gui_set_state_value -category Layout -key child_source_pos_x -value {-2}
gui_set_state_value -category Layout -key child_source_pos_y -value {-15}
gui_set_state_value -category Layout -key child_source_size_x -value 1187
gui_set_state_value -category Layout -key child_source_size_y -value 535
gui_set_state_value -category Layout -key child_watch_size_x -value 1264
gui_set_state_value -category Layout -key child_watch_size_y -value 105
gui_set_state_value -category Layout -key child_wave_colname -value 127
gui_set_state_value -category Layout -key child_wave_colvalue -value 112
gui_set_state_value -category Layout -key child_wave_docknewline -value false
gui_set_state_value -category Layout -key child_wave_left -value 243
gui_set_state_value -category Layout -key child_wave_pos_x -value {-2}
gui_set_state_value -category Layout -key child_wave_pos_y -value {-15}
gui_set_state_value -category Layout -key child_wave_right -value 1287
gui_set_state_value -category Layout -key child_wave_size_x -value 1269
gui_set_state_value -category Layout -key child_wave_size_y -value 434
gui_set_state_value -category Layout -key main_pos_x -value 8
gui_set_state_value -category Layout -key main_pos_y -value 31
gui_set_state_value -category Layout -key main_size_x -value 1447
gui_set_state_value -category Layout -key main_size_y -value 775
gui_set_state_value -category Layout -key stand_list_child_docknewline -value false
gui_set_state_value -category Layout -key stand_list_child_pos_x -value {-2}
gui_set_state_value -category Layout -key stand_list_child_pos_y -value {-15}
gui_set_state_value -category Layout -key stand_list_child_size_x -value 1540
gui_set_state_value -category Layout -key stand_list_child_size_y -value 696
gui_set_state_value -category Layout -key stand_list_top_pos_x -value 0
gui_set_state_value -category Layout -key stand_list_top_pos_y -value 23
gui_set_state_value -category Layout -key stand_list_top_size_x -value 1535
gui_set_state_value -category Layout -key stand_list_top_size_y -value 823
gui_set_state_value -category Layout -key stand_wave_child_docknewline -value false
gui_set_state_value -category Layout -key stand_wave_child_pos_x -value {-2}
gui_set_state_value -category Layout -key stand_wave_child_pos_y -value {-15}
gui_set_state_value -category Layout -key stand_wave_child_size_x -value 1540
gui_set_state_value -category Layout -key stand_wave_child_size_y -value 696
gui_set_state_value -category Layout -key stand_wave_top_pos_x -value 0
gui_set_state_value -category Layout -key stand_wave_top_pos_y -value 23
gui_set_state_value -category Layout -key stand_wave_top_size_x -value 1535
gui_set_state_value -category Layout -key stand_wave_top_size_y -value 823
gui_create_state_key -category FindDialog -key m_pMatchCase -value_type bool -value false
gui_create_state_key -category FindDialog -key m_pMatchWord -value_type bool -value false
gui_create_state_key -category FindDialog -key m_pUseCombo -value_type string -value {}
gui_create_state_key -category FindDialog -key m_pWrapAround -value_type bool -value true
gui_create_state_key -category SearchDialog -key MatchCase -value_type bool -value false
gui_create_state_key -category SearchDialog -key MatchWord -value_type bool -value true
gui_create_state_key -category SearchDialog -key SearchMode -value_type string -value Wildcards
gui_create_state_key -category SearchDialog -key UseCombo -value_type bool -value true
gui_state_default_create -off

# Begin command logging
gui_open_db -file /home/users9/jp581081/526LSP21/LAB7/vcdplus.vpd -design V1
gui_src_highlight_item -id Source.1 -lfrom 31 -idxfrom 93 -fileIdFrom 0 -lto 31 -idxto 97 -fileIdTo 0 -selection {ADDR} -selectionId 1 -replace 0
gui_src_highlight_item -id Source.1 -lfrom 31 -idxfrom 98 -fileIdFrom 0 -lto 31 -idxto 104 -fileIdTo 0 -selection {CS_rom} -selectionId 2 -replace 0
gui_src_highlight_item -id Source.1 -lfrom 31 -idxfrom 105 -fileIdFrom 0 -lto 31 -idxto 111 -fileIdTo 0 -selection {OE_rom} -selectionId 3 -replace 0
gui_src_highlight_item -id Source.1 -lfrom 31 -idxfrom 112 -fileIdFrom 0 -lto 31 -idxto 120 -fileIdTo 0 -selection {DATA_rom} -selectionId 4 -replace 0
gui_open_window Wave
gui_list_add -id Wave.1 -from Source.1 { ram_tb {ram_tb.ADDR[4:0]} ram_tb.CS_rom ram_tb.OE_rom {ram_tb.DATA_rom[7:0]} } -insertionbar
gui_close_window -window TopLevel.2
gui_src_highlight_item -id Source.1 -lfrom 15 -idxfrom 7 -fileIdFrom 0 -lto 15 -idxto 13 -fileIdTo 0 -selection {ram_tb} -selectionId 5 -replace 0
gui_src_highlight_item -id Source.1 -lfrom 31 -idxfrom 93 -fileIdFrom 0 -lto 31 -idxto 97 -fileIdTo 0 -selection {ADDR} -selectionId 0 -replace 0
gui_src_highlight_item -id Source.1 -lfrom 31 -idxfrom 98 -fileIdFrom 0 -lto 31 -idxto 104 -fileIdTo 0 -selection {CS_rom} -selectionId 1 -replace 0
gui_src_highlight_item -id Source.1 -lfrom 31 -idxfrom 105 -fileIdFrom 0 -lto 31 -idxto 111 -fileIdTo 0 -selection {OE_rom} -selectionId 2 -replace 0
gui_src_highlight_item -id Source.1 -lfrom 31 -idxfrom 112 -fileIdFrom 0 -lto 31 -idxto 120 -fileIdTo 0 -selection {DATA_rom} -selectionId 3 -replace 0
gui_open_window Wave
gui_list_add -id Wave.1 -from Source.1 { {ram_tb.ADDR[4:0]} ram_tb.CS_rom ram_tb.OE_rom {ram_tb.DATA_rom[7:0]} } -insertionbar
gui_wv_scrollright -id  Wave.1  line
gui_wv_scrollright -id  Wave.1  line
gui_wv_scrollright -id  Wave.1  line
gui_wv_scrollright -id  Wave.1  line
gui_wv_scrollright -id  Wave.1  line
gui_wv_scrollright -id  Wave.1  line
gui_wv_scrollright -id  Wave.1  line
gui_wv_scrollright -id  Wave.1  line
gui_wv_scrollright -id  Wave.1  line
gui_wv_scrollright -id  Wave.1  line
gui_wv_scrollright -id  Wave.1  line
gui_wv_scrollright -id  Wave.1  line
gui_wv_scrollright -id  Wave.1  line
gui_wv_scrollright -id  Wave.1  line
gui_wv_scrollright -id  Wave.1  line
gui_wv_scrollright -id  Wave.1  line
gui_wv_scrollright -id  Wave.1  line
gui_wv_scrollright -id  Wave.1  line
gui_wv_scrollright -id  Wave.1  line
gui_wv_scrollright -id  Wave.1  line
gui_wv_scrollright -id  Wave.1  line
gui_wv_scrollright -id  Wave.1  line
gui_wv_scrollright -id  Wave.1  line
gui_wv_scrollright -id  Wave.1  line
gui_wv_scrollright -id  Wave.1  line
gui_wv_scrollright -id  Wave.1  line
gui_wv_scrollright -id  Wave.1  line
gui_wv_scrollright -id  Wave.1  line
gui_wv_scrollright -id  Wave.1  line
gui_wv_scrollright -id  Wave.1  line
gui_close_window -window TopLevel.2
gui_src_highlight_item -id Source.1 -lfrom 31 -idxfrom 121 -fileIdFrom 0 -lto 31 -idxto 127 -fileIdTo 0 -selection {CS_ram} -selectionId 4 -replace 0
gui_src_highlight_item -id Source.1 -lfrom 31 -idxfrom 128 -fileIdFrom 0 -lto 31 -idxto 134 -fileIdTo 0 -selection {OE_ram} -selectionId 5 -replace 0
gui_src_highlight_item -id Source.1 -lfrom 31 -idxfrom 135 -fileIdFrom 0 -lto 31 -idxto 141 -fileIdTo 0 -selection {WS_ram} -selectionId 6 -replace 0
gui_src_highlight_item -id Source.1 -lfrom 31 -idxfrom 142 -fileIdFrom 0 -lto 31 -idxto 150 -fileIdTo 0 -selection {DATA_ram} -selectionId 7 -replace 0
gui_open_window Wave
gui_list_add -id Wave.1 -from Source.1 { {ram_tb.ADDR[4:0]} ram_tb.CS_rom ram_tb.OE_rom {ram_tb.DATA_rom[7:0]} ram_tb.CS_ram ram_tb.OE_ram ram_tb.WS_ram {ram_tb.DATA_ram[7:0]} } -insertionbar
gui_wv_scrollright -id  Wave.1  line
gui_wv_scrollright -id  Wave.1  line
gui_wv_scrollright -id  Wave.1  line
gui_wv_scrollright -id  Wave.1  line
gui_wv_scrollright -id  Wave.1  line
gui_wv_scrollright -id  Wave.1  line
gui_wv_scrollright -id  Wave.1  line
gui_wv_scrollright -id  Wave.1  line
gui_wv_scrollright -id  Wave.1  line
gui_wv_scrollright -id  Wave.1  line
gui_wv_scrollright -id  Wave.1  line
gui_wv_scrollright -id  Wave.1  line
gui_wv_scrollright -id  Wave.1  line
gui_wv_scrollright -id  Wave.1  line
gui_wv_scrollright -id  Wave.1  line
gui_wv_scrollright -id  Wave.1  line
gui_wv_scrollright -id  Wave.1  line
gui_wv_scrollright -id  Wave.1  line
gui_wv_scrollright -id  Wave.1  line
gui_wv_scrollright -id  Wave.1  line
gui_wv_scrollright -id  Wave.1  line
gui_wv_scrollright -id  Wave.1  line
gui_wv_scrollright -id  Wave.1  line
gui_wv_scrollright -id  Wave.1  line
gui_wv_scrollright -id  Wave.1  line
gui_wv_scrollright -id  Wave.1  line
gui_wv_scrollright -id  Wave.1  line
gui_wv_scrollright -id  Wave.1  line
gui_wv_scrollright -id  Wave.1  line
gui_wv_scrollright -id  Wave.1  line
gui_wv_scrollright -id  Wave.1  line
gui_wv_scrollright -id  Wave.1  line
gui_wv_scrollright -id  Wave.1  line
gui_wv_scrollright -id  Wave.1  line
gui_wv_scrollright -id  Wave.1  line
gui_wv_scrollright -id  Wave.1  line
gui_wv_scrollright -id  Wave.1  line
gui_wv_scrollright -id  Wave.1  line
gui_wv_scrollright -id  Wave.1  line
gui_wv_scrollright -id  Wave.1  line
gui_wv_scrollright -id  Wave.1  line
gui_wv_scrollright -id  Wave.1  line
gui_wv_scrollright -id  Wave.1  line
gui_wv_scrollright -id  Wave.1  line
gui_close_window -window TopLevel.2
