# Preference setting overrides
gui_create_pref_key -category {Globals} -key {load_detail_for_funcov} -value_type {bool} -value {false}

# State setting overrides
gui_state_default_create -off -ini
gui_set_state_value -category Globals -key recent_databases -value {{gui_open_db -file /home/users9/jp581081/526LSP21/LAB4/vcdplus.vpd -design V1} {gui_open_db -file /home/users9/jp581081/526LSP21/LAB3/vcdplus.vpd -design V1} {gui_open_db -file /home/users9/jp581081/526LSP21/LAB2/vcdplus.vpd -design V1} {gui_open_db -file /home/users9/jp581081/526LSP21/LAB1/vcdplus.vpd -design V1}}
gui_set_state_value -category Layout -key child_console_size_x -value 1526
gui_set_state_value -category Layout -key child_console_size_y -value 166
gui_set_state_value -category Layout -key child_data_size_x -value 137
gui_set_state_value -category Layout -key child_data_size_y -value 566
gui_set_state_value -category Layout -key child_hier_col3 -value {-1}
gui_set_state_value -category Layout -key child_hier_colpd -value 0
gui_set_state_value -category Layout -key child_hier_size_x -value 137
gui_set_state_value -category Layout -key child_hier_size_y -value 566
gui_set_state_value -category Layout -key child_source_docknewline -value false
gui_set_state_value -category Layout -key child_source_pos_x -value {-2}
gui_set_state_value -category Layout -key child_source_pos_y -value {-15}
gui_set_state_value -category Layout -key child_source_size_x -value 1255
gui_set_state_value -category Layout -key child_source_size_y -value 561
gui_set_state_value -category Layout -key child_wave_colname -value 181
gui_set_state_value -category Layout -key child_wave_colvalue -value 181
gui_set_state_value -category Layout -key child_wave_left -value 366
gui_set_state_value -category Layout -key child_wave_right -value 894
gui_set_state_value -category Layout -key main_pos_x -value 8
gui_set_state_value -category Layout -key main_pos_y -value 31
gui_set_state_value -category Layout -key main_size_x -value 1534
gui_set_state_value -category Layout -key main_size_y -value 862
gui_set_state_value -category Layout -key stand_wave_child_docknewline -value false
gui_set_state_value -category Layout -key stand_wave_child_pos_x -value {-2}
gui_set_state_value -category Layout -key stand_wave_child_pos_y -value {-15}
gui_set_state_value -category Layout -key stand_wave_child_size_x -value 1270
gui_set_state_value -category Layout -key stand_wave_child_size_y -value 540
gui_set_state_value -category Layout -key stand_wave_top_pos_x -value 8
gui_set_state_value -category Layout -key stand_wave_top_pos_y -value 33
gui_set_state_value -category Layout -key stand_wave_top_size_x -value 1273
gui_set_state_value -category Layout -key stand_wave_top_size_y -value 677
gui_create_state_key -category FindDialog -key m_pMatchCase -value_type bool -value false
gui_create_state_key -category FindDialog -key m_pMatchWord -value_type bool -value false
gui_create_state_key -category FindDialog -key m_pUseCombo -value_type string -value {}
gui_create_state_key -category FindDialog -key m_pWrapAround -value_type bool -value true
gui_state_default_create -off

# Begin command logging
gui_open_db -file /home/users9/jp581081/526LSP21/LAB4/vcdplus.vpd -design V1
gui_list_select -id Data.1 -selected  { lab3_tb.CLK  lab3_tb.ENA  lab3_tb.RST  {lab3_tb.DATA[7:0]}  {lab3_tb.R[7:0]}   }
gui_open_window Wave
gui_list_add -id Wave.1 -from Data.1 { lab3_tb.CLK lab3_tb.ENA lab3_tb.RST {lab3_tb.DATA[7:0]} {lab3_tb.R[7:0]} } -insertionbar
gui_zoom -window Wave.1 -full
gui_find_objects -dialog_close
gui_list_select -id Wave.1 -selected  { {lab3_tb.DATA[7:0]}   }
gui_open_source -active {lab3_tb.DATA[7:0]} -activate
gui_open_source -active {lab3_tb.DATA[7:0]} -activate
gui_open_window Watch TopLevel.2
gui_wv_zoom_timerange -id  Wave.1 0 8500
gui_list_select -id Wave.1 -selected  {  }
gui_list_select -id Wave.1 -selected  { {lab3_tb.DATA[7:0]}   }
gui_list_set_selected_property -id Wave.1 -radix binary
gui_list_select -id Wave.1 -selected  { {lab3_tb.R[7:0]}   }
gui_list_set_selected_property -id Wave.1 -radix binary
gui_marker_move -id  Wave.1 C1 2142
gui_marker_move -id  Wave.1 C1 1129
gui_marker_move -id  Wave.1 C1 2000
gui_marker_move -id  Wave.1 C1 3281
gui_list_select -id Wave.1 -selected  { {New Group}   }
gui_close_window -window TopLevel.2
