# Preference setting overrides
gui_create_pref_key -category {Globals} -key {load_detail_for_funcov} -value_type {bool} -value {false}

# State setting overrides
gui_state_default_create -off -ini
gui_set_state_value -category Globals -key recent_databases -value {{gui_open_db -file /home/users9/jp581081/526LSP21/LAB5/vcdplus.vpd -design V1} {gui_open_db -file /home/users9/jp581081/526LSP21/HW_TEST/vcdplus.vpd -design V1} {gui_open_db -file /home/users9/jp581081/526LSP21/LAB4/vcdplus.vpd -design V1} {gui_open_db -file /home/users9/jp581081/526LSP21/LAB3/vcdplus.vpd -design V1} {gui_open_db -file /home/users9/jp581081/526LSP21/LAB2/vcdplus.vpd -design V1}}
gui_set_state_value -category Layout -key child_console_size_x -value 1494
gui_set_state_value -category Layout -key child_console_size_y -value 134
gui_set_state_value -category Layout -key child_data_size_x -value 105
gui_set_state_value -category Layout -key child_data_size_y -value 566
gui_set_state_value -category Layout -key child_hier_col3 -value {-1}
gui_set_state_value -category Layout -key child_hier_colpd -value 0
gui_set_state_value -category Layout -key child_hier_size_x -value 105
gui_set_state_value -category Layout -key child_hier_size_y -value 566
gui_set_state_value -category Layout -key child_source_docknewline -value false
gui_set_state_value -category Layout -key child_source_pos_x -value {-2}
gui_set_state_value -category Layout -key child_source_pos_y -value {-15}
gui_set_state_value -category Layout -key child_source_size_x -value 1287
gui_set_state_value -category Layout -key child_source_size_y -value 561
gui_set_state_value -category Layout -key child_watch_size_x -value 1264
gui_set_state_value -category Layout -key child_watch_size_y -value 105
gui_set_state_value -category Layout -key child_wave_colname -value 210
gui_set_state_value -category Layout -key child_wave_colvalue -value 210
gui_set_state_value -category Layout -key child_wave_docknewline -value false
gui_set_state_value -category Layout -key child_wave_left -value 425
gui_set_state_value -category Layout -key child_wave_pos_x -value {-2}
gui_set_state_value -category Layout -key child_wave_pos_y -value {-15}
gui_set_state_value -category Layout -key child_wave_right -value 1038
gui_set_state_value -category Layout -key child_wave_size_x -value 1269
gui_set_state_value -category Layout -key child_wave_size_y -value 434
gui_set_state_value -category Layout -key main_pos_x -value 8
gui_set_state_value -category Layout -key main_pos_y -value 31
gui_set_state_value -category Layout -key main_size_x -value 1502
gui_set_state_value -category Layout -key main_size_y -value 830
gui_set_state_value -category Layout -key stand_wave_child_docknewline -value false
gui_set_state_value -category Layout -key stand_wave_child_pos_x -value {-2}
gui_set_state_value -category Layout -key stand_wave_child_pos_y -value {-15}
gui_set_state_value -category Layout -key stand_wave_child_size_x -value 1473
gui_set_state_value -category Layout -key stand_wave_child_size_y -value 672
gui_set_state_value -category Layout -key stand_wave_top_pos_x -value 8
gui_set_state_value -category Layout -key stand_wave_top_pos_y -value 31
gui_set_state_value -category Layout -key stand_wave_top_size_x -value 1476
gui_set_state_value -category Layout -key stand_wave_top_size_y -value 807
gui_create_state_key -category FindDialog -key m_pMatchCase -value_type bool -value false
gui_create_state_key -category FindDialog -key m_pMatchWord -value_type bool -value false
gui_create_state_key -category FindDialog -key m_pUseCombo -value_type string -value {}
gui_create_state_key -category FindDialog -key m_pWrapAround -value_type bool -value true
gui_create_state_key -category SearchDialog -key MatchCase -value_type bool -value false
gui_create_state_key -category SearchDialog -key MatchWord -value_type bool -value true
gui_create_state_key -category SearchDialog -key SearchMode -value_type string -value Wildcards
gui_create_state_key -category SearchDialog -key UseCombo -value_type bool -value true
gui_state_default_create -off

# Begin command logging
gui_open_db -file /home/users9/jp581081/526LSP21/LAB5/vcdplus.vpd -design V1
gui_src_highlight_item -id Source.1 -lfrom 19 -idxfrom 108 -fileIdFrom 0 -lto 19 -idxto 111 -fileIdTo 0 -selection {CLK} -selectionId 1 -replace 0
gui_src_highlight_item -id Source.1 -lfrom 19 -idxfrom 118 -fileIdFrom 0 -lto 19 -idxto 121 -fileIdTo 0 -selection {RST} -selectionId 2 -replace 0
gui_src_highlight_item -id Source.1 -lfrom 19 -idxfrom 113 -fileIdFrom 0 -lto 19 -idxto 116 -fileIdTo 0 -selection {ENA} -selectionId 3 -replace 0
gui_src_highlight_item -id Source.1 -lfrom 19 -idxfrom 123 -fileIdFrom 0 -lto 19 -idxto 127 -fileIdTo 0 -selection {LOAD} -selectionId 4 -replace 0
gui_src_highlight_item -id Source.1 -lfrom 19 -idxfrom 129 -fileIdFrom 0 -lto 19 -idxto 133 -fileIdTo 0 -selection {DATA} -selectionId 5 -replace 0
gui_src_highlight_item -id Source.1 -lfrom 19 -idxfrom 141 -fileIdFrom 0 -lto 19 -idxto 144 -fileIdTo 0 -selection {CNT} -selectionId 6 -replace 0
gui_open_window Wave
gui_list_add -id Wave.1 -from Source.1 { tb_TOP_Counter tb_TOP_Counter.CLK tb_TOP_Counter.RST tb_TOP_Counter.ENA tb_TOP_Counter.LOAD {tb_TOP_Counter.DATA[7:0]} {tb_TOP_Counter.CNT[7:0]} } -insertionbar
gui_close_window -window TopLevel.2
gui_open_window Wave
gui_list_add -id Wave.1 -from Source.1 { tb_TOP_Counter tb_TOP_Counter.CLK tb_TOP_Counter.RST tb_TOP_Counter.ENA tb_TOP_Counter.LOAD {tb_TOP_Counter.DATA[7:0]} {tb_TOP_Counter.CNT[7:0]} } -insertionbar
gui_close_window -window TopLevel.2
gui_open_window Wave
gui_list_add -id Wave.1 -from Source.1 { tb_TOP_Counter tb_TOP_Counter.CLK tb_TOP_Counter.RST tb_TOP_Counter.ENA tb_TOP_Counter.LOAD {tb_TOP_Counter.DATA[7:0]} {tb_TOP_Counter.CNT[7:0]} } -insertionbar
gui_list_select -id Wave.1 -selected  { {tb_TOP_Counter.CNT[7:0]}   }
gui_scroll -window Wave.1 -vrel .2
gui_delete_selected -id  Wave.1
gui_list_select -id Wave.1 -selected  { {tb_TOP_Counter.DATA[7:0]}   }
gui_delete_selected -id  Wave.1
gui_list_select -id Wave.1 -selected  { tb_TOP_Counter.CLK   }
gui_delete_selected -id  Wave.1
gui_list_select -id Wave.1 -selected  { tb_TOP_Counter.LOAD   }
gui_delete_selected -id  Wave.1
gui_list_select -id Wave.1 -selected  { tb_TOP_Counter.ENA   }
gui_delete_selected -id  Wave.1
gui_list_select -id Wave.1 -selected  { tb_TOP_Counter.RST   }
gui_delete_selected -id  Wave.1
gui_list_select -id Wave.1 -selected  { tb_TOP_Counter.CLK   }
gui_set_time_units 10ns
gui_set_time_units 1ns
gui_marker_move -id  Wave.1 C1 10
gui_wv_zoom_timerange -id  Wave.1 0 400
gui_wv_scroll_hslidermove -id  Wave.1 365
gui_marker_move -id  Wave.1 C1 370
gui_wv_scroll_hslidermove -id  Wave.1 660
gui_marker_move -id  Wave.1 C1 440
gui_wv_scroll_hslidermove -id  Wave.1 0
gui_marker_move -id  Wave.1 C1 10
gui_wv_scrollright -id  Wave.1  line
gui_wv_scrollright -id  Wave.1  line
gui_wv_scrollright -id  Wave.1  line
gui_wv_scrollright -id  Wave.1  line
gui_wv_scrollright -id  Wave.1  line
gui_wv_scrollright -id  Wave.1  line
gui_wv_scrollright -id  Wave.1  line
gui_wv_scrollright -id  Wave.1  line
gui_wv_scrollright -id  Wave.1  line
gui_marker_move -id  Wave.1 C1 370
gui_wv_scrollright -id  Wave.1  line
gui_wv_scrollright -id  Wave.1  line
gui_wv_scrollright -id  Wave.1  line
gui_wv_scrollright -id  Wave.1  line
gui_wv_scrollright -id  Wave.1  line
gui_wv_scrollright -id  Wave.1  line
gui_wv_scrollright -id  Wave.1  line
gui_wv_scrollright -id  Wave.1  line
gui_wv_scrollright -id  Wave.1  line
gui_wv_scrollright -id  Wave.1  line
gui_wv_scrollleft -id  Wave.1  line
gui_marker_move -id  Wave.1 C1 440
gui_wv_scrollright -id  Wave.1  line
gui_wv_scrollright -id  Wave.1  line
gui_wv_scrollright -id  Wave.1  line
gui_wv_scrollright -id  Wave.1  line
gui_list_select -id Wave.1 -selected  { {tb_TOP_Counter.CNT[7:0]}   }
gui_list_set_selected_property -id Wave.1 -radix binary
gui_list_select -id Wave.1 -selected  { {tb_TOP_Counter.DATA[7:0]}   }
gui_list_set_selected_property -id Wave.1 -radix binary
gui_wv_scrollleft -id  Wave.1  line
gui_marker_move -id  Wave.1 C1 370
gui_wv_scroll_hslidermove -id  Wave.1 0
gui_marker_move -id  Wave.1 C1 10
gui_list_set_selected_property -id Wave.1 -radix decimal
gui_list_select -id Wave.1 -selected  { {tb_TOP_Counter.CNT[7:0]}   }
gui_list_set_selected_property -id Wave.1 -radix decimal
gui_set_time 370 -id TopLevel.2
gui_wv_scroll_hslidermove -id  Wave.1 1108
gui_wv_scrollleft -id  Wave.1  line
gui_wv_scrollright -id  Wave.1  line
gui_wv_scrollright -id  Wave.1  line
gui_wv_scrollright -id  Wave.1  line
gui_wv_scrollright -id  Wave.1  line
gui_wv_scrollright -id  Wave.1  line
gui_wv_scrollright -id  Wave.1  line
gui_wv_scrollright -id  Wave.1  line
gui_wv_scrollright -id  Wave.1  line
gui_wv_scrollright -id  Wave.1  line
gui_wv_scrollright -id  Wave.1  line
gui_wv_scrollright -id  Wave.1  line
gui_wv_scrollright -id  Wave.1  line
gui_wv_scrollright -id  Wave.1  line
gui_wv_scrollright -id  Wave.1  line
gui_wv_scrollright -id  Wave.1  line
gui_wv_scrollright -id  Wave.1  line
gui_wv_scrollright -id  Wave.1  line
gui_wv_scrollright -id  Wave.1  line
gui_wv_scrollright -id  Wave.1  line
gui_wv_scrollright -id  Wave.1  line
gui_wv_scrollright -id  Wave.1  line
gui_wv_scrollright -id  Wave.1  line
gui_wv_scrollright -id  Wave.1  line
gui_wv_scrollright -id  Wave.1  line
gui_wv_scrollleft -id  Wave.1  line
gui_marker_move -id  Wave.1 C1 440
gui_wv_scrollright -id  Wave.1  line
gui_wv_scrollright -id  Wave.1  line
gui_wv_scrollright -id  Wave.1  line
gui_wv_scrollright -id  Wave.1  line
gui_wv_scrollright -id  Wave.1  line
gui_wv_scrollright -id  Wave.1  line
gui_wv_scrollright -id  Wave.1  line
gui_wv_scrollright -id  Wave.1  line
gui_wv_scrollright -id  Wave.1  line
gui_wv_scrollright -id  Wave.1  line
gui_wv_scrollright -id  Wave.1  line
gui_wv_scrollright -id  Wave.1  line
gui_wv_scroll_hslidermove -id  Wave.1 1108
gui_wv_scrollright -id  Wave.1  line
gui_wv_scrollright -id  Wave.1  line
gui_wv_scrollright -id  Wave.1  line
gui_wv_scrollright -id  Wave.1  line
gui_wv_scrollright -id  Wave.1  line
gui_wv_scrollright -id  Wave.1  line
gui_wv_scrollright -id  Wave.1  line
gui_wv_scroll_hslidermove -id  Wave.1 0
gui_wv_scrollright -id  Wave.1  line
gui_marker_move -id  Wave.1 C1 30
gui_marker_create -id  Wave.1 M1 210
gui_wv_scrollright -id  Wave.1  line
gui_wv_scrollright -id  Wave.1  line
gui_wv_scrollright -id  Wave.1  line
gui_wv_scrollright -id  Wave.1  line
gui_wv_scrollright -id  Wave.1  line
gui_wv_scrollright -id  Wave.1  line
gui_wv_scrollright -id  Wave.1  line
gui_wv_scrollright -id  Wave.1  line
gui_wv_scrollright -id  Wave.1  line
gui_marker_move -id  Wave.1 C1 230
gui_marker_select -id  Wave.1 { M1 }
gui_marker_move -id  Wave.1 M1 370
gui_wv_scrollright -id  Wave.1  line
gui_marker_create -id  Wave.1 M2 310
gui_marker_create -id  Wave.1 M3 330
gui_seek_previous -id Wave.1 -number 1
gui_marker_delete -id Wave.1 M3
gui_marker_delete -id Wave.1 M2
gui_wv_scrollright -id  Wave.1  line
gui_wv_scrollright -id  Wave.1  page
gui_wv_scrollright -id  Wave.1  line
gui_wv_scrollleft -id  Wave.1  line
gui_wv_scrollleft -id  Wave.1  line
gui_wv_scrollleft -id  Wave.1  line
gui_wv_scrollleft -id  Wave.1  line
gui_wv_scrollright -id  Wave.1  line
gui_wv_scrollright -id  Wave.1  line
gui_marker_move -id  Wave.1 M1 538
gui_marker_move -id  Wave.1 C1 370
gui_marker_move -id  Wave.1 C1 570
gui_set_time 490 -id TopLevel.2
gui_set_time 370 -id TopLevel.2
gui_wv_scrollright -id  Wave.1  line
gui_set_time 490 -id TopLevel.2
gui_wv_scrollright -id  Wave.1  line
gui_wv_scrollright -id  Wave.1  line
gui_wv_scrollright -id  Wave.1  line
gui_wv_scrollright -id  Wave.1  line
gui_wv_scrollright -id  Wave.1  line
gui_zoom -window Wave.1 -factor 2
gui_link_wave_window -link -id Wave.1
gui_wv_scrollright -id  Wave.1  line
gui_wv_scrollright -id  Wave.1  line
gui_wv_scrollright -id  Wave.1  line
gui_wv_scrollright -id  Wave.1  line
gui_wv_scrollright -id  Wave.1  line
gui_wv_scrollright -id  Wave.1  line
gui_wv_scrollright -id  Wave.1  line
gui_wv_scrollright -id  Wave.1  line
gui_wv_scrollright -id  Wave.1  line
gui_wv_scrollleft -id  Wave.1  line
gui_wv_scrollleft -id  Wave.1  line
gui_wv_scrollleft -id  Wave.1  page
gui_wv_scrollleft -id  Wave.1  page
gui_wv_scroll_hslidermove -id  Wave.1 1897
gui_wv_scrollright -id  Wave.1  line
gui_wv_scrollright -id  Wave.1  page
gui_wv_scrollright -id  Wave.1  line
gui_wv_scrollright -id  Wave.1  line
gui_wv_scrollright -id  Wave.1  line
gui_wv_scrollright -id  Wave.1  line
gui_wv_scrollright -id  Wave.1  line
gui_wv_scrollright -id  Wave.1  line
gui_wv_scrollright -id  Wave.1  line
gui_wv_scrollright -id  Wave.1  line
gui_wv_scrollright -id  Wave.1  line
gui_wv_scrollright -id  Wave.1  line
gui_wv_scrollright -id  Wave.1  line
gui_wv_scrollright -id  Wave.1  line
gui_wv_scrollright -id  Wave.1  line
gui_wv_scrollright -id  Wave.1  line
gui_wv_scrollright -id  Wave.1  line
gui_wv_scrollright -id  Wave.1  line
gui_wv_scrollright -id  Wave.1  line
gui_marker_move -id  Wave.1 M1 550
gui_set_time 690 -id TopLevel.2
gui_zoom -window Wave.1 -factor 2
gui_wv_scrollright -id  Wave.1  line
gui_wv_scrollright -id  Wave.1  line
gui_wv_scrollright -id  Wave.1  line
gui_wv_scrollright -id  Wave.1  line
gui_wv_scrollright -id  Wave.1  line
gui_wv_scrollright -id  Wave.1  line
gui_wv_scrollright -id  Wave.1  line
gui_wv_scrollright -id  Wave.1  line
gui_set_time 730 -id TopLevel.2
gui_close_window -window TopLevel.2
gui_open_window Wave
gui_list_add -id Wave.1 -from Source.1 { tb_TOP_Counter tb_TOP_Counter.CLK tb_TOP_Counter.RST tb_TOP_Counter.ENA tb_TOP_Counter.LOAD {tb_TOP_Counter.DATA[7:0]} {tb_TOP_Counter.CNT[7:0]} } -insertionbar
gui_wv_zoom_timerange -id  Wave.1 0 355
gui_list_select -id Wave.1 -selected  { {tb_TOP_Counter.CNT[7:0]}   }
gui_delete_selected -id  Wave.1
gui_list_select -id Wave.1 -selected  { {tb_TOP_Counter.DATA[7:0]}   }
gui_delete_selected -id  Wave.1
gui_list_select -id Wave.1 -selected  { tb_TOP_Counter.CLK   }
gui_delete_selected -id  Wave.1
gui_list_select -id Wave.1 -selected  { tb_TOP_Counter.LOAD   }
gui_delete_selected -id  Wave.1
gui_list_select -id Wave.1 -selected  { tb_TOP_Counter.ENA   }
gui_delete_selected -id  Wave.1
gui_list_select -id Wave.1 -selected  { tb_TOP_Counter.RST   }
gui_delete_selected -id  Wave.1
gui_list_select -id Wave.1 -selected  { tb_TOP_Counter.CLK   }
gui_zoom -window Wave.1 -full
gui_set_time 0 -id TopLevel.2
gui_close_window -window TopLevel.2
