# Preference setting overrides
gui_create_pref_key -category {Globals} -key {load_detail_for_funcov} -value_type {bool} -value {false}

# State setting overrides
gui_state_default_create -off -ini
gui_set_state_value -category Globals -key recent_databases -value {{gui_open_db -file /home/users9/jp581081/526LSP21/LAB3/vcdplus.vpd -design V1} {gui_open_db -file /home/users9/jp581081/526LSP21/LAB2/vcdplus.vpd -design V1} {gui_open_db -file /home/users9/jp581081/526LSP21/LAB1/vcdplus.vpd -design V1}}
gui_set_state_value -category Layout -key child_console_size_x -value 1535
gui_set_state_value -category Layout -key child_console_size_y -value 175
gui_set_state_value -category Layout -key child_data_size_x -value 146
gui_set_state_value -category Layout -key child_data_size_y -value 566
gui_set_state_value -category Layout -key child_hier_col3 -value {-1}
gui_set_state_value -category Layout -key child_hier_colpd -value 0
gui_set_state_value -category Layout -key child_hier_size_x -value 146
gui_set_state_value -category Layout -key child_hier_size_y -value 566
gui_set_state_value -category Layout -key child_source_docknewline -value false
gui_set_state_value -category Layout -key child_source_pos_x -value {-2}
gui_set_state_value -category Layout -key child_source_pos_y -value {-15}
gui_set_state_value -category Layout -key child_source_size_x -value 1246
gui_set_state_value -category Layout -key child_source_size_y -value 561
gui_set_state_value -category Layout -key child_wave_colname -value 182
gui_set_state_value -category Layout -key child_wave_colvalue -value 182
gui_set_state_value -category Layout -key child_wave_left -value 368
gui_set_state_value -category Layout -key child_wave_right -value 898
gui_set_state_value -category Layout -key main_pos_x -value 0
gui_set_state_value -category Layout -key main_pos_y -value 23
gui_set_state_value -category Layout -key main_size_x -value 1535
gui_set_state_value -category Layout -key main_size_y -value 863
gui_set_state_value -category Layout -key stand_wave_child_docknewline -value false
gui_set_state_value -category Layout -key stand_wave_child_pos_x -value {-2}
gui_set_state_value -category Layout -key stand_wave_child_pos_y -value {-15}
gui_set_state_value -category Layout -key stand_wave_child_size_x -value 1276
gui_set_state_value -category Layout -key stand_wave_child_size_y -value 546
gui_set_state_value -category Layout -key stand_wave_top_pos_x -value 2
gui_set_state_value -category Layout -key stand_wave_top_pos_y -value 33
gui_set_state_value -category Layout -key stand_wave_top_size_x -value 1273
gui_set_state_value -category Layout -key stand_wave_top_size_y -value 683
gui_create_state_key -category FindDialog -key m_pMatchCase -value_type bool -value false
gui_create_state_key -category FindDialog -key m_pMatchWord -value_type bool -value false
gui_create_state_key -category FindDialog -key m_pUseCombo -value_type string -value {}
gui_create_state_key -category FindDialog -key m_pWrapAround -value_type bool -value true
gui_state_default_create -off

# Begin command logging
gui_open_db -file /home/users9/jp581081/526LSP21/LAB3/vcdplus.vpd -design V1
gui_list_select -id Data.1 -selected  { lab3_tb.Qnot   }
gui_list_select -id Data.1 -selected  {  }
gui_list_select -id Data.1 -selected  { lab3_tb.clock   }
gui_list_select -id Data.1 -selected  { lab3_tb.clock  lab3_tb.data  lab3_tb.clear  lab3_tb.Q  lab3_tb.Qnot   }
gui_open_window Wave
gui_list_add -id Wave.1 -from Data.1 { lab3_tb.clock lab3_tb.data lab3_tb.clear lab3_tb.Q lab3_tb.Qnot } -insertionbar
gui_zoom -window Wave.1 -full
gui_set_time_units 1ns
gui_marker_move -id  Wave.1 C1 55
gui_marker_move -id  Wave.1 C1 20
gui_marker_move -id  Wave.1 C1 140
gui_marker_move -id  Wave.1 C1 158.1
gui_marker_move -id  Wave.1 C1 5
gui_marker_move -id  Wave.1 C1 23.1
gui_marker_move -id  Wave.1 C1 55
gui_marker_move -id  Wave.1 C1 20
gui_marker_move -id  Wave.1 C1 5
gui_marker_move -id  Wave.1 C1 48.7
gui_marker_move -id  Wave.1 C1 5
gui_wv_zoom_timerange -id  Wave.1 0 437
gui_wv_zoom_timerange -id  Wave.1 0 445.3
gui_zoom -window Wave.1 -full
gui_marker_create -id  Wave.1 M1 23.1
gui_marker_select -id  Wave.1 { M1 }
gui_marker_move -id  Wave.1 M1 70.6
gui_marker_move -id  Wave.1 C1 55
gui_marker_move -id  Wave.1 C1 5
gui_marker_move -id  Wave.1 C1 23.1
gui_marker_move -id  Wave.1 M1 73.3
gui_marker_move -id  Wave.1 C1 55
gui_zoom -window Wave.1 -factor 2
gui_wv_scroll_hslidermove -id  Wave.1 276
gui_marker_move -id  Wave.1 C1 105
gui_marker_move -id  Wave.1 M1 120.1
gui_marker_move -id  Wave.1 C1 129.5
gui_marker_move -id  Wave.1 C1 105
gui_marker_create -id  Wave.1 M2 131.5
gui_marker_unselect -id  Wave.1 { M1 }
gui_marker_select -id  Wave.1 { C1 }
gui_marker_move -id  Wave.1 C1 117.3
gui_marker_move -id  Wave.1 C1 119.9
gui_marker_unselect -id  Wave.1 { C1 }
gui_marker_select -id  Wave.1 { M2 }
gui_marker_move -id  Wave.1 M2 138
gui_marker_move -id  Wave.1 C1 105
gui_wv_scroll_hslidermove -id  Wave.1 534
gui_marker_move -id  Wave.1 M2 158.1
gui_marker_unselect -id  Wave.1 { M2 }
gui_marker_select -id  Wave.1 { M1 }
gui_marker_move -id  Wave.1 M1 140
gui_wv_scroll_hslidermove -id  Wave.1 645
gui_wv_scrollright -id  Wave.1  line
gui_wv_scrollright -id  Wave.1  line
gui_marker_create -id  Wave.1 M3 163.9
gui_marker_delete -id Wave.1 M2
gui_marker_move -id  Wave.1 C1 160
gui_wv_scrollright -id  Wave.1  line
gui_wv_scrollright -id  Wave.1  line
gui_marker_unselect -id  Wave.1 { M1 }
gui_marker_select -id  Wave.1 { M3 }
gui_marker_move -id  Wave.1 M3 177.2
gui_marker_move -id  Wave.1 M3 181.5
gui_marker_move -id  Wave.1 C1 180
gui_marker_move -id  Wave.1 M3 203.6
gui_wv_scrollright -id  Wave.1  line
gui_wv_scrollright -id  Wave.1  line
gui_wv_scrollright -id  Wave.1  line
gui_wv_scroll_hslidermove -id  Wave.1 1070
gui_wv_scrollleft -id  Wave.1  line
gui_close_window -window TopLevel.2
