Command: /home/users9/jp581081/526LSP21/LAB8/./simv -l signed.log
Chronologic VCS simulator copyright 1991-2017
Contains Synopsys proprietary information.
Compiler version N-2017.12-SP2-2_Full64; Runtime version N-2017.12-SP2-2_Full64;  Apr 21 21:49 2021
VCD+ Writer N-2017.12-SP2-2_Full64 Copyright (c) 1991-2017 by Synopsys Inc.
Addition
                   0:A=00000011,  3 B=00000010,  2 OPCODE= 2 OutputEnable=1 ALU_ENABLE=1 | ALU_OUT=xxxxxxxx,OUT_num=  x | OF=x SF=x ZF=x CF=x
                   5:A=00000011,  3 B=00000010,  2 OPCODE= 2 OutputEnable=1 ALU_ENABLE=1 | ALU_OUT=00000101,OUT_num=  5 | OF=0 SF=0 ZF=0 CF=0
Subtraction
                  10:A=00000011,  3 B=00000010,  2 OPCODE= 3 OutputEnable=1 ALU_ENABLE=1 | ALU_OUT=00000101,OUT_num=  5 | OF=0 SF=0 ZF=0 CF=0
                  15:A=00000011,  3 B=00000010,  2 OPCODE= 3 OutputEnable=1 ALU_ENABLE=1 | ALU_OUT=00000001,OUT_num=  1 | OF=0 SF=0 ZF=0 CF=0
And Operation
                  20:A=00000011,  3 B=00000010,  2 OPCODE= 4 OutputEnable=1 ALU_ENABLE=1 | ALU_OUT=00000001,OUT_num=  1 | OF=0 SF=0 ZF=0 CF=0
                  25:A=00000011,  3 B=00000010,  2 OPCODE= 4 OutputEnable=1 ALU_ENABLE=1 | ALU_OUT=00000010,OUT_num=  2 | OF=0 SF=0 ZF=0 CF=0
Or Operation
                  30:A=00000011,  3 B=00000010,  2 OPCODE= 5 OutputEnable=1 ALU_ENABLE=1 | ALU_OUT=00000010,OUT_num=  2 | OF=0 SF=0 ZF=0 CF=0
                  35:A=00000011,  3 B=00000010,  2 OPCODE= 5 OutputEnable=1 ALU_ENABLE=1 | ALU_OUT=00000011,OUT_num=  3 | OF=0 SF=0 ZF=0 CF=0
Xor Operation
                  40:A=00000011,  3 B=00000010,  2 OPCODE= 6 OutputEnable=1 ALU_ENABLE=1 | ALU_OUT=00000011,OUT_num=  3 | OF=0 SF=0 ZF=0 CF=0
                  45:A=00000011,  3 B=00000010,  2 OPCODE= 6 OutputEnable=1 ALU_ENABLE=1 | ALU_OUT=00000001,OUT_num=  1 | OF=0 SF=0 ZF=0 CF=0
Not A
                  50:A=00000011,  3 B=00000010,  2 OPCODE= 7 OutputEnable=1 ALU_ENABLE=1 | ALU_OUT=00000001,OUT_num=  1 | OF=0 SF=0 ZF=0 CF=0
                  55:A=00000011,  3 B=00000010,  2 OPCODE= 7 OutputEnable=1 ALU_ENABLE=1 | ALU_OUT=11111100,OUT_num=124 | OF=0 SF=0 ZF=0 CF=0
Addition
                  60:A=00000010,  2 B=00000011,  3 OPCODE= 2 OutputEnable=1 ALU_ENABLE=1 | ALU_OUT=11111100,OUT_num=124 | OF=0 SF=0 ZF=0 CF=0
                  65:A=00000010,  2 B=00000011,  3 OPCODE= 2 OutputEnable=1 ALU_ENABLE=1 | ALU_OUT=00000101,OUT_num=  5 | OF=0 SF=0 ZF=0 CF=0
Subtraction
                  70:A=00000010,  2 B=00000011,  3 OPCODE= 3 OutputEnable=1 ALU_ENABLE=1 | ALU_OUT=00000101,OUT_num=  5 | OF=0 SF=0 ZF=0 CF=0
                  75:A=00000010,  2 B=00000011,  3 OPCODE= 3 OutputEnable=1 ALU_ENABLE=1 | ALU_OUT=10000001,OUT_num=  1 | OF=0 SF=1 ZF=0 CF=0
And Operation
                  80:A=00000010,  2 B=00000011,  3 OPCODE= 4 OutputEnable=1 ALU_ENABLE=1 | ALU_OUT=10000001,OUT_num=  1 | OF=0 SF=1 ZF=0 CF=0
                  85:A=00000010,  2 B=00000011,  3 OPCODE= 4 OutputEnable=1 ALU_ENABLE=1 | ALU_OUT=00000010,OUT_num=  2 | OF=0 SF=0 ZF=0 CF=0
Or Operation
                  90:A=00000010,  2 B=00000011,  3 OPCODE= 5 OutputEnable=1 ALU_ENABLE=1 | ALU_OUT=00000010,OUT_num=  2 | OF=0 SF=0 ZF=0 CF=0
                  95:A=00000010,  2 B=00000011,  3 OPCODE= 5 OutputEnable=1 ALU_ENABLE=1 | ALU_OUT=00000011,OUT_num=  3 | OF=0 SF=0 ZF=0 CF=0
Xor Operation
                 100:A=00000010,  2 B=00000011,  3 OPCODE= 6 OutputEnable=1 ALU_ENABLE=1 | ALU_OUT=00000011,OUT_num=  3 | OF=0 SF=0 ZF=0 CF=0
                 105:A=00000010,  2 B=00000011,  3 OPCODE= 6 OutputEnable=1 ALU_ENABLE=1 | ALU_OUT=00000001,OUT_num=  1 | OF=0 SF=0 ZF=0 CF=0
Not A
                 110:A=00000010,  2 B=00000011,  3 OPCODE= 7 OutputEnable=1 ALU_ENABLE=1 | ALU_OUT=00000001,OUT_num=  1 | OF=0 SF=0 ZF=0 CF=0
                 115:A=00000010,  2 B=00000011,  3 OPCODE= 7 OutputEnable=1 ALU_ENABLE=1 | ALU_OUT=11111101,OUT_num=125 | OF=0 SF=0 ZF=0 CF=0
Addition
                 120:A=00000011,  3 B=00000011,  3 OPCODE= 2 OutputEnable=1 ALU_ENABLE=1 | ALU_OUT=11111101,OUT_num=125 | OF=0 SF=0 ZF=0 CF=0
                 125:A=00000011,  3 B=00000011,  3 OPCODE= 2 OutputEnable=1 ALU_ENABLE=1 | ALU_OUT=00000110,OUT_num=  6 | OF=0 SF=0 ZF=0 CF=0
Subtraction
                 130:A=00000011,  3 B=00000011,  3 OPCODE= 3 OutputEnable=1 ALU_ENABLE=1 | ALU_OUT=00000110,OUT_num=  6 | OF=0 SF=0 ZF=0 CF=0
                 135:A=00000011,  3 B=00000011,  3 OPCODE= 3 OutputEnable=1 ALU_ENABLE=1 | ALU_OUT=00000000,OUT_num=  0 | OF=0 SF=0 ZF=1 CF=0
And Operation
                 140:A=00000011,  3 B=00000011,  3 OPCODE= 4 OutputEnable=1 ALU_ENABLE=1 | ALU_OUT=00000000,OUT_num=  0 | OF=0 SF=0 ZF=1 CF=0
                 145:A=00000011,  3 B=00000011,  3 OPCODE= 4 OutputEnable=1 ALU_ENABLE=1 | ALU_OUT=00000011,OUT_num=  3 | OF=0 SF=0 ZF=0 CF=0
Or Operation
                 150:A=00000011,  3 B=00000011,  3 OPCODE= 5 OutputEnable=1 ALU_ENABLE=1 | ALU_OUT=00000011,OUT_num=  3 | OF=0 SF=0 ZF=0 CF=0
Xor Operation
                 160:A=00000011,  3 B=00000011,  3 OPCODE= 6 OutputEnable=1 ALU_ENABLE=1 | ALU_OUT=00000011,OUT_num=  3 | OF=0 SF=0 ZF=0 CF=0
                 165:A=00000011,  3 B=00000011,  3 OPCODE= 6 OutputEnable=1 ALU_ENABLE=1 | ALU_OUT=00000000,OUT_num=  0 | OF=0 SF=0 ZF=1 CF=0
Not A
                 170:A=00000011,  3 B=00000011,  3 OPCODE= 7 OutputEnable=1 ALU_ENABLE=1 | ALU_OUT=00000000,OUT_num=  0 | OF=0 SF=0 ZF=1 CF=0
                 175:A=00000011,  3 B=00000011,  3 OPCODE= 7 OutputEnable=1 ALU_ENABLE=1 | ALU_OUT=11111100,OUT_num=124 | OF=0 SF=0 ZF=0 CF=0
Addition
                 180:A=01111111,127 B=00000010,  2 OPCODE= 2 OutputEnable=1 ALU_ENABLE=1 | ALU_OUT=11111100,OUT_num=124 | OF=0 SF=0 ZF=0 CF=0
                 185:A=01111111,127 B=00000010,  2 OPCODE= 2 OutputEnable=1 ALU_ENABLE=1 | ALU_OUT=00000001,OUT_num=  1 | OF=1 SF=0 ZF=0 CF=0
Subtraction
                 190:A=01111111,127 B=00000010,  2 OPCODE= 3 OutputEnable=1 ALU_ENABLE=1 | ALU_OUT=00000001,OUT_num=  1 | OF=1 SF=0 ZF=0 CF=0
                 195:A=01111111,127 B=00000010,  2 OPCODE= 3 OutputEnable=1 ALU_ENABLE=1 | ALU_OUT=01111101,OUT_num=125 | OF=0 SF=0 ZF=0 CF=0
And Operation
                 200:A=01111111,127 B=00000010,  2 OPCODE= 4 OutputEnable=1 ALU_ENABLE=1 | ALU_OUT=01111101,OUT_num=125 | OF=0 SF=0 ZF=0 CF=0
                 205:A=01111111,127 B=00000010,  2 OPCODE= 4 OutputEnable=1 ALU_ENABLE=1 | ALU_OUT=00000010,OUT_num=  2 | OF=0 SF=0 ZF=0 CF=0
Or Operation
                 210:A=01111111,127 B=00000010,  2 OPCODE= 5 OutputEnable=1 ALU_ENABLE=1 | ALU_OUT=00000010,OUT_num=  2 | OF=0 SF=0 ZF=0 CF=0
                 215:A=01111111,127 B=00000010,  2 OPCODE= 5 OutputEnable=1 ALU_ENABLE=1 | ALU_OUT=01111111,OUT_num=127 | OF=0 SF=0 ZF=0 CF=0
Xor Operation
                 220:A=01111111,127 B=00000010,  2 OPCODE= 6 OutputEnable=1 ALU_ENABLE=1 | ALU_OUT=01111111,OUT_num=127 | OF=0 SF=0 ZF=0 CF=0
                 225:A=01111111,127 B=00000010,  2 OPCODE= 6 OutputEnable=1 ALU_ENABLE=1 | ALU_OUT=01111101,OUT_num=125 | OF=0 SF=0 ZF=0 CF=0
Not A
                 230:A=01111111,127 B=00000010,  2 OPCODE= 7 OutputEnable=1 ALU_ENABLE=1 | ALU_OUT=01111101,OUT_num=125 | OF=0 SF=0 ZF=0 CF=0
                 235:A=01111111,127 B=00000010,  2 OPCODE= 7 OutputEnable=1 ALU_ENABLE=1 | ALU_OUT=10000000,OUT_num=  0 | OF=0 SF=0 ZF=1 CF=0
Addition
                 240:A=00000010,  2 B=01111111,127 OPCODE= 2 OutputEnable=1 ALU_ENABLE=1 | ALU_OUT=10000000,OUT_num=  0 | OF=0 SF=0 ZF=1 CF=0
                 245:A=00000010,  2 B=01111111,127 OPCODE= 2 OutputEnable=1 ALU_ENABLE=1 | ALU_OUT=00000001,OUT_num=  1 | OF=1 SF=0 ZF=0 CF=0
Subtraction
                 250:A=00000010,  2 B=01111111,127 OPCODE= 3 OutputEnable=1 ALU_ENABLE=1 | ALU_OUT=00000001,OUT_num=  1 | OF=1 SF=0 ZF=0 CF=0
                 255:A=00000010,  2 B=01111111,127 OPCODE= 3 OutputEnable=1 ALU_ENABLE=1 | ALU_OUT=11111101,OUT_num=125 | OF=0 SF=1 ZF=0 CF=0
And Operation
                 260:A=00000010,  2 B=01111111,127 OPCODE= 4 OutputEnable=1 ALU_ENABLE=1 | ALU_OUT=11111101,OUT_num=125 | OF=0 SF=1 ZF=0 CF=0
                 265:A=00000010,  2 B=01111111,127 OPCODE= 4 OutputEnable=1 ALU_ENABLE=1 | ALU_OUT=00000010,OUT_num=  2 | OF=0 SF=0 ZF=0 CF=0
Or Operation
                 270:A=00000010,  2 B=01111111,127 OPCODE= 5 OutputEnable=1 ALU_ENABLE=1 | ALU_OUT=00000010,OUT_num=  2 | OF=0 SF=0 ZF=0 CF=0
                 275:A=00000010,  2 B=01111111,127 OPCODE= 5 OutputEnable=1 ALU_ENABLE=1 | ALU_OUT=01111111,OUT_num=127 | OF=0 SF=0 ZF=0 CF=0
Xor Operation
                 280:A=00000010,  2 B=01111111,127 OPCODE= 6 OutputEnable=1 ALU_ENABLE=1 | ALU_OUT=01111111,OUT_num=127 | OF=0 SF=0 ZF=0 CF=0
                 285:A=00000010,  2 B=01111111,127 OPCODE= 6 OutputEnable=1 ALU_ENABLE=1 | ALU_OUT=01111101,OUT_num=125 | OF=0 SF=0 ZF=0 CF=0
Not A
                 290:A=00000010,  2 B=01111111,127 OPCODE= 7 OutputEnable=1 ALU_ENABLE=1 | ALU_OUT=01111101,OUT_num=125 | OF=0 SF=0 ZF=0 CF=0
                 295:A=00000010,  2 B=01111111,127 OPCODE= 7 OutputEnable=1 ALU_ENABLE=1 | ALU_OUT=11111101,OUT_num=125 | OF=0 SF=0 ZF=0 CF=0
Addition
                 300:A=01111111,127 B=01111111,127 OPCODE= 2 OutputEnable=1 ALU_ENABLE=1 | ALU_OUT=11111101,OUT_num=125 | OF=0 SF=0 ZF=0 CF=0
                 305:A=01111111,127 B=01111111,127 OPCODE= 2 OutputEnable=1 ALU_ENABLE=1 | ALU_OUT=01111110,OUT_num=126 | OF=1 SF=0 ZF=0 CF=0
Subtraction
                 310:A=01111111,127 B=01111111,127 OPCODE= 3 OutputEnable=1 ALU_ENABLE=1 | ALU_OUT=01111110,OUT_num=126 | OF=1 SF=0 ZF=0 CF=0
                 315:A=01111111,127 B=01111111,127 OPCODE= 3 OutputEnable=1 ALU_ENABLE=1 | ALU_OUT=00000000,OUT_num=  0 | OF=0 SF=0 ZF=1 CF=0
And Operation
                 320:A=01111111,127 B=01111111,127 OPCODE= 4 OutputEnable=1 ALU_ENABLE=1 | ALU_OUT=00000000,OUT_num=  0 | OF=0 SF=0 ZF=1 CF=0
                 325:A=01111111,127 B=01111111,127 OPCODE= 4 OutputEnable=1 ALU_ENABLE=1 | ALU_OUT=01111111,OUT_num=127 | OF=0 SF=0 ZF=0 CF=0
Or Operation
                 330:A=01111111,127 B=01111111,127 OPCODE= 5 OutputEnable=1 ALU_ENABLE=1 | ALU_OUT=01111111,OUT_num=127 | OF=0 SF=0 ZF=0 CF=0
Xor Operation
                 340:A=01111111,127 B=01111111,127 OPCODE= 6 OutputEnable=1 ALU_ENABLE=1 | ALU_OUT=01111111,OUT_num=127 | OF=0 SF=0 ZF=0 CF=0
                 345:A=01111111,127 B=01111111,127 OPCODE= 6 OutputEnable=1 ALU_ENABLE=1 | ALU_OUT=00000000,OUT_num=  0 | OF=0 SF=0 ZF=1 CF=0
Not A
                 350:A=01111111,127 B=01111111,127 OPCODE= 7 OutputEnable=1 ALU_ENABLE=1 | ALU_OUT=00000000,OUT_num=  0 | OF=0 SF=0 ZF=1 CF=0
                 355:A=01111111,127 B=01111111,127 OPCODE= 7 OutputEnable=1 ALU_ENABLE=1 | ALU_OUT=10000000,OUT_num=  0 | OF=0 SF=0 ZF=1 CF=0
Addition
-A
                 360:A=10000011,  3 B=00000010,  2 OPCODE= 2 OutputEnable=1 ALU_ENABLE=1 | ALU_OUT=10000000,OUT_num=  0 | OF=0 SF=0 ZF=1 CF=0
                 365:A=10000011,  3 B=00000010,  2 OPCODE= 2 OutputEnable=1 ALU_ENABLE=1 | ALU_OUT=10000001,OUT_num=  1 | OF=0 SF=1 ZF=0 CF=0
Subtraction
                 370:A=10000011,  3 B=00000010,  2 OPCODE= 3 OutputEnable=1 ALU_ENABLE=1 | ALU_OUT=10000001,OUT_num=  1 | OF=0 SF=1 ZF=0 CF=0
                 375:A=10000011,  3 B=00000010,  2 OPCODE= 3 OutputEnable=1 ALU_ENABLE=1 | ALU_OUT=10000101,OUT_num=  5 | OF=0 SF=1 ZF=0 CF=0
And Operation
                 380:A=10000011,  3 B=00000010,  2 OPCODE= 4 OutputEnable=1 ALU_ENABLE=1 | ALU_OUT=10000101,OUT_num=  5 | OF=0 SF=1 ZF=0 CF=0
                 385:A=10000011,  3 B=00000010,  2 OPCODE= 4 OutputEnable=1 ALU_ENABLE=1 | ALU_OUT=00000010,OUT_num=  2 | OF=0 SF=0 ZF=0 CF=0
Or Operation
                 390:A=10000011,  3 B=00000010,  2 OPCODE= 5 OutputEnable=1 ALU_ENABLE=1 | ALU_OUT=00000010,OUT_num=  2 | OF=0 SF=0 ZF=0 CF=0
                 395:A=10000011,  3 B=00000010,  2 OPCODE= 5 OutputEnable=1 ALU_ENABLE=1 | ALU_OUT=10000011,OUT_num=  3 | OF=0 SF=0 ZF=0 CF=0
Xor Operation
                 400:A=10000011,  3 B=00000010,  2 OPCODE= 6 OutputEnable=1 ALU_ENABLE=1 | ALU_OUT=10000011,OUT_num=  3 | OF=0 SF=0 ZF=0 CF=0
                 405:A=10000011,  3 B=00000010,  2 OPCODE= 6 OutputEnable=1 ALU_ENABLE=1 | ALU_OUT=10000001,OUT_num=  1 | OF=0 SF=0 ZF=0 CF=0
Not A
                 410:A=10000011,  3 B=00000010,  2 OPCODE= 7 OutputEnable=1 ALU_ENABLE=1 | ALU_OUT=10000001,OUT_num=  1 | OF=0 SF=0 ZF=0 CF=0
                 415:A=10000011,  3 B=00000010,  2 OPCODE= 7 OutputEnable=1 ALU_ENABLE=1 | ALU_OUT=01111100,OUT_num=124 | OF=0 SF=0 ZF=0 CF=0
Addition
                 420:A=10000010,  2 B=00000011,  3 OPCODE= 2 OutputEnable=1 ALU_ENABLE=1 | ALU_OUT=01111100,OUT_num=124 | OF=0 SF=0 ZF=0 CF=0
                 425:A=10000010,  2 B=00000011,  3 OPCODE= 2 OutputEnable=1 ALU_ENABLE=1 | ALU_OUT=00000001,OUT_num=  1 | OF=0 SF=0 ZF=0 CF=0
Subtraction
                 430:A=10000010,  2 B=00000011,  3 OPCODE= 3 OutputEnable=1 ALU_ENABLE=1 | ALU_OUT=00000001,OUT_num=  1 | OF=0 SF=0 ZF=0 CF=0
                 435:A=10000010,  2 B=00000011,  3 OPCODE= 3 OutputEnable=1 ALU_ENABLE=1 | ALU_OUT=10000101,OUT_num=  5 | OF=0 SF=1 ZF=0 CF=0
And Operation
                 440:A=10000010,  2 B=00000011,  3 OPCODE= 4 OutputEnable=1 ALU_ENABLE=1 | ALU_OUT=10000101,OUT_num=  5 | OF=0 SF=1 ZF=0 CF=0
                 445:A=10000010,  2 B=00000011,  3 OPCODE= 4 OutputEnable=1 ALU_ENABLE=1 | ALU_OUT=00000010,OUT_num=  2 | OF=0 SF=0 ZF=0 CF=0
Or Operation
                 450:A=10000010,  2 B=00000011,  3 OPCODE= 5 OutputEnable=1 ALU_ENABLE=1 | ALU_OUT=00000010,OUT_num=  2 | OF=0 SF=0 ZF=0 CF=0
                 455:A=10000010,  2 B=00000011,  3 OPCODE= 5 OutputEnable=1 ALU_ENABLE=1 | ALU_OUT=10000011,OUT_num=  3 | OF=0 SF=0 ZF=0 CF=0
Xor Operation
                 460:A=10000010,  2 B=00000011,  3 OPCODE= 6 OutputEnable=1 ALU_ENABLE=1 | ALU_OUT=10000011,OUT_num=  3 | OF=0 SF=0 ZF=0 CF=0
                 465:A=10000010,  2 B=00000011,  3 OPCODE= 6 OutputEnable=1 ALU_ENABLE=1 | ALU_OUT=10000001,OUT_num=  1 | OF=0 SF=0 ZF=0 CF=0
Not A
                 470:A=10000010,  2 B=00000011,  3 OPCODE= 7 OutputEnable=1 ALU_ENABLE=1 | ALU_OUT=10000001,OUT_num=  1 | OF=0 SF=0 ZF=0 CF=0
                 475:A=10000010,  2 B=00000011,  3 OPCODE= 7 OutputEnable=1 ALU_ENABLE=1 | ALU_OUT=01111101,OUT_num=125 | OF=0 SF=0 ZF=0 CF=0
Addition
                 480:A=10000011,  3 B=00000011,  3 OPCODE= 2 OutputEnable=1 ALU_ENABLE=1 | ALU_OUT=01111101,OUT_num=125 | OF=0 SF=0 ZF=0 CF=0
                 485:A=10000011,  3 B=00000011,  3 OPCODE= 2 OutputEnable=1 ALU_ENABLE=1 | ALU_OUT=10000000,OUT_num=  0 | OF=0 SF=0 ZF=1 CF=0
Subtraction
                 490:A=10000011,  3 B=00000011,  3 OPCODE= 3 OutputEnable=1 ALU_ENABLE=1 | ALU_OUT=10000000,OUT_num=  0 | OF=0 SF=0 ZF=1 CF=0
                 495:A=10000011,  3 B=00000011,  3 OPCODE= 3 OutputEnable=1 ALU_ENABLE=1 | ALU_OUT=10000110,OUT_num=  6 | OF=0 SF=1 ZF=0 CF=0
And Operation
                 500:A=10000011,  3 B=00000011,  3 OPCODE= 4 OutputEnable=1 ALU_ENABLE=1 | ALU_OUT=10000110,OUT_num=  6 | OF=0 SF=1 ZF=0 CF=0
                 505:A=10000011,  3 B=00000011,  3 OPCODE= 4 OutputEnable=1 ALU_ENABLE=1 | ALU_OUT=00000011,OUT_num=  3 | OF=0 SF=0 ZF=0 CF=0
Or Operation
                 510:A=10000011,  3 B=00000011,  3 OPCODE= 5 OutputEnable=1 ALU_ENABLE=1 | ALU_OUT=00000011,OUT_num=  3 | OF=0 SF=0 ZF=0 CF=0
                 515:A=10000011,  3 B=00000011,  3 OPCODE= 5 OutputEnable=1 ALU_ENABLE=1 | ALU_OUT=10000011,OUT_num=  3 | OF=0 SF=0 ZF=0 CF=0
Xor Operation
                 520:A=10000011,  3 B=00000011,  3 OPCODE= 6 OutputEnable=1 ALU_ENABLE=1 | ALU_OUT=10000011,OUT_num=  3 | OF=0 SF=0 ZF=0 CF=0
                 525:A=10000011,  3 B=00000011,  3 OPCODE= 6 OutputEnable=1 ALU_ENABLE=1 | ALU_OUT=10000000,OUT_num=  0 | OF=0 SF=0 ZF=1 CF=0
Not A
                 530:A=10000011,  3 B=00000011,  3 OPCODE= 7 OutputEnable=1 ALU_ENABLE=1 | ALU_OUT=10000000,OUT_num=  0 | OF=0 SF=0 ZF=1 CF=0
                 535:A=10000011,  3 B=00000011,  3 OPCODE= 7 OutputEnable=1 ALU_ENABLE=1 | ALU_OUT=01111100,OUT_num=124 | OF=0 SF=0 ZF=0 CF=0
Addition
                 540:A=11111111,127 B=00000010,  2 OPCODE= 2 OutputEnable=1 ALU_ENABLE=1 | ALU_OUT=01111100,OUT_num=124 | OF=0 SF=0 ZF=0 CF=0
                 545:A=11111111,127 B=00000010,  2 OPCODE= 2 OutputEnable=1 ALU_ENABLE=1 | ALU_OUT=11111101,OUT_num=125 | OF=0 SF=1 ZF=0 CF=0
Subtraction
                 550:A=11111111,127 B=00000010,  2 OPCODE= 3 OutputEnable=1 ALU_ENABLE=1 | ALU_OUT=11111101,OUT_num=125 | OF=0 SF=1 ZF=0 CF=0
                 555:A=11111111,127 B=00000010,  2 OPCODE= 3 OutputEnable=1 ALU_ENABLE=1 | ALU_OUT=10000001,OUT_num=  1 | OF=1 SF=1 ZF=0 CF=0
And Operation
                 560:A=11111111,127 B=00000010,  2 OPCODE= 4 OutputEnable=1 ALU_ENABLE=1 | ALU_OUT=10000001,OUT_num=  1 | OF=1 SF=1 ZF=0 CF=0
                 565:A=11111111,127 B=00000010,  2 OPCODE= 4 OutputEnable=1 ALU_ENABLE=1 | ALU_OUT=00000010,OUT_num=  2 | OF=0 SF=0 ZF=0 CF=0
Or Operation
                 570:A=11111111,127 B=00000010,  2 OPCODE= 5 OutputEnable=1 ALU_ENABLE=1 | ALU_OUT=00000010,OUT_num=  2 | OF=0 SF=0 ZF=0 CF=0
                 575:A=11111111,127 B=00000010,  2 OPCODE= 5 OutputEnable=1 ALU_ENABLE=1 | ALU_OUT=11111111,OUT_num=127 | OF=0 SF=0 ZF=0 CF=0
Xor Operation
                 580:A=11111111,127 B=00000010,  2 OPCODE= 6 OutputEnable=1 ALU_ENABLE=1 | ALU_OUT=11111111,OUT_num=127 | OF=0 SF=0 ZF=0 CF=0
                 585:A=11111111,127 B=00000010,  2 OPCODE= 6 OutputEnable=1 ALU_ENABLE=1 | ALU_OUT=11111101,OUT_num=125 | OF=0 SF=0 ZF=0 CF=0
Not A
                 590:A=11111111,127 B=00000010,  2 OPCODE= 7 OutputEnable=1 ALU_ENABLE=1 | ALU_OUT=11111101,OUT_num=125 | OF=0 SF=0 ZF=0 CF=0
                 595:A=11111111,127 B=00000010,  2 OPCODE= 7 OutputEnable=1 ALU_ENABLE=1 | ALU_OUT=00000000,OUT_num=  0 | OF=0 SF=0 ZF=1 CF=0
Addition
                 600:A=10000010,  2 B=01111111,127 OPCODE= 2 OutputEnable=1 ALU_ENABLE=1 | ALU_OUT=00000000,OUT_num=  0 | OF=0 SF=0 ZF=1 CF=0
                 605:A=10000010,  2 B=01111111,127 OPCODE= 2 OutputEnable=1 ALU_ENABLE=1 | ALU_OUT=01111101,OUT_num=125 | OF=0 SF=0 ZF=0 CF=0
Subtraction
                 610:A=10000010,  2 B=01111111,127 OPCODE= 3 OutputEnable=1 ALU_ENABLE=1 | ALU_OUT=01111101,OUT_num=125 | OF=0 SF=0 ZF=0 CF=0
                 615:A=10000010,  2 B=01111111,127 OPCODE= 3 OutputEnable=1 ALU_ENABLE=1 | ALU_OUT=10000001,OUT_num=  1 | OF=1 SF=1 ZF=0 CF=0
And Operation
                 620:A=10000010,  2 B=01111111,127 OPCODE= 4 OutputEnable=1 ALU_ENABLE=1 | ALU_OUT=10000001,OUT_num=  1 | OF=1 SF=1 ZF=0 CF=0
                 625:A=10000010,  2 B=01111111,127 OPCODE= 4 OutputEnable=1 ALU_ENABLE=1 | ALU_OUT=00000010,OUT_num=  2 | OF=0 SF=0 ZF=0 CF=0
Or Operation
                 630:A=10000010,  2 B=01111111,127 OPCODE= 5 OutputEnable=1 ALU_ENABLE=1 | ALU_OUT=00000010,OUT_num=  2 | OF=0 SF=0 ZF=0 CF=0
                 635:A=10000010,  2 B=01111111,127 OPCODE= 5 OutputEnable=1 ALU_ENABLE=1 | ALU_OUT=11111111,OUT_num=127 | OF=0 SF=0 ZF=0 CF=0
Xor Operation
                 640:A=10000010,  2 B=01111111,127 OPCODE= 6 OutputEnable=1 ALU_ENABLE=1 | ALU_OUT=11111111,OUT_num=127 | OF=0 SF=0 ZF=0 CF=0
                 645:A=10000010,  2 B=01111111,127 OPCODE= 6 OutputEnable=1 ALU_ENABLE=1 | ALU_OUT=11111101,OUT_num=125 | OF=0 SF=0 ZF=0 CF=0
Not A
                 650:A=10000010,  2 B=01111111,127 OPCODE= 7 OutputEnable=1 ALU_ENABLE=1 | ALU_OUT=11111101,OUT_num=125 | OF=0 SF=0 ZF=0 CF=0
                 655:A=10000010,  2 B=01111111,127 OPCODE= 7 OutputEnable=1 ALU_ENABLE=1 | ALU_OUT=01111101,OUT_num=125 | OF=0 SF=0 ZF=0 CF=0
Addition
                 660:A=11111111,127 B=01111111,127 OPCODE= 2 OutputEnable=1 ALU_ENABLE=1 | ALU_OUT=01111101,OUT_num=125 | OF=0 SF=0 ZF=0 CF=0
                 665:A=11111111,127 B=01111111,127 OPCODE= 2 OutputEnable=1 ALU_ENABLE=1 | ALU_OUT=10000000,OUT_num=  0 | OF=0 SF=0 ZF=1 CF=0
Subtraction
                 670:A=11111111,127 B=01111111,127 OPCODE= 3 OutputEnable=1 ALU_ENABLE=1 | ALU_OUT=10000000,OUT_num=  0 | OF=0 SF=0 ZF=1 CF=0
                 675:A=11111111,127 B=01111111,127 OPCODE= 3 OutputEnable=1 ALU_ENABLE=1 | ALU_OUT=11111110,OUT_num=126 | OF=1 SF=1 ZF=0 CF=0
And Operation
                 680:A=11111111,127 B=01111111,127 OPCODE= 4 OutputEnable=1 ALU_ENABLE=1 | ALU_OUT=11111110,OUT_num=126 | OF=1 SF=1 ZF=0 CF=0
                 685:A=11111111,127 B=01111111,127 OPCODE= 4 OutputEnable=1 ALU_ENABLE=1 | ALU_OUT=01111111,OUT_num=127 | OF=0 SF=0 ZF=0 CF=0
Or Operation
                 690:A=11111111,127 B=01111111,127 OPCODE= 5 OutputEnable=1 ALU_ENABLE=1 | ALU_OUT=01111111,OUT_num=127 | OF=0 SF=0 ZF=0 CF=0
                 695:A=11111111,127 B=01111111,127 OPCODE= 5 OutputEnable=1 ALU_ENABLE=1 | ALU_OUT=11111111,OUT_num=127 | OF=0 SF=0 ZF=0 CF=0
Xor Operation
                 700:A=11111111,127 B=01111111,127 OPCODE= 6 OutputEnable=1 ALU_ENABLE=1 | ALU_OUT=11111111,OUT_num=127 | OF=0 SF=0 ZF=0 CF=0
                 705:A=11111111,127 B=01111111,127 OPCODE= 6 OutputEnable=1 ALU_ENABLE=1 | ALU_OUT=10000000,OUT_num=  0 | OF=0 SF=0 ZF=1 CF=0
Not A
                 710:A=11111111,127 B=01111111,127 OPCODE= 7 OutputEnable=1 ALU_ENABLE=1 | ALU_OUT=10000000,OUT_num=  0 | OF=0 SF=0 ZF=1 CF=0
                 715:A=11111111,127 B=01111111,127 OPCODE= 7 OutputEnable=1 ALU_ENABLE=1 | ALU_OUT=00000000,OUT_num=  0 | OF=0 SF=0 ZF=1 CF=0
Addition
-A-B
                 720:A=10000011,  3 B=10000010,  2 OPCODE= 2 OutputEnable=1 ALU_ENABLE=1 | ALU_OUT=00000000,OUT_num=  0 | OF=0 SF=0 ZF=1 CF=0
                 725:A=10000011,  3 B=10000010,  2 OPCODE= 2 OutputEnable=1 ALU_ENABLE=1 | ALU_OUT=10000101,OUT_num=  5 | OF=0 SF=1 ZF=0 CF=0
Subtraction
                 730:A=10000011,  3 B=10000010,  2 OPCODE= 3 OutputEnable=1 ALU_ENABLE=1 | ALU_OUT=10000101,OUT_num=  5 | OF=0 SF=1 ZF=0 CF=0
                 735:A=10000011,  3 B=10000010,  2 OPCODE= 3 OutputEnable=1 ALU_ENABLE=1 | ALU_OUT=10000001,OUT_num=  1 | OF=0 SF=1 ZF=0 CF=0
And Operation
                 740:A=10000011,  3 B=10000010,  2 OPCODE= 4 OutputEnable=1 ALU_ENABLE=1 | ALU_OUT=10000001,OUT_num=  1 | OF=0 SF=1 ZF=0 CF=0
                 745:A=10000011,  3 B=10000010,  2 OPCODE= 4 OutputEnable=1 ALU_ENABLE=1 | ALU_OUT=10000010,OUT_num=  2 | OF=0 SF=0 ZF=0 CF=0
Or Operation
                 750:A=10000011,  3 B=10000010,  2 OPCODE= 5 OutputEnable=1 ALU_ENABLE=1 | ALU_OUT=10000010,OUT_num=  2 | OF=0 SF=0 ZF=0 CF=0
                 755:A=10000011,  3 B=10000010,  2 OPCODE= 5 OutputEnable=1 ALU_ENABLE=1 | ALU_OUT=10000011,OUT_num=  3 | OF=0 SF=0 ZF=0 CF=0
Xor Operation
                 760:A=10000011,  3 B=10000010,  2 OPCODE= 6 OutputEnable=1 ALU_ENABLE=1 | ALU_OUT=10000011,OUT_num=  3 | OF=0 SF=0 ZF=0 CF=0
                 765:A=10000011,  3 B=10000010,  2 OPCODE= 6 OutputEnable=1 ALU_ENABLE=1 | ALU_OUT=00000001,OUT_num=  1 | OF=0 SF=0 ZF=0 CF=0
Not A
                 770:A=10000011,  3 B=10000010,  2 OPCODE= 7 OutputEnable=1 ALU_ENABLE=1 | ALU_OUT=00000001,OUT_num=  1 | OF=0 SF=0 ZF=0 CF=0
                 775:A=10000011,  3 B=10000010,  2 OPCODE= 7 OutputEnable=1 ALU_ENABLE=1 | ALU_OUT=01111100,OUT_num=124 | OF=0 SF=0 ZF=0 CF=0
Addition
                 780:A=10000010,  2 B=10000011,  3 OPCODE= 2 OutputEnable=1 ALU_ENABLE=1 | ALU_OUT=01111100,OUT_num=124 | OF=0 SF=0 ZF=0 CF=0
                 785:A=10000010,  2 B=10000011,  3 OPCODE= 2 OutputEnable=1 ALU_ENABLE=1 | ALU_OUT=10000101,OUT_num=  5 | OF=0 SF=1 ZF=0 CF=0
Subtraction
                 790:A=10000010,  2 B=10000011,  3 OPCODE= 3 OutputEnable=1 ALU_ENABLE=1 | ALU_OUT=10000101,OUT_num=  5 | OF=0 SF=1 ZF=0 CF=0
                 795:A=10000010,  2 B=10000011,  3 OPCODE= 3 OutputEnable=1 ALU_ENABLE=1 | ALU_OUT=10000001,OUT_num=  1 | OF=0 SF=0 ZF=0 CF=0
And Operation
                 800:A=10000010,  2 B=10000011,  3 OPCODE= 4 OutputEnable=1 ALU_ENABLE=1 | ALU_OUT=10000001,OUT_num=  1 | OF=0 SF=0 ZF=0 CF=0
                 805:A=10000010,  2 B=10000011,  3 OPCODE= 4 OutputEnable=1 ALU_ENABLE=1 | ALU_OUT=10000010,OUT_num=  2 | OF=0 SF=0 ZF=0 CF=0
Or Operation
                 810:A=10000010,  2 B=10000011,  3 OPCODE= 5 OutputEnable=1 ALU_ENABLE=1 | ALU_OUT=10000010,OUT_num=  2 | OF=0 SF=0 ZF=0 CF=0
                 815:A=10000010,  2 B=10000011,  3 OPCODE= 5 OutputEnable=1 ALU_ENABLE=1 | ALU_OUT=10000011,OUT_num=  3 | OF=0 SF=0 ZF=0 CF=0
Xor Operation
                 820:A=10000010,  2 B=10000011,  3 OPCODE= 6 OutputEnable=1 ALU_ENABLE=1 | ALU_OUT=10000011,OUT_num=  3 | OF=0 SF=0 ZF=0 CF=0
                 825:A=10000010,  2 B=10000011,  3 OPCODE= 6 OutputEnable=1 ALU_ENABLE=1 | ALU_OUT=00000001,OUT_num=  1 | OF=0 SF=0 ZF=0 CF=0
Not A
                 830:A=10000010,  2 B=10000011,  3 OPCODE= 7 OutputEnable=1 ALU_ENABLE=1 | ALU_OUT=00000001,OUT_num=  1 | OF=0 SF=0 ZF=0 CF=0
                 835:A=10000010,  2 B=10000011,  3 OPCODE= 7 OutputEnable=1 ALU_ENABLE=1 | ALU_OUT=01111101,OUT_num=125 | OF=0 SF=0 ZF=0 CF=0
Addition
                 840:A=10000011,  3 B=10000011,  3 OPCODE= 2 OutputEnable=1 ALU_ENABLE=1 | ALU_OUT=01111101,OUT_num=125 | OF=0 SF=0 ZF=0 CF=0
                 845:A=10000011,  3 B=10000011,  3 OPCODE= 2 OutputEnable=1 ALU_ENABLE=1 | ALU_OUT=10000110,OUT_num=  6 | OF=0 SF=1 ZF=0 CF=0
Subtraction
                 850:A=10000011,  3 B=10000011,  3 OPCODE= 3 OutputEnable=1 ALU_ENABLE=1 | ALU_OUT=10000110,OUT_num=  6 | OF=0 SF=1 ZF=0 CF=0
                 855:A=10000011,  3 B=10000011,  3 OPCODE= 3 OutputEnable=1 ALU_ENABLE=1 | ALU_OUT=10000000,OUT_num=  0 | OF=0 SF=0 ZF=1 CF=0
And Operation
                 860:A=10000011,  3 B=10000011,  3 OPCODE= 4 OutputEnable=1 ALU_ENABLE=1 | ALU_OUT=10000000,OUT_num=  0 | OF=0 SF=0 ZF=1 CF=0
                 865:A=10000011,  3 B=10000011,  3 OPCODE= 4 OutputEnable=1 ALU_ENABLE=1 | ALU_OUT=10000011,OUT_num=  3 | OF=0 SF=0 ZF=0 CF=0
Or Operation
                 870:A=10000011,  3 B=10000011,  3 OPCODE= 5 OutputEnable=1 ALU_ENABLE=1 | ALU_OUT=10000011,OUT_num=  3 | OF=0 SF=0 ZF=0 CF=0
Xor Operation
                 880:A=10000011,  3 B=10000011,  3 OPCODE= 6 OutputEnable=1 ALU_ENABLE=1 | ALU_OUT=10000011,OUT_num=  3 | OF=0 SF=0 ZF=0 CF=0
                 885:A=10000011,  3 B=10000011,  3 OPCODE= 6 OutputEnable=1 ALU_ENABLE=1 | ALU_OUT=00000000,OUT_num=  0 | OF=0 SF=0 ZF=1 CF=0
Not A
                 890:A=10000011,  3 B=10000011,  3 OPCODE= 7 OutputEnable=1 ALU_ENABLE=1 | ALU_OUT=00000000,OUT_num=  0 | OF=0 SF=0 ZF=1 CF=0
                 895:A=10000011,  3 B=10000011,  3 OPCODE= 7 OutputEnable=1 ALU_ENABLE=1 | ALU_OUT=01111100,OUT_num=124 | OF=0 SF=0 ZF=0 CF=0
Addition
                 900:A=11111111,127 B=10000010,  2 OPCODE= 2 OutputEnable=1 ALU_ENABLE=1 | ALU_OUT=01111100,OUT_num=124 | OF=0 SF=0 ZF=0 CF=0
                 905:A=11111111,127 B=10000010,  2 OPCODE= 2 OutputEnable=1 ALU_ENABLE=1 | ALU_OUT=10000001,OUT_num=  1 | OF=1 SF=1 ZF=0 CF=0
Subtraction
                 910:A=11111111,127 B=10000010,  2 OPCODE= 3 OutputEnable=1 ALU_ENABLE=1 | ALU_OUT=10000001,OUT_num=  1 | OF=1 SF=1 ZF=0 CF=0
                 915:A=11111111,127 B=10000010,  2 OPCODE= 3 OutputEnable=1 ALU_ENABLE=1 | ALU_OUT=11111101,OUT_num=125 | OF=0 SF=1 ZF=0 CF=0
And Operation
                 920:A=11111111,127 B=10000010,  2 OPCODE= 4 OutputEnable=1 ALU_ENABLE=1 | ALU_OUT=11111101,OUT_num=125 | OF=0 SF=1 ZF=0 CF=0
                 925:A=11111111,127 B=10000010,  2 OPCODE= 4 OutputEnable=1 ALU_ENABLE=1 | ALU_OUT=10000010,OUT_num=  2 | OF=0 SF=0 ZF=0 CF=0
Or Operation
                 930:A=11111111,127 B=10000010,  2 OPCODE= 5 OutputEnable=1 ALU_ENABLE=1 | ALU_OUT=10000010,OUT_num=  2 | OF=0 SF=0 ZF=0 CF=0
                 935:A=11111111,127 B=10000010,  2 OPCODE= 5 OutputEnable=1 ALU_ENABLE=1 | ALU_OUT=11111111,OUT_num=127 | OF=0 SF=0 ZF=0 CF=0
Xor Operation
                 940:A=11111111,127 B=10000010,  2 OPCODE= 6 OutputEnable=1 ALU_ENABLE=1 | ALU_OUT=11111111,OUT_num=127 | OF=0 SF=0 ZF=0 CF=0
                 945:A=11111111,127 B=10000010,  2 OPCODE= 6 OutputEnable=1 ALU_ENABLE=1 | ALU_OUT=01111101,OUT_num=125 | OF=0 SF=0 ZF=0 CF=0
Not A
                 950:A=11111111,127 B=10000010,  2 OPCODE= 7 OutputEnable=1 ALU_ENABLE=1 | ALU_OUT=01111101,OUT_num=125 | OF=0 SF=0 ZF=0 CF=0
                 955:A=11111111,127 B=10000010,  2 OPCODE= 7 OutputEnable=1 ALU_ENABLE=1 | ALU_OUT=00000000,OUT_num=  0 | OF=0 SF=0 ZF=1 CF=0
Addition
                 960:A=10000010,  2 B=11111111,127 OPCODE= 2 OutputEnable=1 ALU_ENABLE=1 | ALU_OUT=00000000,OUT_num=  0 | OF=0 SF=0 ZF=1 CF=0
                 965:A=10000010,  2 B=11111111,127 OPCODE= 2 OutputEnable=1 ALU_ENABLE=1 | ALU_OUT=10000001,OUT_num=  1 | OF=1 SF=1 ZF=0 CF=0
Subtraction
                 970:A=10000010,  2 B=11111111,127 OPCODE= 3 OutputEnable=1 ALU_ENABLE=1 | ALU_OUT=10000001,OUT_num=  1 | OF=1 SF=1 ZF=0 CF=0
                 975:A=10000010,  2 B=11111111,127 OPCODE= 3 OutputEnable=1 ALU_ENABLE=1 | ALU_OUT=11111101,OUT_num=125 | OF=0 SF=0 ZF=0 CF=0
And Operation
                 980:A=10000010,  2 B=11111111,127 OPCODE= 4 OutputEnable=1 ALU_ENABLE=1 | ALU_OUT=11111101,OUT_num=125 | OF=0 SF=0 ZF=0 CF=0
                 985:A=10000010,  2 B=11111111,127 OPCODE= 4 OutputEnable=1 ALU_ENABLE=1 | ALU_OUT=10000010,OUT_num=  2 | OF=0 SF=0 ZF=0 CF=0
Or Operation
                 990:A=10000010,  2 B=11111111,127 OPCODE= 5 OutputEnable=1 ALU_ENABLE=1 | ALU_OUT=10000010,OUT_num=  2 | OF=0 SF=0 ZF=0 CF=0
                 995:A=10000010,  2 B=11111111,127 OPCODE= 5 OutputEnable=1 ALU_ENABLE=1 | ALU_OUT=11111111,OUT_num=127 | OF=0 SF=0 ZF=0 CF=0
Xor Operation
                1000:A=10000010,  2 B=11111111,127 OPCODE= 6 OutputEnable=1 ALU_ENABLE=1 | ALU_OUT=11111111,OUT_num=127 | OF=0 SF=0 ZF=0 CF=0
                1005:A=10000010,  2 B=11111111,127 OPCODE= 6 OutputEnable=1 ALU_ENABLE=1 | ALU_OUT=01111101,OUT_num=125 | OF=0 SF=0 ZF=0 CF=0
Not A
                1010:A=10000010,  2 B=11111111,127 OPCODE= 7 OutputEnable=1 ALU_ENABLE=1 | ALU_OUT=01111101,OUT_num=125 | OF=0 SF=0 ZF=0 CF=0
Addition
                1020:A=11111111,127 B=11111111,127 OPCODE= 2 OutputEnable=1 ALU_ENABLE=1 | ALU_OUT=01111101,OUT_num=125 | OF=0 SF=0 ZF=0 CF=0
                1025:A=11111111,127 B=11111111,127 OPCODE= 2 OutputEnable=1 ALU_ENABLE=1 | ALU_OUT=11111110,OUT_num=126 | OF=1 SF=1 ZF=0 CF=0
Subtraction
                1030:A=11111111,127 B=11111111,127 OPCODE= 3 OutputEnable=1 ALU_ENABLE=1 | ALU_OUT=11111110,OUT_num=126 | OF=1 SF=1 ZF=0 CF=0
                1035:A=11111111,127 B=11111111,127 OPCODE= 3 OutputEnable=1 ALU_ENABLE=1 | ALU_OUT=10000000,OUT_num=  0 | OF=0 SF=0 ZF=1 CF=0
And Operation
                1040:A=11111111,127 B=11111111,127 OPCODE= 4 OutputEnable=1 ALU_ENABLE=1 | ALU_OUT=10000000,OUT_num=  0 | OF=0 SF=0 ZF=1 CF=0
                1045:A=11111111,127 B=11111111,127 OPCODE= 4 OutputEnable=1 ALU_ENABLE=1 | ALU_OUT=11111111,OUT_num=127 | OF=0 SF=0 ZF=0 CF=0
Or Operation
                1050:A=11111111,127 B=11111111,127 OPCODE= 5 OutputEnable=1 ALU_ENABLE=1 | ALU_OUT=11111111,OUT_num=127 | OF=0 SF=0 ZF=0 CF=0
Xor Operation
                1060:A=11111111,127 B=11111111,127 OPCODE= 6 OutputEnable=1 ALU_ENABLE=1 | ALU_OUT=11111111,OUT_num=127 | OF=0 SF=0 ZF=0 CF=0
                1065:A=11111111,127 B=11111111,127 OPCODE= 6 OutputEnable=1 ALU_ENABLE=1 | ALU_OUT=00000000,OUT_num=  0 | OF=0 SF=0 ZF=1 CF=0
Not A
                1070:A=11111111,127 B=11111111,127 OPCODE= 7 OutputEnable=1 ALU_ENABLE=1 | ALU_OUT=00000000,OUT_num=  0 | OF=0 SF=0 ZF=1 CF=0
Addition
-B
                1080:A=00000011,  3 B=10000010,  2 OPCODE= 2 OutputEnable=1 ALU_ENABLE=1 | ALU_OUT=00000000,OUT_num=  0 | OF=0 SF=0 ZF=1 CF=0
                1085:A=00000011,  3 B=10000010,  2 OPCODE= 2 OutputEnable=1 ALU_ENABLE=1 | ALU_OUT=00000001,OUT_num=  1 | OF=0 SF=0 ZF=0 CF=0
Subtraction
                1090:A=00000011,  3 B=10000010,  2 OPCODE= 3 OutputEnable=1 ALU_ENABLE=1 | ALU_OUT=00000001,OUT_num=  1 | OF=0 SF=0 ZF=0 CF=0
                1095:A=00000011,  3 B=10000010,  2 OPCODE= 3 OutputEnable=1 ALU_ENABLE=1 | ALU_OUT=00000101,OUT_num=  5 | OF=0 SF=0 ZF=0 CF=0
And Operation
                1100:A=00000011,  3 B=10000010,  2 OPCODE= 4 OutputEnable=1 ALU_ENABLE=1 | ALU_OUT=00000101,OUT_num=  5 | OF=0 SF=0 ZF=0 CF=0
                1105:A=00000011,  3 B=10000010,  2 OPCODE= 4 OutputEnable=1 ALU_ENABLE=1 | ALU_OUT=00000010,OUT_num=  2 | OF=0 SF=0 ZF=0 CF=0
Or Operation
                1110:A=00000011,  3 B=10000010,  2 OPCODE= 5 OutputEnable=1 ALU_ENABLE=1 | ALU_OUT=00000010,OUT_num=  2 | OF=0 SF=0 ZF=0 CF=0
                1115:A=00000011,  3 B=10000010,  2 OPCODE= 5 OutputEnable=1 ALU_ENABLE=1 | ALU_OUT=10000011,OUT_num=  3 | OF=0 SF=0 ZF=0 CF=0
Xor Operation
                1120:A=00000011,  3 B=10000010,  2 OPCODE= 6 OutputEnable=1 ALU_ENABLE=1 | ALU_OUT=10000011,OUT_num=  3 | OF=0 SF=0 ZF=0 CF=0
                1125:A=00000011,  3 B=10000010,  2 OPCODE= 6 OutputEnable=1 ALU_ENABLE=1 | ALU_OUT=10000001,OUT_num=  1 | OF=0 SF=0 ZF=0 CF=0
Not A
                1130:A=00000011,  3 B=10000010,  2 OPCODE= 7 OutputEnable=1 ALU_ENABLE=1 | ALU_OUT=10000001,OUT_num=  1 | OF=0 SF=0 ZF=0 CF=0
                1135:A=00000011,  3 B=10000010,  2 OPCODE= 7 OutputEnable=1 ALU_ENABLE=1 | ALU_OUT=11111100,OUT_num=124 | OF=0 SF=0 ZF=0 CF=0
Addition
                1140:A=00000010,  2 B=10000011,  3 OPCODE= 2 OutputEnable=1 ALU_ENABLE=1 | ALU_OUT=11111100,OUT_num=124 | OF=0 SF=0 ZF=0 CF=0
                1145:A=00000010,  2 B=10000011,  3 OPCODE= 2 OutputEnable=1 ALU_ENABLE=1 | ALU_OUT=10000001,OUT_num=  1 | OF=0 SF=1 ZF=0 CF=0
Subtraction
                1150:A=00000010,  2 B=10000011,  3 OPCODE= 3 OutputEnable=1 ALU_ENABLE=1 | ALU_OUT=10000001,OUT_num=  1 | OF=0 SF=1 ZF=0 CF=0
                1155:A=00000010,  2 B=10000011,  3 OPCODE= 3 OutputEnable=1 ALU_ENABLE=1 | ALU_OUT=00000101,OUT_num=  5 | OF=0 SF=0 ZF=0 CF=0
And Operation
                1160:A=00000010,  2 B=10000011,  3 OPCODE= 4 OutputEnable=1 ALU_ENABLE=1 | ALU_OUT=00000101,OUT_num=  5 | OF=0 SF=0 ZF=0 CF=0
                1165:A=00000010,  2 B=10000011,  3 OPCODE= 4 OutputEnable=1 ALU_ENABLE=1 | ALU_OUT=00000010,OUT_num=  2 | OF=0 SF=0 ZF=0 CF=0
Or Operation
                1170:A=00000010,  2 B=10000011,  3 OPCODE= 5 OutputEnable=1 ALU_ENABLE=1 | ALU_OUT=00000010,OUT_num=  2 | OF=0 SF=0 ZF=0 CF=0
                1175:A=00000010,  2 B=10000011,  3 OPCODE= 5 OutputEnable=1 ALU_ENABLE=1 | ALU_OUT=10000011,OUT_num=  3 | OF=0 SF=0 ZF=0 CF=0
Xor Operation
                1180:A=00000010,  2 B=10000011,  3 OPCODE= 6 OutputEnable=1 ALU_ENABLE=1 | ALU_OUT=10000011,OUT_num=  3 | OF=0 SF=0 ZF=0 CF=0
                1185:A=00000010,  2 B=10000011,  3 OPCODE= 6 OutputEnable=1 ALU_ENABLE=1 | ALU_OUT=10000001,OUT_num=  1 | OF=0 SF=0 ZF=0 CF=0
Not A
                1190:A=00000010,  2 B=10000011,  3 OPCODE= 7 OutputEnable=1 ALU_ENABLE=1 | ALU_OUT=10000001,OUT_num=  1 | OF=0 SF=0 ZF=0 CF=0
                1195:A=00000010,  2 B=10000011,  3 OPCODE= 7 OutputEnable=1 ALU_ENABLE=1 | ALU_OUT=11111101,OUT_num=125 | OF=0 SF=0 ZF=0 CF=0
Addition
                1200:A=00000011,  3 B=10000011,  3 OPCODE= 2 OutputEnable=1 ALU_ENABLE=1 | ALU_OUT=11111101,OUT_num=125 | OF=0 SF=0 ZF=0 CF=0
                1205:A=00000011,  3 B=10000011,  3 OPCODE= 2 OutputEnable=1 ALU_ENABLE=1 | ALU_OUT=00000000,OUT_num=  0 | OF=0 SF=0 ZF=1 CF=0
Subtraction
                1210:A=00000011,  3 B=10000011,  3 OPCODE= 3 OutputEnable=1 ALU_ENABLE=1 | ALU_OUT=00000000,OUT_num=  0 | OF=0 SF=0 ZF=1 CF=0
                1215:A=00000011,  3 B=10000011,  3 OPCODE= 3 OutputEnable=1 ALU_ENABLE=1 | ALU_OUT=00000110,OUT_num=  6 | OF=0 SF=0 ZF=0 CF=0
And Operation
                1220:A=00000011,  3 B=10000011,  3 OPCODE= 4 OutputEnable=1 ALU_ENABLE=1 | ALU_OUT=00000110,OUT_num=  6 | OF=0 SF=0 ZF=0 CF=0
                1225:A=00000011,  3 B=10000011,  3 OPCODE= 4 OutputEnable=1 ALU_ENABLE=1 | ALU_OUT=00000011,OUT_num=  3 | OF=0 SF=0 ZF=0 CF=0
Or Operation
                1230:A=00000011,  3 B=10000011,  3 OPCODE= 5 OutputEnable=1 ALU_ENABLE=1 | ALU_OUT=00000011,OUT_num=  3 | OF=0 SF=0 ZF=0 CF=0
                1235:A=00000011,  3 B=10000011,  3 OPCODE= 5 OutputEnable=1 ALU_ENABLE=1 | ALU_OUT=10000011,OUT_num=  3 | OF=0 SF=0 ZF=0 CF=0
Xor Operation
                1240:A=00000011,  3 B=10000011,  3 OPCODE= 6 OutputEnable=1 ALU_ENABLE=1 | ALU_OUT=10000011,OUT_num=  3 | OF=0 SF=0 ZF=0 CF=0
                1245:A=00000011,  3 B=10000011,  3 OPCODE= 6 OutputEnable=1 ALU_ENABLE=1 | ALU_OUT=10000000,OUT_num=  0 | OF=0 SF=0 ZF=1 CF=0
Not A
                1250:A=00000011,  3 B=10000011,  3 OPCODE= 7 OutputEnable=1 ALU_ENABLE=1 | ALU_OUT=10000000,OUT_num=  0 | OF=0 SF=0 ZF=1 CF=0
                1255:A=00000011,  3 B=10000011,  3 OPCODE= 7 OutputEnable=1 ALU_ENABLE=1 | ALU_OUT=11111100,OUT_num=124 | OF=0 SF=0 ZF=0 CF=0
Addition
                1260:A=01111111,127 B=10000010,  2 OPCODE= 2 OutputEnable=1 ALU_ENABLE=1 | ALU_OUT=11111100,OUT_num=124 | OF=0 SF=0 ZF=0 CF=0
                1265:A=01111111,127 B=10000010,  2 OPCODE= 2 OutputEnable=1 ALU_ENABLE=1 | ALU_OUT=01111101,OUT_num=125 | OF=0 SF=0 ZF=0 CF=0
Subtraction
                1270:A=01111111,127 B=10000010,  2 OPCODE= 3 OutputEnable=1 ALU_ENABLE=1 | ALU_OUT=01111101,OUT_num=125 | OF=0 SF=0 ZF=0 CF=0
                1275:A=01111111,127 B=10000010,  2 OPCODE= 3 OutputEnable=1 ALU_ENABLE=1 | ALU_OUT=00000001,OUT_num=  1 | OF=1 SF=0 ZF=0 CF=0
And Operation
                1280:A=01111111,127 B=10000010,  2 OPCODE= 4 OutputEnable=1 ALU_ENABLE=1 | ALU_OUT=00000001,OUT_num=  1 | OF=1 SF=0 ZF=0 CF=0
                1285:A=01111111,127 B=10000010,  2 OPCODE= 4 OutputEnable=1 ALU_ENABLE=1 | ALU_OUT=00000010,OUT_num=  2 | OF=0 SF=0 ZF=0 CF=0
Or Operation
                1290:A=01111111,127 B=10000010,  2 OPCODE= 5 OutputEnable=1 ALU_ENABLE=1 | ALU_OUT=00000010,OUT_num=  2 | OF=0 SF=0 ZF=0 CF=0
                1295:A=01111111,127 B=10000010,  2 OPCODE= 5 OutputEnable=1 ALU_ENABLE=1 | ALU_OUT=11111111,OUT_num=127 | OF=0 SF=0 ZF=0 CF=0
Xor Operation
                1300:A=01111111,127 B=10000010,  2 OPCODE= 6 OutputEnable=1 ALU_ENABLE=1 | ALU_OUT=11111111,OUT_num=127 | OF=0 SF=0 ZF=0 CF=0
                1305:A=01111111,127 B=10000010,  2 OPCODE= 6 OutputEnable=1 ALU_ENABLE=1 | ALU_OUT=11111101,OUT_num=125 | OF=0 SF=0 ZF=0 CF=0
Not A
                1310:A=01111111,127 B=10000010,  2 OPCODE= 7 OutputEnable=1 ALU_ENABLE=1 | ALU_OUT=11111101,OUT_num=125 | OF=0 SF=0 ZF=0 CF=0
                1315:A=01111111,127 B=10000010,  2 OPCODE= 7 OutputEnable=1 ALU_ENABLE=1 | ALU_OUT=10000000,OUT_num=  0 | OF=0 SF=0 ZF=1 CF=0
Addition
                1320:A=00000010,  2 B=11111111,127 OPCODE= 2 OutputEnable=1 ALU_ENABLE=1 | ALU_OUT=10000000,OUT_num=  0 | OF=0 SF=0 ZF=1 CF=0
                1325:A=00000010,  2 B=11111111,127 OPCODE= 2 OutputEnable=1 ALU_ENABLE=1 | ALU_OUT=11111101,OUT_num=125 | OF=0 SF=1 ZF=0 CF=0
Subtraction
                1330:A=00000010,  2 B=11111111,127 OPCODE= 3 OutputEnable=1 ALU_ENABLE=1 | ALU_OUT=11111101,OUT_num=125 | OF=0 SF=1 ZF=0 CF=0
                1335:A=00000010,  2 B=11111111,127 OPCODE= 3 OutputEnable=1 ALU_ENABLE=1 | ALU_OUT=00000001,OUT_num=  1 | OF=1 SF=0 ZF=0 CF=0
And Operation
                1340:A=00000010,  2 B=11111111,127 OPCODE= 4 OutputEnable=1 ALU_ENABLE=1 | ALU_OUT=00000001,OUT_num=  1 | OF=1 SF=0 ZF=0 CF=0
                1345:A=00000010,  2 B=11111111,127 OPCODE= 4 OutputEnable=1 ALU_ENABLE=1 | ALU_OUT=00000010,OUT_num=  2 | OF=0 SF=0 ZF=0 CF=0
Or Operation
                1350:A=00000010,  2 B=11111111,127 OPCODE= 5 OutputEnable=1 ALU_ENABLE=1 | ALU_OUT=00000010,OUT_num=  2 | OF=0 SF=0 ZF=0 CF=0
                1355:A=00000010,  2 B=11111111,127 OPCODE= 5 OutputEnable=1 ALU_ENABLE=1 | ALU_OUT=11111111,OUT_num=127 | OF=0 SF=0 ZF=0 CF=0
Xor Operation
                1360:A=00000010,  2 B=11111111,127 OPCODE= 6 OutputEnable=1 ALU_ENABLE=1 | ALU_OUT=11111111,OUT_num=127 | OF=0 SF=0 ZF=0 CF=0
                1365:A=00000010,  2 B=11111111,127 OPCODE= 6 OutputEnable=1 ALU_ENABLE=1 | ALU_OUT=11111101,OUT_num=125 | OF=0 SF=0 ZF=0 CF=0
Not A
                1370:A=00000010,  2 B=11111111,127 OPCODE= 7 OutputEnable=1 ALU_ENABLE=1 | ALU_OUT=11111101,OUT_num=125 | OF=0 SF=0 ZF=0 CF=0
Addition
                1380:A=01111111,127 B=11111111,127 OPCODE= 2 OutputEnable=1 ALU_ENABLE=1 | ALU_OUT=11111101,OUT_num=125 | OF=0 SF=0 ZF=0 CF=0
                1385:A=01111111,127 B=11111111,127 OPCODE= 2 OutputEnable=1 ALU_ENABLE=1 | ALU_OUT=00000000,OUT_num=  0 | OF=0 SF=0 ZF=1 CF=0
Subtraction
                1390:A=01111111,127 B=11111111,127 OPCODE= 3 OutputEnable=1 ALU_ENABLE=1 | ALU_OUT=00000000,OUT_num=  0 | OF=0 SF=0 ZF=1 CF=0
                1395:A=01111111,127 B=11111111,127 OPCODE= 3 OutputEnable=1 ALU_ENABLE=1 | ALU_OUT=01111110,OUT_num=126 | OF=1 SF=0 ZF=0 CF=0
And Operation
                1400:A=01111111,127 B=11111111,127 OPCODE= 4 OutputEnable=1 ALU_ENABLE=1 | ALU_OUT=01111110,OUT_num=126 | OF=1 SF=0 ZF=0 CF=0
                1405:A=01111111,127 B=11111111,127 OPCODE= 4 OutputEnable=1 ALU_ENABLE=1 | ALU_OUT=01111111,OUT_num=127 | OF=0 SF=0 ZF=0 CF=0
Or Operation
                1410:A=01111111,127 B=11111111,127 OPCODE= 5 OutputEnable=1 ALU_ENABLE=1 | ALU_OUT=01111111,OUT_num=127 | OF=0 SF=0 ZF=0 CF=0
                1415:A=01111111,127 B=11111111,127 OPCODE= 5 OutputEnable=1 ALU_ENABLE=1 | ALU_OUT=11111111,OUT_num=127 | OF=0 SF=0 ZF=0 CF=0
Xor Operation
                1420:A=01111111,127 B=11111111,127 OPCODE= 6 OutputEnable=1 ALU_ENABLE=1 | ALU_OUT=11111111,OUT_num=127 | OF=0 SF=0 ZF=0 CF=0
                1425:A=01111111,127 B=11111111,127 OPCODE= 6 OutputEnable=1 ALU_ENABLE=1 | ALU_OUT=10000000,OUT_num=  0 | OF=0 SF=0 ZF=1 CF=0
Not A
                1430:A=01111111,127 B=11111111,127 OPCODE= 7 OutputEnable=1 ALU_ENABLE=1 | ALU_OUT=10000000,OUT_num=  0 | OF=0 SF=0 ZF=1 CF=0
Addition
-B
                1440:A=00000011,  3 B=10000010,  2 OPCODE= 2 OutputEnable=1 ALU_ENABLE=1 | ALU_OUT=10000000,OUT_num=  0 | OF=0 SF=0 ZF=1 CF=0
                1445:A=00000011,  3 B=10000010,  2 OPCODE= 2 OutputEnable=1 ALU_ENABLE=1 | ALU_OUT=00000001,OUT_num=  1 | OF=0 SF=0 ZF=0 CF=0
Subtraction
OE=0 so output will go into high impedance
                1450:A=00000011,  3 B=10000010,  2 OPCODE= 3 OutputEnable=0 ALU_ENABLE=1 | ALU_OUT=00000001,OUT_num=  1 | OF=0 SF=0 ZF=0 CF=0
                1455:A=00000011,  3 B=10000010,  2 OPCODE= 3 OutputEnable=0 ALU_ENABLE=1 | ALU_OUT=zzzzzzzz,OUT_num=  z | OF=0 SF=0 ZF=0 CF=0
And Operation
                1460:A=00000011,  3 B=10000010,  2 OPCODE= 4 OutputEnable=0 ALU_ENABLE=1 | ALU_OUT=zzzzzzzz,OUT_num=  z | OF=0 SF=0 ZF=0 CF=0
Or Operation
                1470:A=00000011,  3 B=10000010,  2 OPCODE= 5 OutputEnable=0 ALU_ENABLE=1 | ALU_OUT=zzzzzzzz,OUT_num=  z | OF=0 SF=0 ZF=0 CF=0
Xor Operation
                1480:A=00000011,  3 B=10000010,  2 OPCODE= 6 OutputEnable=0 ALU_ENABLE=1 | ALU_OUT=zzzzzzzz,OUT_num=  z | OF=0 SF=0 ZF=0 CF=0
Not A
                1490:A=00000011,  3 B=10000010,  2 OPCODE= 7 OutputEnable=0 ALU_ENABLE=1 | ALU_OUT=zzzzzzzz,OUT_num=  z | OF=0 SF=0 ZF=0 CF=0
Addition
                1500:A=00000010,  2 B=10000011,  3 OPCODE= 2 OutputEnable=0 ALU_ENABLE=1 | ALU_OUT=zzzzzzzz,OUT_num=  z | OF=0 SF=0 ZF=0 CF=0
                1505:A=00000010,  2 B=10000011,  3 OPCODE= 2 OutputEnable=0 ALU_ENABLE=1 | ALU_OUT=zzzzzzzz,OUT_num=  z | OF=0 SF=1 ZF=0 CF=0
Subtraction
                1510:A=00000010,  2 B=10000011,  3 OPCODE= 3 OutputEnable=0 ALU_ENABLE=1 | ALU_OUT=zzzzzzzz,OUT_num=  z | OF=0 SF=1 ZF=0 CF=0
                1515:A=00000010,  2 B=10000011,  3 OPCODE= 3 OutputEnable=0 ALU_ENABLE=1 | ALU_OUT=zzzzzzzz,OUT_num=  z | OF=0 SF=0 ZF=0 CF=0
And Operation
                1520:A=00000010,  2 B=10000011,  3 OPCODE= 4 OutputEnable=0 ALU_ENABLE=1 | ALU_OUT=zzzzzzzz,OUT_num=  z | OF=0 SF=0 ZF=0 CF=0
Or Operation
                1530:A=00000010,  2 B=10000011,  3 OPCODE= 5 OutputEnable=0 ALU_ENABLE=1 | ALU_OUT=zzzzzzzz,OUT_num=  z | OF=0 SF=0 ZF=0 CF=0
Xor Operation
                1540:A=00000010,  2 B=10000011,  3 OPCODE= 6 OutputEnable=0 ALU_ENABLE=1 | ALU_OUT=zzzzzzzz,OUT_num=  z | OF=0 SF=0 ZF=0 CF=0
Not A
                1550:A=00000010,  2 B=10000011,  3 OPCODE= 7 OutputEnable=0 ALU_ENABLE=1 | ALU_OUT=zzzzzzzz,OUT_num=  z | OF=0 SF=0 ZF=0 CF=0
Addition
OE=1
                1560:A=00000011,  3 B=10000011,  3 OPCODE= 2 OutputEnable=1 ALU_ENABLE=1 | ALU_OUT=zzzzzzzz,OUT_num=  z | OF=0 SF=0 ZF=0 CF=0
                1565:A=00000011,  3 B=10000011,  3 OPCODE= 2 OutputEnable=1 ALU_ENABLE=1 | ALU_OUT=00000000,OUT_num=  0 | OF=0 SF=0 ZF=1 CF=0
Subtraction
                1570:A=00000011,  3 B=10000011,  3 OPCODE= 3 OutputEnable=1 ALU_ENABLE=1 | ALU_OUT=00000000,OUT_num=  0 | OF=0 SF=0 ZF=1 CF=0
                1575:A=00000011,  3 B=10000011,  3 OPCODE= 3 OutputEnable=1 ALU_ENABLE=1 | ALU_OUT=00000110,OUT_num=  6 | OF=0 SF=0 ZF=0 CF=0
And Operation
                1580:A=00000011,  3 B=10000011,  3 OPCODE= 4 OutputEnable=1 ALU_ENABLE=1 | ALU_OUT=00000110,OUT_num=  6 | OF=0 SF=0 ZF=0 CF=0
                1585:A=00000011,  3 B=10000011,  3 OPCODE= 4 OutputEnable=1 ALU_ENABLE=1 | ALU_OUT=00000011,OUT_num=  3 | OF=0 SF=0 ZF=0 CF=0
Or Operation
                1590:A=00000011,  3 B=10000011,  3 OPCODE= 5 OutputEnable=1 ALU_ENABLE=1 | ALU_OUT=00000011,OUT_num=  3 | OF=0 SF=0 ZF=0 CF=0
                1595:A=00000011,  3 B=10000011,  3 OPCODE= 5 OutputEnable=1 ALU_ENABLE=1 | ALU_OUT=10000011,OUT_num=  3 | OF=0 SF=0 ZF=0 CF=0
Xor Operation
                1600:A=00000011,  3 B=10000011,  3 OPCODE= 6 OutputEnable=1 ALU_ENABLE=1 | ALU_OUT=10000011,OUT_num=  3 | OF=0 SF=0 ZF=0 CF=0
                1605:A=00000011,  3 B=10000011,  3 OPCODE= 6 OutputEnable=1 ALU_ENABLE=1 | ALU_OUT=10000000,OUT_num=  0 | OF=0 SF=0 ZF=1 CF=0
Not A
EN=0
                1610:A=00000011,  3 B=10000011,  3 OPCODE= 7 OutputEnable=1 ALU_ENABLE=0 | ALU_OUT=10000000,OUT_num=  0 | OF=0 SF=0 ZF=1 CF=0
Addition
                1620:A=01111111,127 B=10000010,  2 OPCODE= 2 OutputEnable=1 ALU_ENABLE=0 | ALU_OUT=10000000,OUT_num=  0 | OF=0 SF=0 ZF=1 CF=0
Subtraction
                1630:A=01111111,127 B=10000010,  2 OPCODE= 3 OutputEnable=1 ALU_ENABLE=0 | ALU_OUT=10000000,OUT_num=  0 | OF=0 SF=0 ZF=1 CF=0
And Operation
                1640:A=01111111,127 B=10000010,  2 OPCODE= 4 OutputEnable=1 ALU_ENABLE=0 | ALU_OUT=10000000,OUT_num=  0 | OF=0 SF=0 ZF=1 CF=0
Or Operation
                1650:A=01111111,127 B=10000010,  2 OPCODE= 5 OutputEnable=1 ALU_ENABLE=0 | ALU_OUT=10000000,OUT_num=  0 | OF=0 SF=0 ZF=1 CF=0
Xor Operation
                1660:A=01111111,127 B=10000010,  2 OPCODE= 6 OutputEnable=1 ALU_ENABLE=0 | ALU_OUT=10000000,OUT_num=  0 | OF=0 SF=0 ZF=1 CF=0
Not A
                1670:A=01111111,127 B=10000010,  2 OPCODE= 7 OutputEnable=1 ALU_ENABLE=0 | ALU_OUT=10000000,OUT_num=  0 | OF=0 SF=0 ZF=1 CF=0
Addition
                1680:A=00000010,  2 B=11111111,127 OPCODE= 2 OutputEnable=1 ALU_ENABLE=0 | ALU_OUT=10000000,OUT_num=  0 | OF=0 SF=0 ZF=1 CF=0
Subtraction
                1690:A=00000010,  2 B=11111111,127 OPCODE= 3 OutputEnable=1 ALU_ENABLE=0 | ALU_OUT=10000000,OUT_num=  0 | OF=0 SF=0 ZF=1 CF=0
And Operation
                1700:A=00000010,  2 B=11111111,127 OPCODE= 4 OutputEnable=1 ALU_ENABLE=0 | ALU_OUT=10000000,OUT_num=  0 | OF=0 SF=0 ZF=1 CF=0
Or Operation
                1710:A=00000010,  2 B=11111111,127 OPCODE= 5 OutputEnable=1 ALU_ENABLE=0 | ALU_OUT=10000000,OUT_num=  0 | OF=0 SF=0 ZF=1 CF=0
Xor Operation
                1720:A=00000010,  2 B=11111111,127 OPCODE= 6 OutputEnable=1 ALU_ENABLE=0 | ALU_OUT=10000000,OUT_num=  0 | OF=0 SF=0 ZF=1 CF=0
Not A
                1730:A=00000010,  2 B=11111111,127 OPCODE= 7 OutputEnable=1 ALU_ENABLE=0 | ALU_OUT=10000000,OUT_num=  0 | OF=0 SF=0 ZF=1 CF=0
Addition
EN=1
                1740:A=01111111,127 B=11111111,127 OPCODE= 2 OutputEnable=1 ALU_ENABLE=1 | ALU_OUT=10000000,OUT_num=  0 | OF=0 SF=0 ZF=1 CF=0
                1745:A=01111111,127 B=11111111,127 OPCODE= 2 OutputEnable=1 ALU_ENABLE=1 | ALU_OUT=00000000,OUT_num=  0 | OF=0 SF=0 ZF=1 CF=0
Subtraction
                1750:A=01111111,127 B=11111111,127 OPCODE= 3 OutputEnable=1 ALU_ENABLE=1 | ALU_OUT=00000000,OUT_num=  0 | OF=0 SF=0 ZF=1 CF=0
                1755:A=01111111,127 B=11111111,127 OPCODE= 3 OutputEnable=1 ALU_ENABLE=1 | ALU_OUT=01111110,OUT_num=126 | OF=1 SF=0 ZF=0 CF=0
And Operation
                1760:A=01111111,127 B=11111111,127 OPCODE= 4 OutputEnable=1 ALU_ENABLE=1 | ALU_OUT=01111110,OUT_num=126 | OF=1 SF=0 ZF=0 CF=0
                1765:A=01111111,127 B=11111111,127 OPCODE= 4 OutputEnable=1 ALU_ENABLE=1 | ALU_OUT=01111111,OUT_num=127 | OF=0 SF=0 ZF=0 CF=0
Or Operation
                1770:A=01111111,127 B=11111111,127 OPCODE= 5 OutputEnable=1 ALU_ENABLE=1 | ALU_OUT=01111111,OUT_num=127 | OF=0 SF=0 ZF=0 CF=0
                1775:A=01111111,127 B=11111111,127 OPCODE= 5 OutputEnable=1 ALU_ENABLE=1 | ALU_OUT=11111111,OUT_num=127 | OF=0 SF=0 ZF=0 CF=0
Xor Operation
                1780:A=01111111,127 B=11111111,127 OPCODE= 6 OutputEnable=1 ALU_ENABLE=1 | ALU_OUT=11111111,OUT_num=127 | OF=0 SF=0 ZF=0 CF=0
                1785:A=01111111,127 B=11111111,127 OPCODE= 6 OutputEnable=1 ALU_ENABLE=1 | ALU_OUT=10000000,OUT_num=  0 | OF=0 SF=0 ZF=1 CF=0
Not A
                1790:A=01111111,127 B=11111111,127 OPCODE= 7 OutputEnable=1 ALU_ENABLE=1 | ALU_OUT=10000000,OUT_num=  0 | OF=0 SF=0 ZF=1 CF=0
$finish called from file "alu_tb1.v", line 184.
$finish at simulation time                18000
           V C S   S i m u l a t i o n   R e p o r t 
Time: 1800000 ps
CPU Time:      0.240 seconds;       Data structure size:   0.0Mb
Wed Apr 21 21:49:47 2021
