# Preference setting overrides
gui_create_pref_key -category {Globals} -key {load_detail_for_funcov} -value_type {bool} -value {false}

# State setting overrides
gui_state_default_create -off -ini
gui_set_state_value -category Globals -key recent_databases -value {{gui_open_db -file /home/users9/jp581081/526LSP21/LAB6B/vcdplus.vpd -design V1} {gui_open_db -file /home/users9/jp581081/526LSP21/LAB6/vcdplus.vpd -design V1} {gui_open_db -file /home/users9/jp581081/526LSP21/HW_TEST/vcdplus.vpd -design V1} {gui_open_db -file /home/users9/jp581081/526LSP21/LAB5/vcdplus.vpd -design V1} {gui_open_db -file /home/users9/jp581081/526LSP21/LAB4/vcdplus.vpd -design V1}}
gui_set_state_value -category Layout -key child_console_size_x -value 1476
gui_set_state_value -category Layout -key child_console_size_y -value 116
gui_set_state_value -category Layout -key child_data_size_x -value 178
gui_set_state_value -category Layout -key child_data_size_y -value 566
gui_set_state_value -category Layout -key child_hier_col3 -value {-1}
gui_set_state_value -category Layout -key child_hier_colpd -value 0
gui_set_state_value -category Layout -key child_hier_size_x -value 151
gui_set_state_value -category Layout -key child_hier_size_y -value 566
gui_set_state_value -category Layout -key child_source_docknewline -value false
gui_set_state_value -category Layout -key child_source_pos_x -value {-2}
gui_set_state_value -category Layout -key child_source_pos_y -value {-15}
gui_set_state_value -category Layout -key child_source_size_x -value 1150
gui_set_state_value -category Layout -key child_source_size_y -value 561
gui_set_state_value -category Layout -key child_watch_size_x -value 1264
gui_set_state_value -category Layout -key child_watch_size_y -value 105
gui_set_state_value -category Layout -key child_wave_colname -value 230
gui_set_state_value -category Layout -key child_wave_colvalue -value 210
gui_set_state_value -category Layout -key child_wave_docknewline -value false
gui_set_state_value -category Layout -key child_wave_left -value 445
gui_set_state_value -category Layout -key child_wave_pos_x -value {-2}
gui_set_state_value -category Layout -key child_wave_pos_y -value {-15}
gui_set_state_value -category Layout -key child_wave_right -value 1085
gui_set_state_value -category Layout -key child_wave_size_x -value 1269
gui_set_state_value -category Layout -key child_wave_size_y -value 434
gui_set_state_value -category Layout -key main_pos_x -value 8
gui_set_state_value -category Layout -key main_pos_y -value 31
gui_set_state_value -category Layout -key main_size_x -value 1484
gui_set_state_value -category Layout -key main_size_y -value 812
gui_set_state_value -category Layout -key stand_wave_child_docknewline -value false
gui_set_state_value -category Layout -key stand_wave_child_pos_x -value {-2}
gui_set_state_value -category Layout -key stand_wave_child_pos_y -value {-15}
gui_set_state_value -category Layout -key stand_wave_child_size_x -value 1540
gui_set_state_value -category Layout -key stand_wave_child_size_y -value 696
gui_set_state_value -category Layout -key stand_wave_top_pos_x -value 0
gui_set_state_value -category Layout -key stand_wave_top_pos_y -value 23
gui_set_state_value -category Layout -key stand_wave_top_size_x -value 1535
gui_set_state_value -category Layout -key stand_wave_top_size_y -value 823
gui_create_state_key -category FindDialog -key m_pMatchCase -value_type bool -value false
gui_create_state_key -category FindDialog -key m_pMatchWord -value_type bool -value false
gui_create_state_key -category FindDialog -key m_pUseCombo -value_type string -value {}
gui_create_state_key -category FindDialog -key m_pWrapAround -value_type bool -value true
gui_create_state_key -category SearchDialog -key MatchCase -value_type bool -value false
gui_create_state_key -category SearchDialog -key MatchWord -value_type bool -value true
gui_create_state_key -category SearchDialog -key SearchMode -value_type string -value Wildcards
gui_create_state_key -category SearchDialog -key UseCombo -value_type bool -value true
gui_state_default_create -off

# Begin command logging
gui_open_db -file /home/users9/jp581081/526LSP21/LAB6B/vcdplus.vpd -design V1
gui_src_highlight_item -id Source.1 -lfrom 32 -idxfrom 219 -fileIdFrom 0 -lto 32 -idxto 226 -fileIdTo 0 -selection {DATA_IN} -selectionId 0 -replace 0
gui_src_highlight_item -id Source.1 -lfrom 32 -idxfrom 227 -fileIdFrom 0 -lto 32 -idxto 239 -fileIdTo 0 -selection {SOP1.S1.R1.R} -selectionId 1 -replace 0
gui_src_highlight_item -id Source.1 -lfrom 32 -idxfrom 241 -fileIdFrom 0 -lto 32 -idxto 253 -fileIdTo 0 -selection {SOP1.S1.R2.R} -selectionId 2 -replace 0
gui_src_highlight_item -id Source.1 -lfrom 32 -idxfrom 254 -fileIdFrom 0 -lto 32 -idxto 266 -fileIdTo 0 -selection {SOP1.S2.R1.R} -selectionId 3 -replace 0
gui_src_highlight_item -id Source.1 -lfrom 32 -idxfrom 268 -fileIdFrom 0 -lto 32 -idxto 280 -fileIdTo 0 -selection {SOP1.S2.R2.R} -selectionId 4 -replace 0
gui_src_highlight_item -id Source.1 -lfrom 32 -idxfrom 407 -fileIdFrom 0 -lto 32 -idxto 414 -fileIdTo 0 -selection {SOP2.r0} -selectionId 5 -replace 0
gui_src_highlight_item -id Source.1 -lfrom 32 -idxfrom 415 -fileIdFrom 0 -lto 32 -idxto 422 -fileIdTo 0 -selection {SOP2.r1} -selectionId 6 -replace 0
gui_src_highlight_item -id Source.1 -lfrom 32 -idxfrom 428 -fileIdFrom 0 -lto 32 -idxto 429 -fileIdTo 0 -selection {r} -selectionId 0 -replace 1
gui_src_highlight_item -id Source.1 -lfrom 32 -idxfrom 423 -fileIdFrom 0 -lto 32 -idxto 430 -fileIdTo 0 -selection {SOP2.r2} -selectionId 7 -replace 0
gui_src_highlight_item -id Source.1 -lfrom 32 -idxfrom 431 -fileIdFrom 0 -lto 32 -idxto 438 -fileIdTo 0 -selection {SOP2.r3} -selectionId 8 -replace 0
gui_src_highlight_item -id Source.1 -lfrom 20 -idxfrom 11 -fileIdFrom 0 -lto 20 -idxto 13 -fileIdTo 0 -selection {C0} -selectionId 9 -replace 0
gui_src_highlight_item -id Source.1 -lfrom 20 -idxfrom 14 -fileIdFrom 0 -lto 20 -idxto 16 -fileIdTo 0 -selection {C1} -selectionId 10 -replace 0
gui_src_highlight_item -id Source.1 -lfrom 20 -idxfrom 17 -fileIdFrom 0 -lto 20 -idxto 19 -fileIdTo 0 -selection {C2} -selectionId 11 -replace 0
gui_src_highlight_item -id Source.1 -lfrom 20 -idxfrom 20 -fileIdFrom 0 -lto 20 -idxto 22 -fileIdTo 0 -selection {C3} -selectionId 12 -replace 0
gui_src_highlight_item -id Source.1 -lfrom 32 -idxfrom 507 -fileIdFrom 0 -lto 32 -idxto 508 -fileIdTo 0 -selection {_} -selectionId 0 -replace 1
gui_src_highlight_item -id Source.1 -lfrom 32 -idxfrom 504 -fileIdFrom 0 -lto 32 -idxto 512 -fileIdTo 0 -selection {OUT_sop1} -selectionId 13 -replace 0
gui_src_highlight_item -id Source.1 -lfrom 32 -idxfrom 513 -fileIdFrom 0 -lto 32 -idxto 521 -fileIdTo 0 -selection {OUT_sop2} -selectionId 14 -replace 0
gui_open_window Wave
gui_list_add -id Wave.1 -from Source.1 { {text.SOP1.S1.R1.R[3:0]} {text.SOP1.S1.R2.R[3:0]} {text.SOP1.S2.R1.R[3:0]} {text.SOP1.S2.R2.R[3:0]} {text.SOP2.r0[3:0]} {text.SOP2.r1[3:0]} {text.SOP2.r2[3:0]} {text.SOP2.r3[3:0]} {text.C0[3:0]} {text.C1[3:0]} {text.C2[3:0]} {text.C3[3:0]} {text.OUT_sop1[9:0]} {text.OUT_sop2[9:0]} } -insertionbar
gui_list_select_all -id Wave.1
gui_list_set_selected_property -id Wave.1 -radix decimal
gui_list_select -id Wave.1 -selected  {  }
gui_wv_scrollright -id  Wave.1  line
gui_wv_scrollright -id  Wave.1  line
gui_wv_scrollright -id  Wave.1  line
gui_wv_scrollright -id  Wave.1  line
gui_wv_scrollright -id  Wave.1  line
gui_wv_scrollright -id  Wave.1  line
gui_wv_scrollright -id  Wave.1  line
gui_wv_scrollright -id  Wave.1  line
gui_wv_scrollright -id  Wave.1  line
gui_wv_scrollright -id  Wave.1  line
gui_wv_scrollright -id  Wave.1  line
gui_wv_scrollright -id  Wave.1  line
gui_wv_scrollright -id  Wave.1  line
gui_wv_scrollright -id  Wave.1  line
gui_wv_scrollright -id  Wave.1  line
gui_wv_scrollright -id  Wave.1  line
gui_wv_scrollright -id  Wave.1  line
gui_wv_scrollright -id  Wave.1  line
gui_wv_scrollright -id  Wave.1  line
gui_wv_scrollright -id  Wave.1  line
gui_wv_scrollright -id  Wave.1  line
gui_wv_scrollright -id  Wave.1  line
gui_wv_scroll_hslidermove -id  Wave.1 66902793
gui_wv_scrollright -id  Wave.1  line
gui_wv_scrollright -id  Wave.1  line
gui_wv_scrollright -id  Wave.1  line
gui_wv_scrollright -id  Wave.1  line
gui_wv_scrollright -id  Wave.1  line
gui_wv_scrollright -id  Wave.1  line
gui_wv_scrollright -id  Wave.1  line
gui_marker_move -id  Wave.1 C1 22369415
gui_close_window -window TopLevel.2
gui_src_highlight_item -id Source.1 -lfrom 32 -idxfrom 219 -fileIdFrom 0 -lto 32 -idxto 226 -fileIdTo 0 -selection {DATA_IN} -selectionId 15 -replace 0
gui_open_window Wave
gui_list_add -id Wave.1 -from Source.1 { {text.SOP1.S1.R1.R[3:0]} {text.SOP1.S1.R2.R[3:0]} {text.SOP1.S2.R1.R[3:0]} {text.SOP1.S2.R2.R[3:0]} {text.SOP2.r0[3:0]} {text.SOP2.r1[3:0]} {text.SOP2.r2[3:0]} {text.SOP2.r3[3:0]} {text.C0[3:0]} {text.C1[3:0]} {text.C2[3:0]} {text.C3[3:0]} {text.OUT_sop1[9:0]} {text.OUT_sop2[9:0]} {text.DATA_IN[3:0]} } -insertionbar
gui_list_select -id Wave.1 -selected  { {text.DATA_IN[3:0]}   }
gui_list_move  -id  Wave.1    -sid  Wave.1   -after Group2 {{text.DATA_IN[3:0]}}
gui_list_select -id Wave.1 -selected  { {text.OUT_sop2[9:0]}   }
gui_list_select -id Wave.1 -selected  {  }
gui_wv_scroll_hslidermove -id  Wave.1 67107808
gui_wv_scrollright -id  Wave.1  line
gui_wv_scrollright -id  Wave.1  line
gui_wv_scrollright -id  Wave.1  line
gui_wv_scrollright -id  Wave.1  line
gui_wv_scrollright -id  Wave.1  line
gui_close_window -window TopLevel.2
gui_src_highlight_item -id Source.1 -lfrom 21 -idxfrom 5 -fileIdFrom 0 -lto 21 -idxto 8 -fileIdTo 0 -selection {CLK} -selectionId 16 -replace 0
gui_open_window Wave
gui_list_add -id Wave.1 -from Source.1 { {text.SOP1.S1.R1.R[3:0]} {text.SOP1.S1.R2.R[3:0]} {text.SOP1.S2.R1.R[3:0]} {text.SOP1.S2.R2.R[3:0]} {text.SOP2.r0[3:0]} {text.SOP2.r1[3:0]} {text.SOP2.r2[3:0]} {text.SOP2.r3[3:0]} {text.C0[3:0]} {text.C1[3:0]} {text.C2[3:0]} {text.C3[3:0]} {text.OUT_sop1[9:0]} {text.OUT_sop2[9:0]} {text.DATA_IN[3:0]} text.CLK } -insertionbar
gui_list_select -id Wave.1 -selected  { text.CLK   }
gui_list_move  -id  Wave.1    -sid  Wave.1   -after Group3 {{text.CLK}}
gui_list_select_all -id Wave.1
gui_list_set_selected_property -id Wave.1 -radix decimal
gui_list_select -id Wave.1 -selected  { text.CLK   }
gui_list_set_selected_property -id Wave.1 -radix binary
gui_marker_move -id  Wave.1 C1 35
gui_marker_move -id  Wave.1 C1 0
gui_list_select -id Wave.1 -selected  {  }
gui_wv_scrollright -id  Wave.1  line
gui_wv_scrollright -id  Wave.1  line
gui_wv_scrollright -id  Wave.1  line
gui_wv_scrollright -id  Wave.1  line
gui_wv_scrollright -id  Wave.1  line
gui_list_select -id Wave.1 -selected  { {text.DATA_IN[3:0]}   }
gui_list_move  -id  Wave.1    -sid  Wave.1   -after text.CLK {{text.DATA_IN[3:0]}} 
gui_list_select -id Wave.1 -selected  { {New Group}   }
gui_list_select -id Wave.1 -selected  {  }
gui_close_window -window TopLevel.2
