Command: /home/users9/jp581081/526LSP21/LAB9/./simv -l fifo_FWFT.log
Chronologic VCS simulator copyright 1991-2017
Contains Synopsys proprietary information.
Compiler version N-2017.12-SP2-2_Full64; Runtime version N-2017.12-SP2-2_Full64;  May  1 18:13 2021
VCD+ Writer N-2017.12-SP2-2_Full64 Copyright (c) 1991-2017 by Synopsys Inc.
                   0:rst_n=x, data_in=  1, wr_en=0, almost_full=0, full=0, overflow=x, rd_en=0 data_out=  0, valid=x, almost_empty=1, empty=1, underflow=x, count= 0
                  10:rst_n=x, data_in=  1, wr_en=0, almost_full=0, full=0, overflow=0, rd_en=0 data_out=  0, valid=0, almost_empty=1, empty=1, underflow=0, count= 0
                  20:rst_n=x, data_in=  2, wr_en=1, almost_full=0, full=0, overflow=0, rd_en=0 data_out=  0, valid=0, almost_empty=1, empty=1, underflow=0, count= 0
                  30:rst_n=x, data_in=  2, wr_en=1, almost_full=0, full=0, overflow=0, rd_en=0 data_out=  0, valid=0, almost_empty=1, empty=0, underflow=0, count= 1
                  40:rst_n=x, data_in=  3, wr_en=1, almost_full=0, full=0, overflow=0, rd_en=0 data_out=  0, valid=0, almost_empty=1, empty=0, underflow=0, count= 1
                  50:rst_n=x, data_in=  3, wr_en=1, almost_full=0, full=0, overflow=0, rd_en=0 data_out=  2, valid=0, almost_empty=1, empty=0, underflow=0, count= 2
                  60:rst_n=x, data_in=  4, wr_en=1, almost_full=0, full=0, overflow=0, rd_en=0 data_out=  2, valid=0, almost_empty=1, empty=0, underflow=0, count= 2
                  70:rst_n=x, data_in=  4, wr_en=1, almost_full=0, full=0, overflow=0, rd_en=0 data_out=  2, valid=0, almost_empty=0, empty=0, underflow=0, count= 3
                  80:rst_n=x, data_in=  5, wr_en=1, almost_full=0, full=0, overflow=0, rd_en=0 data_out=  2, valid=0, almost_empty=0, empty=0, underflow=0, count= 3
                  90:rst_n=x, data_in=  5, wr_en=1, almost_full=0, full=0, overflow=0, rd_en=0 data_out=  2, valid=0, almost_empty=0, empty=0, underflow=0, count= 4
                 100:rst_n=x, data_in=  6, wr_en=1, almost_full=0, full=0, overflow=0, rd_en=0 data_out=  2, valid=0, almost_empty=0, empty=0, underflow=0, count= 4
                 110:rst_n=x, data_in=  6, wr_en=1, almost_full=0, full=0, overflow=0, rd_en=0 data_out=  2, valid=0, almost_empty=0, empty=0, underflow=0, count= 5
                 120:rst_n=x, data_in=  7, wr_en=1, almost_full=0, full=0, overflow=0, rd_en=0 data_out=  2, valid=0, almost_empty=0, empty=0, underflow=0, count= 5
                 130:rst_n=x, data_in=  7, wr_en=1, almost_full=0, full=0, overflow=0, rd_en=0 data_out=  2, valid=0, almost_empty=0, empty=0, underflow=0, count= 6
                 140:rst_n=x, data_in=  8, wr_en=1, almost_full=0, full=0, overflow=0, rd_en=0 data_out=  2, valid=0, almost_empty=0, empty=0, underflow=0, count= 6
                 150:rst_n=x, data_in=  8, wr_en=1, almost_full=0, full=0, overflow=0, rd_en=0 data_out=  2, valid=0, almost_empty=0, empty=0, underflow=0, count= 7
                 160:rst_n=x, data_in=  9, wr_en=1, almost_full=0, full=0, overflow=0, rd_en=0 data_out=  2, valid=0, almost_empty=0, empty=0, underflow=0, count= 7
                 170:rst_n=x, data_in=  9, wr_en=1, almost_full=0, full=0, overflow=0, rd_en=0 data_out=  2, valid=0, almost_empty=0, empty=0, underflow=0, count= 8
                 180:rst_n=x, data_in= 10, wr_en=1, almost_full=0, full=0, overflow=0, rd_en=0 data_out=  2, valid=0, almost_empty=0, empty=0, underflow=0, count= 8
                 190:rst_n=x, data_in= 10, wr_en=1, almost_full=0, full=0, overflow=0, rd_en=0 data_out=  2, valid=0, almost_empty=0, empty=0, underflow=0, count= 9
                 200:rst_n=x, data_in= 11, wr_en=1, almost_full=0, full=0, overflow=0, rd_en=0 data_out=  2, valid=0, almost_empty=0, empty=0, underflow=0, count= 9
                 210:rst_n=x, data_in= 11, wr_en=1, almost_full=0, full=0, overflow=0, rd_en=0 data_out=  2, valid=0, almost_empty=0, empty=0, underflow=0, count=10
                 220:rst_n=x, data_in= 12, wr_en=1, almost_full=0, full=0, overflow=0, rd_en=0 data_out=  2, valid=0, almost_empty=0, empty=0, underflow=0, count=10
                 230:rst_n=x, data_in= 12, wr_en=1, almost_full=0, full=0, overflow=0, rd_en=0 data_out=  2, valid=0, almost_empty=0, empty=0, underflow=0, count=11
                 240:rst_n=x, data_in= 13, wr_en=1, almost_full=0, full=0, overflow=0, rd_en=0 data_out=  2, valid=0, almost_empty=0, empty=0, underflow=0, count=11
                 250:rst_n=x, data_in= 13, wr_en=1, almost_full=0, full=0, overflow=0, rd_en=0 data_out=  2, valid=0, almost_empty=0, empty=0, underflow=0, count=12
                 260:rst_n=x, data_in= 14, wr_en=1, almost_full=0, full=0, overflow=0, rd_en=0 data_out=  2, valid=0, almost_empty=0, empty=0, underflow=0, count=12
                 270:rst_n=x, data_in= 14, wr_en=1, almost_full=0, full=0, overflow=0, rd_en=0 data_out=  2, valid=0, almost_empty=0, empty=0, underflow=0, count=13
                 280:rst_n=x, data_in= 15, wr_en=1, almost_full=0, full=0, overflow=0, rd_en=0 data_out=  2, valid=0, almost_empty=0, empty=0, underflow=0, count=13
                 290:rst_n=x, data_in= 15, wr_en=1, almost_full=0, full=0, overflow=0, rd_en=0 data_out=  2, valid=0, almost_empty=0, empty=0, underflow=0, count=14
                 300:rst_n=x, data_in= 16, wr_en=1, almost_full=0, full=0, overflow=0, rd_en=0 data_out=  2, valid=0, almost_empty=0, empty=0, underflow=0, count=14
                 310:rst_n=x, data_in= 16, wr_en=1, almost_full=0, full=0, overflow=0, rd_en=0 data_out=  2, valid=0, almost_empty=0, empty=0, underflow=0, count=15
                 320:rst_n=x, data_in= 17, wr_en=1, almost_full=0, full=0, overflow=0, rd_en=0 data_out=  2, valid=0, almost_empty=0, empty=0, underflow=0, count=15
                 330:rst_n=x, data_in= 17, wr_en=1, almost_full=0, full=0, overflow=0, rd_en=0 data_out=  2, valid=0, almost_empty=0, empty=0, underflow=0, count=16
                 340:rst_n=x, data_in= 18, wr_en=1, almost_full=0, full=0, overflow=0, rd_en=0 data_out=  2, valid=0, almost_empty=0, empty=0, underflow=0, count=16
                 350:rst_n=x, data_in= 18, wr_en=1, almost_full=0, full=0, overflow=0, rd_en=0 data_out=  2, valid=0, almost_empty=0, empty=0, underflow=0, count=17
                 360:rst_n=x, data_in= 19, wr_en=1, almost_full=0, full=0, overflow=0, rd_en=0 data_out=  2, valid=0, almost_empty=0, empty=0, underflow=0, count=17
                 370:rst_n=x, data_in= 19, wr_en=1, almost_full=0, full=0, overflow=0, rd_en=0 data_out=  2, valid=0, almost_empty=0, empty=0, underflow=0, count=18
                 380:rst_n=x, data_in= 20, wr_en=1, almost_full=0, full=0, overflow=0, rd_en=0 data_out=  2, valid=0, almost_empty=0, empty=0, underflow=0, count=18
                 390:rst_n=x, data_in= 20, wr_en=1, almost_full=0, full=0, overflow=0, rd_en=0 data_out=  2, valid=0, almost_empty=0, empty=0, underflow=0, count=19
                 400:rst_n=x, data_in= 21, wr_en=1, almost_full=0, full=0, overflow=0, rd_en=0 data_out=  2, valid=0, almost_empty=0, empty=0, underflow=0, count=19
                 410:rst_n=x, data_in= 21, wr_en=1, almost_full=0, full=0, overflow=0, rd_en=0 data_out=  2, valid=0, almost_empty=0, empty=0, underflow=0, count=20
                 420:rst_n=x, data_in= 22, wr_en=1, almost_full=0, full=0, overflow=0, rd_en=0 data_out=  2, valid=0, almost_empty=0, empty=0, underflow=0, count=20
                 430:rst_n=x, data_in= 22, wr_en=1, almost_full=0, full=0, overflow=0, rd_en=0 data_out=  2, valid=0, almost_empty=0, empty=0, underflow=0, count=21
                 440:rst_n=x, data_in= 23, wr_en=1, almost_full=0, full=0, overflow=0, rd_en=0 data_out=  2, valid=0, almost_empty=0, empty=0, underflow=0, count=21
                 450:rst_n=x, data_in= 23, wr_en=1, almost_full=0, full=0, overflow=0, rd_en=0 data_out=  2, valid=0, almost_empty=0, empty=0, underflow=0, count=22
                 460:rst_n=x, data_in= 24, wr_en=1, almost_full=0, full=0, overflow=0, rd_en=0 data_out=  2, valid=0, almost_empty=0, empty=0, underflow=0, count=22
                 470:rst_n=x, data_in= 24, wr_en=1, almost_full=0, full=0, overflow=0, rd_en=0 data_out=  2, valid=0, almost_empty=0, empty=0, underflow=0, count=23
                 480:rst_n=x, data_in= 25, wr_en=1, almost_full=0, full=0, overflow=0, rd_en=0 data_out=  2, valid=0, almost_empty=0, empty=0, underflow=0, count=23
                 490:rst_n=x, data_in= 25, wr_en=1, almost_full=0, full=0, overflow=0, rd_en=0 data_out=  2, valid=0, almost_empty=0, empty=0, underflow=0, count=24
                 500:rst_n=x, data_in= 26, wr_en=1, almost_full=0, full=0, overflow=0, rd_en=0 data_out=  2, valid=0, almost_empty=0, empty=0, underflow=0, count=24
                 510:rst_n=x, data_in= 26, wr_en=1, almost_full=0, full=0, overflow=0, rd_en=0 data_out=  2, valid=0, almost_empty=0, empty=0, underflow=0, count=25
                 520:rst_n=x, data_in= 27, wr_en=1, almost_full=0, full=0, overflow=0, rd_en=0 data_out=  2, valid=0, almost_empty=0, empty=0, underflow=0, count=25
                 530:rst_n=x, data_in= 27, wr_en=1, almost_full=0, full=0, overflow=0, rd_en=0 data_out=  2, valid=0, almost_empty=0, empty=0, underflow=0, count=26
                 540:rst_n=x, data_in= 28, wr_en=1, almost_full=0, full=0, overflow=0, rd_en=0 data_out=  2, valid=0, almost_empty=0, empty=0, underflow=0, count=26
                 550:rst_n=x, data_in= 28, wr_en=1, almost_full=0, full=0, overflow=0, rd_en=0 data_out=  2, valid=0, almost_empty=0, empty=0, underflow=0, count=27
                 560:rst_n=x, data_in= 29, wr_en=1, almost_full=0, full=0, overflow=0, rd_en=0 data_out=  2, valid=0, almost_empty=0, empty=0, underflow=0, count=27
                 570:rst_n=x, data_in= 29, wr_en=1, almost_full=0, full=0, overflow=0, rd_en=0 data_out=  2, valid=0, almost_empty=0, empty=0, underflow=0, count=28
                 580:rst_n=x, data_in= 30, wr_en=1, almost_full=0, full=0, overflow=0, rd_en=0 data_out=  2, valid=0, almost_empty=0, empty=0, underflow=0, count=28
                 590:rst_n=x, data_in= 30, wr_en=1, almost_full=0, full=0, overflow=0, rd_en=0 data_out=  2, valid=0, almost_empty=0, empty=0, underflow=0, count=29
                 600:rst_n=x, data_in= 31, wr_en=1, almost_full=0, full=0, overflow=0, rd_en=0 data_out=  2, valid=0, almost_empty=0, empty=0, underflow=0, count=29
                 610:rst_n=x, data_in= 31, wr_en=1, almost_full=1, full=0, overflow=0, rd_en=0 data_out=  2, valid=0, almost_empty=0, empty=0, underflow=0, count=30
                 620:rst_n=x, data_in= 32, wr_en=1, almost_full=1, full=0, overflow=0, rd_en=0 data_out=  2, valid=0, almost_empty=0, empty=0, underflow=0, count=30
                 630:rst_n=x, data_in= 32, wr_en=1, almost_full=1, full=0, overflow=0, rd_en=0 data_out=  2, valid=0, almost_empty=0, empty=0, underflow=0, count=31
                 640:rst_n=x, data_in= 33, wr_en=1, almost_full=1, full=0, overflow=0, rd_en=0 data_out=  2, valid=0, almost_empty=0, empty=0, underflow=0, count=31
                 650:rst_n=x, data_in= 33, wr_en=1, almost_full=1, full=1, overflow=0, rd_en=0 data_out=  2, valid=0, almost_empty=0, empty=0, underflow=0, count=32
                 660:rst_n=x, data_in= 34, wr_en=1, almost_full=1, full=1, overflow=0, rd_en=0 data_out=  2, valid=0, almost_empty=0, empty=0, underflow=0, count=32
                 670:rst_n=x, data_in= 34, wr_en=1, almost_full=1, full=1, overflow=1, rd_en=0 data_out=  2, valid=0, almost_empty=0, empty=0, underflow=0, count=32
                 680:rst_n=x, data_in= 35, wr_en=0, almost_full=1, full=1, overflow=1, rd_en=0 data_out=  2, valid=0, almost_empty=0, empty=0, underflow=0, count=32
                 690:rst_n=x, data_in= 35, wr_en=0, almost_full=1, full=1, overflow=0, rd_en=0 data_out=  2, valid=0, almost_empty=0, empty=0, underflow=0, count=32
                 700:rst_n=x, data_in= 36, wr_en=0, almost_full=1, full=1, overflow=0, rd_en=1 data_out=  2, valid=0, almost_empty=0, empty=0, underflow=0, count=32
                 710:rst_n=x, data_in= 36, wr_en=0, almost_full=1, full=0, overflow=0, rd_en=1 data_out=  3, valid=1, almost_empty=0, empty=0, underflow=0, count=31
                 720:rst_n=x, data_in= 37, wr_en=0, almost_full=1, full=0, overflow=0, rd_en=1 data_out=  3, valid=1, almost_empty=0, empty=0, underflow=0, count=31
                 730:rst_n=x, data_in= 37, wr_en=0, almost_full=1, full=0, overflow=0, rd_en=1 data_out=  4, valid=1, almost_empty=0, empty=0, underflow=0, count=30
                 740:rst_n=x, data_in= 38, wr_en=0, almost_full=1, full=0, overflow=0, rd_en=1 data_out=  4, valid=1, almost_empty=0, empty=0, underflow=0, count=30
                 750:rst_n=x, data_in= 38, wr_en=0, almost_full=0, full=0, overflow=0, rd_en=1 data_out=  5, valid=1, almost_empty=0, empty=0, underflow=0, count=29
                 760:rst_n=x, data_in= 39, wr_en=0, almost_full=0, full=0, overflow=0, rd_en=1 data_out=  5, valid=1, almost_empty=0, empty=0, underflow=0, count=29
                 770:rst_n=x, data_in= 39, wr_en=0, almost_full=0, full=0, overflow=0, rd_en=1 data_out=  6, valid=1, almost_empty=0, empty=0, underflow=0, count=28
                 780:rst_n=x, data_in= 40, wr_en=0, almost_full=0, full=0, overflow=0, rd_en=1 data_out=  6, valid=1, almost_empty=0, empty=0, underflow=0, count=28
                 790:rst_n=x, data_in= 40, wr_en=0, almost_full=0, full=0, overflow=0, rd_en=1 data_out=  7, valid=1, almost_empty=0, empty=0, underflow=0, count=27
                 800:rst_n=x, data_in= 41, wr_en=0, almost_full=0, full=0, overflow=0, rd_en=1 data_out=  7, valid=1, almost_empty=0, empty=0, underflow=0, count=27
                 810:rst_n=x, data_in= 41, wr_en=0, almost_full=0, full=0, overflow=0, rd_en=1 data_out=  8, valid=1, almost_empty=0, empty=0, underflow=0, count=26
                 820:rst_n=x, data_in= 42, wr_en=0, almost_full=0, full=0, overflow=0, rd_en=1 data_out=  8, valid=1, almost_empty=0, empty=0, underflow=0, count=26
                 830:rst_n=x, data_in= 42, wr_en=0, almost_full=0, full=0, overflow=0, rd_en=1 data_out=  9, valid=1, almost_empty=0, empty=0, underflow=0, count=25
                 840:rst_n=x, data_in= 43, wr_en=0, almost_full=0, full=0, overflow=0, rd_en=1 data_out=  9, valid=1, almost_empty=0, empty=0, underflow=0, count=25
                 850:rst_n=x, data_in= 43, wr_en=0, almost_full=0, full=0, overflow=0, rd_en=1 data_out= 10, valid=1, almost_empty=0, empty=0, underflow=0, count=24
                 860:rst_n=x, data_in= 44, wr_en=0, almost_full=0, full=0, overflow=0, rd_en=1 data_out= 10, valid=1, almost_empty=0, empty=0, underflow=0, count=24
                 870:rst_n=x, data_in= 44, wr_en=0, almost_full=0, full=0, overflow=0, rd_en=1 data_out= 11, valid=1, almost_empty=0, empty=0, underflow=0, count=23
                 880:rst_n=x, data_in= 45, wr_en=0, almost_full=0, full=0, overflow=0, rd_en=1 data_out= 11, valid=1, almost_empty=0, empty=0, underflow=0, count=23
                 890:rst_n=x, data_in= 45, wr_en=0, almost_full=0, full=0, overflow=0, rd_en=1 data_out= 12, valid=1, almost_empty=0, empty=0, underflow=0, count=22
                 900:rst_n=x, data_in= 46, wr_en=0, almost_full=0, full=0, overflow=0, rd_en=1 data_out= 12, valid=1, almost_empty=0, empty=0, underflow=0, count=22
                 910:rst_n=x, data_in= 46, wr_en=0, almost_full=0, full=0, overflow=0, rd_en=1 data_out= 13, valid=1, almost_empty=0, empty=0, underflow=0, count=21
                 920:rst_n=x, data_in= 47, wr_en=0, almost_full=0, full=0, overflow=0, rd_en=1 data_out= 13, valid=1, almost_empty=0, empty=0, underflow=0, count=21
                 930:rst_n=x, data_in= 47, wr_en=0, almost_full=0, full=0, overflow=0, rd_en=1 data_out= 14, valid=1, almost_empty=0, empty=0, underflow=0, count=20
                 940:rst_n=x, data_in= 48, wr_en=0, almost_full=0, full=0, overflow=0, rd_en=1 data_out= 14, valid=1, almost_empty=0, empty=0, underflow=0, count=20
                 950:rst_n=x, data_in= 48, wr_en=0, almost_full=0, full=0, overflow=0, rd_en=1 data_out= 15, valid=1, almost_empty=0, empty=0, underflow=0, count=19
                 960:rst_n=x, data_in= 49, wr_en=0, almost_full=0, full=0, overflow=0, rd_en=1 data_out= 15, valid=1, almost_empty=0, empty=0, underflow=0, count=19
                 970:rst_n=x, data_in= 49, wr_en=0, almost_full=0, full=0, overflow=0, rd_en=1 data_out= 16, valid=1, almost_empty=0, empty=0, underflow=0, count=18
                 980:rst_n=x, data_in= 50, wr_en=0, almost_full=0, full=0, overflow=0, rd_en=1 data_out= 16, valid=1, almost_empty=0, empty=0, underflow=0, count=18
                 990:rst_n=x, data_in= 50, wr_en=0, almost_full=0, full=0, overflow=0, rd_en=1 data_out= 17, valid=1, almost_empty=0, empty=0, underflow=0, count=17
                1000:rst_n=x, data_in= 51, wr_en=0, almost_full=0, full=0, overflow=0, rd_en=1 data_out= 17, valid=1, almost_empty=0, empty=0, underflow=0, count=17
                1010:rst_n=x, data_in= 51, wr_en=0, almost_full=0, full=0, overflow=0, rd_en=1 data_out= 18, valid=1, almost_empty=0, empty=0, underflow=0, count=16
                1020:rst_n=x, data_in= 52, wr_en=0, almost_full=0, full=0, overflow=0, rd_en=1 data_out= 18, valid=1, almost_empty=0, empty=0, underflow=0, count=16
                1030:rst_n=x, data_in= 52, wr_en=0, almost_full=0, full=0, overflow=0, rd_en=1 data_out= 19, valid=1, almost_empty=0, empty=0, underflow=0, count=15
                1040:rst_n=x, data_in= 53, wr_en=0, almost_full=0, full=0, overflow=0, rd_en=1 data_out= 19, valid=1, almost_empty=0, empty=0, underflow=0, count=15
                1050:rst_n=x, data_in= 53, wr_en=0, almost_full=0, full=0, overflow=0, rd_en=1 data_out= 20, valid=1, almost_empty=0, empty=0, underflow=0, count=14
                1060:rst_n=x, data_in= 54, wr_en=0, almost_full=0, full=0, overflow=0, rd_en=1 data_out= 20, valid=1, almost_empty=0, empty=0, underflow=0, count=14
                1070:rst_n=x, data_in= 54, wr_en=0, almost_full=0, full=0, overflow=0, rd_en=1 data_out= 21, valid=1, almost_empty=0, empty=0, underflow=0, count=13
                1080:rst_n=x, data_in= 55, wr_en=0, almost_full=0, full=0, overflow=0, rd_en=1 data_out= 21, valid=1, almost_empty=0, empty=0, underflow=0, count=13
                1090:rst_n=x, data_in= 55, wr_en=0, almost_full=0, full=0, overflow=0, rd_en=1 data_out= 22, valid=1, almost_empty=0, empty=0, underflow=0, count=12
                1100:rst_n=x, data_in= 56, wr_en=0, almost_full=0, full=0, overflow=0, rd_en=1 data_out= 22, valid=1, almost_empty=0, empty=0, underflow=0, count=12
                1110:rst_n=x, data_in= 56, wr_en=0, almost_full=0, full=0, overflow=0, rd_en=1 data_out= 23, valid=1, almost_empty=0, empty=0, underflow=0, count=11
                1120:rst_n=x, data_in= 57, wr_en=0, almost_full=0, full=0, overflow=0, rd_en=1 data_out= 23, valid=1, almost_empty=0, empty=0, underflow=0, count=11
                1130:rst_n=x, data_in= 57, wr_en=0, almost_full=0, full=0, overflow=0, rd_en=1 data_out= 24, valid=1, almost_empty=0, empty=0, underflow=0, count=10
                1140:rst_n=x, data_in= 58, wr_en=0, almost_full=0, full=0, overflow=0, rd_en=1 data_out= 24, valid=1, almost_empty=0, empty=0, underflow=0, count=10
                1150:rst_n=x, data_in= 58, wr_en=0, almost_full=0, full=0, overflow=0, rd_en=1 data_out= 25, valid=1, almost_empty=0, empty=0, underflow=0, count= 9
                1160:rst_n=x, data_in= 59, wr_en=0, almost_full=0, full=0, overflow=0, rd_en=1 data_out= 25, valid=1, almost_empty=0, empty=0, underflow=0, count= 9
                1170:rst_n=x, data_in= 59, wr_en=0, almost_full=0, full=0, overflow=0, rd_en=1 data_out= 26, valid=1, almost_empty=0, empty=0, underflow=0, count= 8
                1180:rst_n=x, data_in= 60, wr_en=0, almost_full=0, full=0, overflow=0, rd_en=1 data_out= 26, valid=1, almost_empty=0, empty=0, underflow=0, count= 8
                1190:rst_n=x, data_in= 60, wr_en=0, almost_full=0, full=0, overflow=0, rd_en=1 data_out= 27, valid=1, almost_empty=0, empty=0, underflow=0, count= 7
                1200:rst_n=x, data_in= 61, wr_en=0, almost_full=0, full=0, overflow=0, rd_en=1 data_out= 27, valid=1, almost_empty=0, empty=0, underflow=0, count= 7
                1210:rst_n=x, data_in= 61, wr_en=0, almost_full=0, full=0, overflow=0, rd_en=1 data_out= 28, valid=1, almost_empty=0, empty=0, underflow=0, count= 6
                1220:rst_n=x, data_in= 62, wr_en=0, almost_full=0, full=0, overflow=0, rd_en=1 data_out= 28, valid=1, almost_empty=0, empty=0, underflow=0, count= 6
                1230:rst_n=x, data_in= 62, wr_en=0, almost_full=0, full=0, overflow=0, rd_en=1 data_out= 29, valid=1, almost_empty=0, empty=0, underflow=0, count= 5
                1240:rst_n=x, data_in= 63, wr_en=0, almost_full=0, full=0, overflow=0, rd_en=1 data_out= 29, valid=1, almost_empty=0, empty=0, underflow=0, count= 5
                1250:rst_n=x, data_in= 63, wr_en=0, almost_full=0, full=0, overflow=0, rd_en=1 data_out= 30, valid=1, almost_empty=0, empty=0, underflow=0, count= 4
                1260:rst_n=x, data_in= 64, wr_en=0, almost_full=0, full=0, overflow=0, rd_en=1 data_out= 30, valid=1, almost_empty=0, empty=0, underflow=0, count= 4
                1270:rst_n=x, data_in= 64, wr_en=0, almost_full=0, full=0, overflow=0, rd_en=1 data_out= 31, valid=1, almost_empty=0, empty=0, underflow=0, count= 3
                1280:rst_n=x, data_in= 65, wr_en=0, almost_full=0, full=0, overflow=0, rd_en=1 data_out= 31, valid=1, almost_empty=0, empty=0, underflow=0, count= 3
                1290:rst_n=x, data_in= 65, wr_en=0, almost_full=0, full=0, overflow=0, rd_en=1 data_out= 32, valid=1, almost_empty=1, empty=0, underflow=0, count= 2
                1300:rst_n=x, data_in= 66, wr_en=0, almost_full=0, full=0, overflow=0, rd_en=1 data_out= 32, valid=1, almost_empty=1, empty=0, underflow=0, count= 2
                1310:rst_n=x, data_in= 66, wr_en=0, almost_full=0, full=0, overflow=0, rd_en=1 data_out= 33, valid=1, almost_empty=1, empty=0, underflow=0, count= 1
                1320:rst_n=x, data_in= 67, wr_en=0, almost_full=0, full=0, overflow=0, rd_en=1 data_out= 33, valid=1, almost_empty=1, empty=0, underflow=0, count= 1
                1330:rst_n=x, data_in= 67, wr_en=0, almost_full=0, full=0, overflow=0, rd_en=1 data_out=  0, valid=1, almost_empty=1, empty=1, underflow=0, count= 0
                1340:rst_n=x, data_in= 68, wr_en=0, almost_full=0, full=0, overflow=0, rd_en=1 data_out=  0, valid=1, almost_empty=1, empty=1, underflow=0, count= 0
                1350:rst_n=x, data_in= 68, wr_en=0, almost_full=0, full=0, overflow=0, rd_en=1 data_out=  0, valid=0, almost_empty=1, empty=1, underflow=1, count= 0
                1360:rst_n=x, data_in= 69, wr_en=0, almost_full=0, full=0, overflow=0, rd_en=0 data_out=  0, valid=0, almost_empty=1, empty=1, underflow=1, count= 0
                1370:rst_n=x, data_in= 69, wr_en=0, almost_full=0, full=0, overflow=0, rd_en=0 data_out=  0, valid=0, almost_empty=1, empty=1, underflow=0, count= 0
                1380:rst_n=x, data_in= 70, wr_en=1, almost_full=0, full=0, overflow=0, rd_en=0 data_out=  0, valid=0, almost_empty=1, empty=1, underflow=0, count= 0
                1390:rst_n=x, data_in= 70, wr_en=1, almost_full=0, full=0, overflow=0, rd_en=0 data_out=  0, valid=0, almost_empty=1, empty=0, underflow=0, count= 1
                1400:rst_n=x, data_in= 71, wr_en=1, almost_full=0, full=0, overflow=0, rd_en=0 data_out=  0, valid=0, almost_empty=1, empty=0, underflow=0, count= 1
                1410:rst_n=x, data_in= 71, wr_en=1, almost_full=0, full=0, overflow=0, rd_en=0 data_out= 70, valid=0, almost_empty=1, empty=0, underflow=0, count= 2
                1420:rst_n=x, data_in= 72, wr_en=1, almost_full=0, full=0, overflow=0, rd_en=0 data_out= 70, valid=0, almost_empty=1, empty=0, underflow=0, count= 2
                1430:rst_n=x, data_in= 72, wr_en=1, almost_full=0, full=0, overflow=0, rd_en=0 data_out= 70, valid=0, almost_empty=0, empty=0, underflow=0, count= 3
                1440:rst_n=x, data_in= 73, wr_en=1, almost_full=0, full=0, overflow=0, rd_en=0 data_out= 70, valid=0, almost_empty=0, empty=0, underflow=0, count= 3
                1450:rst_n=x, data_in= 73, wr_en=1, almost_full=0, full=0, overflow=0, rd_en=0 data_out= 70, valid=0, almost_empty=0, empty=0, underflow=0, count= 4
                1460:rst_n=x, data_in= 74, wr_en=1, almost_full=0, full=0, overflow=0, rd_en=0 data_out= 70, valid=0, almost_empty=0, empty=0, underflow=0, count= 4
                1470:rst_n=x, data_in= 74, wr_en=1, almost_full=0, full=0, overflow=0, rd_en=0 data_out= 70, valid=0, almost_empty=0, empty=0, underflow=0, count= 5
                1480:rst_n=x, data_in= 75, wr_en=1, almost_full=0, full=0, overflow=0, rd_en=0 data_out= 70, valid=0, almost_empty=0, empty=0, underflow=0, count= 5
                1490:rst_n=x, data_in= 75, wr_en=1, almost_full=0, full=0, overflow=0, rd_en=0 data_out= 70, valid=0, almost_empty=0, empty=0, underflow=0, count= 6
                1500:rst_n=x, data_in= 76, wr_en=1, almost_full=0, full=0, overflow=0, rd_en=0 data_out= 70, valid=0, almost_empty=0, empty=0, underflow=0, count= 6
                1510:rst_n=x, data_in= 76, wr_en=1, almost_full=0, full=0, overflow=0, rd_en=0 data_out= 70, valid=0, almost_empty=0, empty=0, underflow=0, count= 7
                1520:rst_n=x, data_in= 77, wr_en=1, almost_full=0, full=0, overflow=0, rd_en=0 data_out= 70, valid=0, almost_empty=0, empty=0, underflow=0, count= 7
                1530:rst_n=x, data_in= 77, wr_en=1, almost_full=0, full=0, overflow=0, rd_en=0 data_out= 70, valid=0, almost_empty=0, empty=0, underflow=0, count= 8
                1540:rst_n=x, data_in= 78, wr_en=1, almost_full=0, full=0, overflow=0, rd_en=0 data_out= 70, valid=0, almost_empty=0, empty=0, underflow=0, count= 8
                1550:rst_n=x, data_in= 78, wr_en=1, almost_full=0, full=0, overflow=0, rd_en=0 data_out= 70, valid=0, almost_empty=0, empty=0, underflow=0, count= 9
                1560:rst_n=x, data_in= 79, wr_en=1, almost_full=0, full=0, overflow=0, rd_en=0 data_out= 70, valid=0, almost_empty=0, empty=0, underflow=0, count= 9
                1570:rst_n=x, data_in= 79, wr_en=1, almost_full=0, full=0, overflow=0, rd_en=0 data_out= 70, valid=0, almost_empty=0, empty=0, underflow=0, count=10
                1580:rst_n=x, data_in= 80, wr_en=1, almost_full=0, full=0, overflow=0, rd_en=0 data_out= 70, valid=0, almost_empty=0, empty=0, underflow=0, count=10
                1590:rst_n=x, data_in= 80, wr_en=1, almost_full=0, full=0, overflow=0, rd_en=0 data_out= 70, valid=0, almost_empty=0, empty=0, underflow=0, count=11
                1600:rst_n=x, data_in= 81, wr_en=1, almost_full=0, full=0, overflow=0, rd_en=0 data_out= 70, valid=0, almost_empty=0, empty=0, underflow=0, count=11
                1610:rst_n=x, data_in= 81, wr_en=1, almost_full=0, full=0, overflow=0, rd_en=0 data_out= 70, valid=0, almost_empty=0, empty=0, underflow=0, count=12
                1620:rst_n=x, data_in= 82, wr_en=1, almost_full=0, full=0, overflow=0, rd_en=0 data_out= 70, valid=0, almost_empty=0, empty=0, underflow=0, count=12
                1630:rst_n=x, data_in= 82, wr_en=1, almost_full=0, full=0, overflow=0, rd_en=0 data_out= 70, valid=0, almost_empty=0, empty=0, underflow=0, count=13
                1640:rst_n=x, data_in= 83, wr_en=1, almost_full=0, full=0, overflow=0, rd_en=0 data_out= 70, valid=0, almost_empty=0, empty=0, underflow=0, count=13
                1650:rst_n=x, data_in= 83, wr_en=1, almost_full=0, full=0, overflow=0, rd_en=0 data_out= 70, valid=0, almost_empty=0, empty=0, underflow=0, count=14
                1660:rst_n=x, data_in= 84, wr_en=1, almost_full=0, full=0, overflow=0, rd_en=0 data_out= 70, valid=0, almost_empty=0, empty=0, underflow=0, count=14
                1670:rst_n=x, data_in= 84, wr_en=1, almost_full=0, full=0, overflow=0, rd_en=0 data_out= 70, valid=0, almost_empty=0, empty=0, underflow=0, count=15
                1680:rst_n=x, data_in= 85, wr_en=1, almost_full=0, full=0, overflow=0, rd_en=0 data_out= 70, valid=0, almost_empty=0, empty=0, underflow=0, count=15
                1690:rst_n=x, data_in= 85, wr_en=1, almost_full=0, full=0, overflow=0, rd_en=0 data_out= 70, valid=0, almost_empty=0, empty=0, underflow=0, count=16
                1700:rst_n=x, data_in= 86, wr_en=1, almost_full=0, full=0, overflow=0, rd_en=0 data_out= 70, valid=0, almost_empty=0, empty=0, underflow=0, count=16
                1710:rst_n=x, data_in= 86, wr_en=1, almost_full=0, full=0, overflow=0, rd_en=0 data_out= 70, valid=0, almost_empty=0, empty=0, underflow=0, count=17
                1720:rst_n=x, data_in= 87, wr_en=1, almost_full=0, full=0, overflow=0, rd_en=0 data_out= 70, valid=0, almost_empty=0, empty=0, underflow=0, count=17
                1730:rst_n=x, data_in= 87, wr_en=1, almost_full=0, full=0, overflow=0, rd_en=0 data_out= 70, valid=0, almost_empty=0, empty=0, underflow=0, count=18
                1740:rst_n=x, data_in= 88, wr_en=1, almost_full=0, full=0, overflow=0, rd_en=0 data_out= 70, valid=0, almost_empty=0, empty=0, underflow=0, count=18
                1750:rst_n=x, data_in= 88, wr_en=1, almost_full=0, full=0, overflow=0, rd_en=0 data_out= 70, valid=0, almost_empty=0, empty=0, underflow=0, count=19
                1760:rst_n=x, data_in= 89, wr_en=1, almost_full=0, full=0, overflow=0, rd_en=0 data_out= 70, valid=0, almost_empty=0, empty=0, underflow=0, count=19
                1770:rst_n=x, data_in= 89, wr_en=1, almost_full=0, full=0, overflow=0, rd_en=0 data_out= 70, valid=0, almost_empty=0, empty=0, underflow=0, count=20
                1780:rst_n=x, data_in= 90, wr_en=1, almost_full=0, full=0, overflow=0, rd_en=0 data_out= 70, valid=0, almost_empty=0, empty=0, underflow=0, count=20
                1790:rst_n=x, data_in= 90, wr_en=1, almost_full=0, full=0, overflow=0, rd_en=0 data_out= 70, valid=0, almost_empty=0, empty=0, underflow=0, count=21
                1800:rst_n=x, data_in= 91, wr_en=1, almost_full=0, full=0, overflow=0, rd_en=0 data_out= 70, valid=0, almost_empty=0, empty=0, underflow=0, count=21
                1810:rst_n=x, data_in= 91, wr_en=1, almost_full=0, full=0, overflow=0, rd_en=0 data_out= 70, valid=0, almost_empty=0, empty=0, underflow=0, count=22
                1820:rst_n=x, data_in= 92, wr_en=1, almost_full=0, full=0, overflow=0, rd_en=0 data_out= 70, valid=0, almost_empty=0, empty=0, underflow=0, count=22
                1830:rst_n=x, data_in= 92, wr_en=1, almost_full=0, full=0, overflow=0, rd_en=0 data_out= 70, valid=0, almost_empty=0, empty=0, underflow=0, count=23
                1840:rst_n=x, data_in= 93, wr_en=1, almost_full=0, full=0, overflow=0, rd_en=0 data_out= 70, valid=0, almost_empty=0, empty=0, underflow=0, count=23
                1850:rst_n=x, data_in= 93, wr_en=1, almost_full=0, full=0, overflow=0, rd_en=0 data_out= 70, valid=0, almost_empty=0, empty=0, underflow=0, count=24
                1860:rst_n=x, data_in= 94, wr_en=1, almost_full=0, full=0, overflow=0, rd_en=0 data_out= 70, valid=0, almost_empty=0, empty=0, underflow=0, count=24
                1870:rst_n=x, data_in= 94, wr_en=1, almost_full=0, full=0, overflow=0, rd_en=0 data_out= 70, valid=0, almost_empty=0, empty=0, underflow=0, count=25
                1880:rst_n=x, data_in= 95, wr_en=1, almost_full=0, full=0, overflow=0, rd_en=0 data_out= 70, valid=0, almost_empty=0, empty=0, underflow=0, count=25
                1890:rst_n=x, data_in= 95, wr_en=1, almost_full=0, full=0, overflow=0, rd_en=0 data_out= 70, valid=0, almost_empty=0, empty=0, underflow=0, count=26
                1900:rst_n=x, data_in= 96, wr_en=1, almost_full=0, full=0, overflow=0, rd_en=0 data_out= 70, valid=0, almost_empty=0, empty=0, underflow=0, count=26
                1910:rst_n=x, data_in= 96, wr_en=1, almost_full=0, full=0, overflow=0, rd_en=0 data_out= 70, valid=0, almost_empty=0, empty=0, underflow=0, count=27
                1920:rst_n=x, data_in= 97, wr_en=1, almost_full=0, full=0, overflow=0, rd_en=0 data_out= 70, valid=0, almost_empty=0, empty=0, underflow=0, count=27
                1930:rst_n=x, data_in= 97, wr_en=1, almost_full=0, full=0, overflow=0, rd_en=0 data_out= 70, valid=0, almost_empty=0, empty=0, underflow=0, count=28
                1940:rst_n=x, data_in= 98, wr_en=1, almost_full=0, full=0, overflow=0, rd_en=0 data_out= 70, valid=0, almost_empty=0, empty=0, underflow=0, count=28
                1950:rst_n=x, data_in= 98, wr_en=1, almost_full=0, full=0, overflow=0, rd_en=0 data_out= 70, valid=0, almost_empty=0, empty=0, underflow=0, count=29
                1960:rst_n=x, data_in= 99, wr_en=1, almost_full=0, full=0, overflow=0, rd_en=0 data_out= 70, valid=0, almost_empty=0, empty=0, underflow=0, count=29
                1970:rst_n=x, data_in= 99, wr_en=1, almost_full=1, full=0, overflow=0, rd_en=0 data_out= 70, valid=0, almost_empty=0, empty=0, underflow=0, count=30
                1980:rst_n=x, data_in=100, wr_en=1, almost_full=1, full=0, overflow=0, rd_en=0 data_out= 70, valid=0, almost_empty=0, empty=0, underflow=0, count=30
                1990:rst_n=x, data_in=100, wr_en=1, almost_full=1, full=0, overflow=0, rd_en=0 data_out= 70, valid=0, almost_empty=0, empty=0, underflow=0, count=31
                2000:rst_n=x, data_in=101, wr_en=1, almost_full=1, full=0, overflow=0, rd_en=0 data_out= 70, valid=0, almost_empty=0, empty=0, underflow=0, count=31
                2010:rst_n=x, data_in=101, wr_en=1, almost_full=1, full=1, overflow=0, rd_en=0 data_out= 70, valid=0, almost_empty=0, empty=0, underflow=0, count=32
                2020:rst_n=x, data_in=102, wr_en=1, almost_full=1, full=1, overflow=0, rd_en=0 data_out= 70, valid=0, almost_empty=0, empty=0, underflow=0, count=32
                2030:rst_n=x, data_in=102, wr_en=1, almost_full=1, full=1, overflow=1, rd_en=0 data_out= 70, valid=0, almost_empty=0, empty=0, underflow=0, count=32
                2040:rst_n=x, data_in=103, wr_en=0, almost_full=1, full=1, overflow=1, rd_en=0 data_out= 70, valid=0, almost_empty=0, empty=0, underflow=0, count=32
                2050:rst_n=x, data_in=103, wr_en=0, almost_full=1, full=1, overflow=0, rd_en=0 data_out= 70, valid=0, almost_empty=0, empty=0, underflow=0, count=32
                2060:rst_n=1, data_in=104, wr_en=0, almost_full=0, full=0, overflow=0, rd_en=0 data_out=  0, valid=0, almost_empty=1, empty=1, underflow=0, count= 0
                2080:rst_n=0, data_in=105, wr_en=0, almost_full=0, full=0, overflow=0, rd_en=1 data_out=  0, valid=0, almost_empty=1, empty=1, underflow=0, count= 0
                2090:rst_n=0, data_in=105, wr_en=0, almost_full=0, full=0, overflow=0, rd_en=1 data_out=  0, valid=0, almost_empty=1, empty=1, underflow=1, count= 0
                2100:rst_n=0, data_in=106, wr_en=0, almost_full=0, full=0, overflow=0, rd_en=1 data_out=  0, valid=0, almost_empty=1, empty=1, underflow=1, count= 0
                2120:rst_n=0, data_in=107, wr_en=0, almost_full=0, full=0, overflow=0, rd_en=0 data_out=  0, valid=0, almost_empty=1, empty=1, underflow=1, count= 0
                2130:rst_n=0, data_in=107, wr_en=0, almost_full=0, full=0, overflow=0, rd_en=0 data_out=  0, valid=0, almost_empty=1, empty=1, underflow=0, count= 0
                2140:rst_n=0, data_in=108, wr_en=1, almost_full=0, full=0, overflow=0, rd_en=0 data_out=  0, valid=0, almost_empty=1, empty=1, underflow=0, count= 0
                2150:rst_n=0, data_in=108, wr_en=1, almost_full=0, full=0, overflow=0, rd_en=0 data_out=  0, valid=0, almost_empty=1, empty=0, underflow=0, count= 1
                2160:rst_n=0, data_in=109, wr_en=1, almost_full=0, full=0, overflow=0, rd_en=0 data_out=  0, valid=0, almost_empty=1, empty=0, underflow=0, count= 1
                2170:rst_n=0, data_in=109, wr_en=1, almost_full=0, full=0, overflow=0, rd_en=0 data_out=108, valid=0, almost_empty=1, empty=0, underflow=0, count= 2
                2180:rst_n=0, data_in=110, wr_en=1, almost_full=0, full=0, overflow=0, rd_en=0 data_out=108, valid=0, almost_empty=1, empty=0, underflow=0, count= 2
                2190:rst_n=0, data_in=110, wr_en=1, almost_full=0, full=0, overflow=0, rd_en=0 data_out=108, valid=0, almost_empty=0, empty=0, underflow=0, count= 3
                2200:rst_n=0, data_in=111, wr_en=1, almost_full=0, full=0, overflow=0, rd_en=0 data_out=108, valid=0, almost_empty=0, empty=0, underflow=0, count= 3
                2210:rst_n=0, data_in=111, wr_en=1, almost_full=0, full=0, overflow=0, rd_en=0 data_out=108, valid=0, almost_empty=0, empty=0, underflow=0, count= 4
                2220:rst_n=0, data_in=112, wr_en=1, almost_full=0, full=0, overflow=0, rd_en=0 data_out=108, valid=0, almost_empty=0, empty=0, underflow=0, count= 4
                2230:rst_n=0, data_in=112, wr_en=1, almost_full=0, full=0, overflow=0, rd_en=0 data_out=108, valid=0, almost_empty=0, empty=0, underflow=0, count= 5
                2240:rst_n=0, data_in=113, wr_en=1, almost_full=0, full=0, overflow=0, rd_en=0 data_out=108, valid=0, almost_empty=0, empty=0, underflow=0, count= 5
                2250:rst_n=0, data_in=113, wr_en=1, almost_full=0, full=0, overflow=0, rd_en=0 data_out=108, valid=0, almost_empty=0, empty=0, underflow=0, count= 6
                2260:rst_n=0, data_in=114, wr_en=0, almost_full=0, full=0, overflow=0, rd_en=0 data_out=108, valid=0, almost_empty=0, empty=0, underflow=0, count= 6
                2280:rst_n=1, data_in=115, wr_en=0, almost_full=0, full=0, overflow=0, rd_en=0 data_out=  0, valid=0, almost_empty=1, empty=1, underflow=0, count= 0
                2300:rst_n=0, data_in=116, wr_en=0, almost_full=0, full=0, overflow=0, rd_en=1 data_out=  0, valid=0, almost_empty=1, empty=1, underflow=0, count= 0
                2310:rst_n=0, data_in=116, wr_en=0, almost_full=0, full=0, overflow=0, rd_en=1 data_out=  0, valid=0, almost_empty=1, empty=1, underflow=1, count= 0
                2320:rst_n=0, data_in=117, wr_en=0, almost_full=0, full=0, overflow=0, rd_en=1 data_out=  0, valid=0, almost_empty=1, empty=1, underflow=1, count= 0
                2340:rst_n=0, data_in=118, wr_en=0, almost_full=0, full=0, overflow=0, rd_en=0 data_out=  0, valid=0, almost_empty=1, empty=1, underflow=1, count= 0
                2350:rst_n=0, data_in=118, wr_en=0, almost_full=0, full=0, overflow=0, rd_en=0 data_out=  0, valid=0, almost_empty=1, empty=1, underflow=0, count= 0
                2360:rst_n=0, data_in=119, wr_en=1, almost_full=0, full=0, overflow=0, rd_en=0 data_out=  0, valid=0, almost_empty=1, empty=1, underflow=0, count= 0
                2370:rst_n=0, data_in=119, wr_en=1, almost_full=0, full=0, overflow=0, rd_en=0 data_out=  0, valid=0, almost_empty=1, empty=0, underflow=0, count= 1
                2380:rst_n=0, data_in=120, wr_en=1, almost_full=0, full=0, overflow=0, rd_en=0 data_out=  0, valid=0, almost_empty=1, empty=0, underflow=0, count= 1
                2390:rst_n=0, data_in=120, wr_en=1, almost_full=0, full=0, overflow=0, rd_en=0 data_out=119, valid=0, almost_empty=1, empty=0, underflow=0, count= 2
                2400:rst_n=0, data_in=121, wr_en=1, almost_full=0, full=0, overflow=0, rd_en=0 data_out=119, valid=0, almost_empty=1, empty=0, underflow=0, count= 2
                2410:rst_n=0, data_in=121, wr_en=1, almost_full=0, full=0, overflow=0, rd_en=0 data_out=119, valid=0, almost_empty=0, empty=0, underflow=0, count= 3
                2420:rst_n=0, data_in=122, wr_en=1, almost_full=0, full=0, overflow=0, rd_en=0 data_out=119, valid=0, almost_empty=0, empty=0, underflow=0, count= 3
                2430:rst_n=0, data_in=122, wr_en=1, almost_full=0, full=0, overflow=0, rd_en=0 data_out=119, valid=0, almost_empty=0, empty=0, underflow=0, count= 4
                2440:rst_n=0, data_in=123, wr_en=1, almost_full=0, full=0, overflow=0, rd_en=0 data_out=119, valid=0, almost_empty=0, empty=0, underflow=0, count= 4
                2450:rst_n=0, data_in=123, wr_en=1, almost_full=0, full=0, overflow=0, rd_en=0 data_out=119, valid=0, almost_empty=0, empty=0, underflow=0, count= 5
                2460:rst_n=0, data_in=124, wr_en=1, almost_full=0, full=0, overflow=0, rd_en=0 data_out=119, valid=0, almost_empty=0, empty=0, underflow=0, count= 5
                2470:rst_n=0, data_in=124, wr_en=1, almost_full=0, full=0, overflow=0, rd_en=0 data_out=119, valid=0, almost_empty=0, empty=0, underflow=0, count= 6
                2480:rst_n=0, data_in=125, wr_en=1, almost_full=0, full=0, overflow=0, rd_en=0 data_out=119, valid=0, almost_empty=0, empty=0, underflow=0, count= 6
                2490:rst_n=0, data_in=125, wr_en=1, almost_full=0, full=0, overflow=0, rd_en=0 data_out=119, valid=0, almost_empty=0, empty=0, underflow=0, count= 7
                2500:rst_n=0, data_in=126, wr_en=1, almost_full=0, full=0, overflow=0, rd_en=1 data_out=119, valid=0, almost_empty=0, empty=0, underflow=0, count= 7
                2510:rst_n=0, data_in=126, wr_en=1, almost_full=0, full=0, overflow=0, rd_en=1 data_out=120, valid=1, almost_empty=0, empty=0, underflow=0, count= 7
                2520:rst_n=0, data_in=127, wr_en=1, almost_full=0, full=0, overflow=0, rd_en=1 data_out=120, valid=1, almost_empty=0, empty=0, underflow=0, count= 7
                2530:rst_n=0, data_in=127, wr_en=1, almost_full=0, full=0, overflow=0, rd_en=1 data_out=121, valid=1, almost_empty=0, empty=0, underflow=0, count= 7
                2540:rst_n=0, data_in=128, wr_en=1, almost_full=0, full=0, overflow=0, rd_en=1 data_out=121, valid=1, almost_empty=0, empty=0, underflow=0, count= 7
                2550:rst_n=0, data_in=128, wr_en=1, almost_full=0, full=0, overflow=0, rd_en=1 data_out=122, valid=1, almost_empty=0, empty=0, underflow=0, count= 7
                2560:rst_n=1, data_in=129, wr_en=1, almost_full=0, full=0, overflow=0, rd_en=1 data_out=  0, valid=1, almost_empty=1, empty=1, underflow=0, count= 0
                2580:rst_n=1, data_in=130, wr_en=1, almost_full=0, full=0, overflow=0, rd_en=1 data_out=  0, valid=1, almost_empty=1, empty=1, underflow=0, count= 0
                2600:rst_n=1, data_in=131, wr_en=0, almost_full=0, full=0, overflow=0, rd_en=0 data_out=  0, valid=1, almost_empty=1, empty=1, underflow=0, count= 0
                2620:rst_n=0, data_in=132, wr_en=1, almost_full=0, full=0, overflow=0, rd_en=0 data_out=  0, valid=1, almost_empty=1, empty=1, underflow=0, count= 0
                2630:rst_n=0, data_in=132, wr_en=1, almost_full=0, full=0, overflow=0, rd_en=0 data_out=  0, valid=0, almost_empty=1, empty=0, underflow=0, count= 1
                2640:rst_n=0, data_in=133, wr_en=1, almost_full=0, full=0, overflow=0, rd_en=0 data_out=  0, valid=0, almost_empty=1, empty=0, underflow=0, count= 1
                2650:rst_n=0, data_in=133, wr_en=1, almost_full=0, full=0, overflow=0, rd_en=0 data_out=132, valid=0, almost_empty=1, empty=0, underflow=0, count= 2
                2660:rst_n=0, data_in=134, wr_en=1, almost_full=0, full=0, overflow=0, rd_en=0 data_out=132, valid=0, almost_empty=1, empty=0, underflow=0, count= 2
                2670:rst_n=0, data_in=134, wr_en=1, almost_full=0, full=0, overflow=0, rd_en=0 data_out=132, valid=0, almost_empty=0, empty=0, underflow=0, count= 3
                2680:rst_n=0, data_in=135, wr_en=1, almost_full=0, full=0, overflow=0, rd_en=0 data_out=132, valid=0, almost_empty=0, empty=0, underflow=0, count= 3
                2690:rst_n=0, data_in=135, wr_en=1, almost_full=0, full=0, overflow=0, rd_en=0 data_out=132, valid=0, almost_empty=0, empty=0, underflow=0, count= 4
                2700:rst_n=0, data_in=136, wr_en=1, almost_full=0, full=0, overflow=0, rd_en=0 data_out=132, valid=0, almost_empty=0, empty=0, underflow=0, count= 4
                2710:rst_n=0, data_in=136, wr_en=1, almost_full=0, full=0, overflow=0, rd_en=0 data_out=132, valid=0, almost_empty=0, empty=0, underflow=0, count= 5
                2720:rst_n=0, data_in=137, wr_en=1, almost_full=0, full=0, overflow=0, rd_en=0 data_out=132, valid=0, almost_empty=0, empty=0, underflow=0, count= 5
                2730:rst_n=0, data_in=137, wr_en=1, almost_full=0, full=0, overflow=0, rd_en=0 data_out=132, valid=0, almost_empty=0, empty=0, underflow=0, count= 6
                2740:rst_n=0, data_in=138, wr_en=1, almost_full=0, full=0, overflow=0, rd_en=0 data_out=132, valid=0, almost_empty=0, empty=0, underflow=0, count= 6
                2750:rst_n=0, data_in=138, wr_en=1, almost_full=0, full=0, overflow=0, rd_en=0 data_out=132, valid=0, almost_empty=0, empty=0, underflow=0, count= 7
                2760:rst_n=0, data_in=139, wr_en=1, almost_full=0, full=0, overflow=0, rd_en=0 data_out=132, valid=0, almost_empty=0, empty=0, underflow=0, count= 7
                2770:rst_n=0, data_in=139, wr_en=1, almost_full=0, full=0, overflow=0, rd_en=0 data_out=132, valid=0, almost_empty=0, empty=0, underflow=0, count= 8
                2780:rst_n=0, data_in=140, wr_en=1, almost_full=0, full=0, overflow=0, rd_en=0 data_out=132, valid=0, almost_empty=0, empty=0, underflow=0, count= 8
                2790:rst_n=0, data_in=140, wr_en=1, almost_full=0, full=0, overflow=0, rd_en=0 data_out=132, valid=0, almost_empty=0, empty=0, underflow=0, count= 9
                2800:rst_n=0, data_in=141, wr_en=1, almost_full=0, full=0, overflow=0, rd_en=0 data_out=132, valid=0, almost_empty=0, empty=0, underflow=0, count= 9
                2810:rst_n=0, data_in=141, wr_en=1, almost_full=0, full=0, overflow=0, rd_en=0 data_out=132, valid=0, almost_empty=0, empty=0, underflow=0, count=10
                2820:rst_n=0, data_in=142, wr_en=1, almost_full=0, full=0, overflow=0, rd_en=0 data_out=132, valid=0, almost_empty=0, empty=0, underflow=0, count=10
                2830:rst_n=0, data_in=142, wr_en=1, almost_full=0, full=0, overflow=0, rd_en=0 data_out=132, valid=0, almost_empty=0, empty=0, underflow=0, count=11
                2840:rst_n=0, data_in=143, wr_en=1, almost_full=0, full=0, overflow=0, rd_en=0 data_out=132, valid=0, almost_empty=0, empty=0, underflow=0, count=11
                2850:rst_n=0, data_in=143, wr_en=1, almost_full=0, full=0, overflow=0, rd_en=0 data_out=132, valid=0, almost_empty=0, empty=0, underflow=0, count=12
                2860:rst_n=0, data_in=144, wr_en=1, almost_full=0, full=0, overflow=0, rd_en=0 data_out=132, valid=0, almost_empty=0, empty=0, underflow=0, count=12
                2870:rst_n=0, data_in=144, wr_en=1, almost_full=0, full=0, overflow=0, rd_en=0 data_out=132, valid=0, almost_empty=0, empty=0, underflow=0, count=13
                2880:rst_n=0, data_in=145, wr_en=1, almost_full=0, full=0, overflow=0, rd_en=0 data_out=132, valid=0, almost_empty=0, empty=0, underflow=0, count=13
                2890:rst_n=0, data_in=145, wr_en=1, almost_full=0, full=0, overflow=0, rd_en=0 data_out=132, valid=0, almost_empty=0, empty=0, underflow=0, count=14
                2900:rst_n=0, data_in=146, wr_en=1, almost_full=0, full=0, overflow=0, rd_en=0 data_out=132, valid=0, almost_empty=0, empty=0, underflow=0, count=14
                2910:rst_n=0, data_in=146, wr_en=1, almost_full=0, full=0, overflow=0, rd_en=0 data_out=132, valid=0, almost_empty=0, empty=0, underflow=0, count=15
                2920:rst_n=0, data_in=147, wr_en=1, almost_full=0, full=0, overflow=0, rd_en=0 data_out=132, valid=0, almost_empty=0, empty=0, underflow=0, count=15
                2930:rst_n=0, data_in=147, wr_en=1, almost_full=0, full=0, overflow=0, rd_en=0 data_out=132, valid=0, almost_empty=0, empty=0, underflow=0, count=16
                2940:rst_n=0, data_in=148, wr_en=1, almost_full=0, full=0, overflow=0, rd_en=0 data_out=132, valid=0, almost_empty=0, empty=0, underflow=0, count=16
                2950:rst_n=0, data_in=148, wr_en=1, almost_full=0, full=0, overflow=0, rd_en=0 data_out=132, valid=0, almost_empty=0, empty=0, underflow=0, count=17
                2960:rst_n=0, data_in=149, wr_en=1, almost_full=0, full=0, overflow=0, rd_en=0 data_out=132, valid=0, almost_empty=0, empty=0, underflow=0, count=17
                2970:rst_n=0, data_in=149, wr_en=1, almost_full=0, full=0, overflow=0, rd_en=0 data_out=132, valid=0, almost_empty=0, empty=0, underflow=0, count=18
                2980:rst_n=0, data_in=150, wr_en=1, almost_full=0, full=0, overflow=0, rd_en=0 data_out=132, valid=0, almost_empty=0, empty=0, underflow=0, count=18
                2990:rst_n=0, data_in=150, wr_en=1, almost_full=0, full=0, overflow=0, rd_en=0 data_out=132, valid=0, almost_empty=0, empty=0, underflow=0, count=19
                3000:rst_n=0, data_in=151, wr_en=1, almost_full=0, full=0, overflow=0, rd_en=0 data_out=132, valid=0, almost_empty=0, empty=0, underflow=0, count=19
                3010:rst_n=0, data_in=151, wr_en=1, almost_full=0, full=0, overflow=0, rd_en=0 data_out=132, valid=0, almost_empty=0, empty=0, underflow=0, count=20
                3020:rst_n=0, data_in=152, wr_en=1, almost_full=0, full=0, overflow=0, rd_en=0 data_out=132, valid=0, almost_empty=0, empty=0, underflow=0, count=20
                3030:rst_n=0, data_in=152, wr_en=1, almost_full=0, full=0, overflow=0, rd_en=0 data_out=132, valid=0, almost_empty=0, empty=0, underflow=0, count=21
                3040:rst_n=0, data_in=153, wr_en=1, almost_full=0, full=0, overflow=0, rd_en=0 data_out=132, valid=0, almost_empty=0, empty=0, underflow=0, count=21
                3050:rst_n=0, data_in=153, wr_en=1, almost_full=0, full=0, overflow=0, rd_en=0 data_out=132, valid=0, almost_empty=0, empty=0, underflow=0, count=22
                3060:rst_n=0, data_in=154, wr_en=1, almost_full=0, full=0, overflow=0, rd_en=0 data_out=132, valid=0, almost_empty=0, empty=0, underflow=0, count=22
                3070:rst_n=0, data_in=154, wr_en=1, almost_full=0, full=0, overflow=0, rd_en=0 data_out=132, valid=0, almost_empty=0, empty=0, underflow=0, count=23
                3080:rst_n=0, data_in=155, wr_en=1, almost_full=0, full=0, overflow=0, rd_en=0 data_out=132, valid=0, almost_empty=0, empty=0, underflow=0, count=23
                3090:rst_n=0, data_in=155, wr_en=1, almost_full=0, full=0, overflow=0, rd_en=0 data_out=132, valid=0, almost_empty=0, empty=0, underflow=0, count=24
                3100:rst_n=0, data_in=156, wr_en=1, almost_full=0, full=0, overflow=0, rd_en=0 data_out=132, valid=0, almost_empty=0, empty=0, underflow=0, count=24
                3110:rst_n=0, data_in=156, wr_en=1, almost_full=0, full=0, overflow=0, rd_en=0 data_out=132, valid=0, almost_empty=0, empty=0, underflow=0, count=25
                3120:rst_n=0, data_in=157, wr_en=1, almost_full=0, full=0, overflow=0, rd_en=0 data_out=132, valid=0, almost_empty=0, empty=0, underflow=0, count=25
                3130:rst_n=0, data_in=157, wr_en=1, almost_full=0, full=0, overflow=0, rd_en=0 data_out=132, valid=0, almost_empty=0, empty=0, underflow=0, count=26
                3140:rst_n=0, data_in=158, wr_en=1, almost_full=0, full=0, overflow=0, rd_en=0 data_out=132, valid=0, almost_empty=0, empty=0, underflow=0, count=26
                3150:rst_n=0, data_in=158, wr_en=1, almost_full=0, full=0, overflow=0, rd_en=0 data_out=132, valid=0, almost_empty=0, empty=0, underflow=0, count=27
                3160:rst_n=0, data_in=159, wr_en=1, almost_full=0, full=0, overflow=0, rd_en=0 data_out=132, valid=0, almost_empty=0, empty=0, underflow=0, count=27
                3170:rst_n=0, data_in=159, wr_en=1, almost_full=0, full=0, overflow=0, rd_en=0 data_out=132, valid=0, almost_empty=0, empty=0, underflow=0, count=28
                3180:rst_n=0, data_in=160, wr_en=1, almost_full=0, full=0, overflow=0, rd_en=0 data_out=132, valid=0, almost_empty=0, empty=0, underflow=0, count=28
                3190:rst_n=0, data_in=160, wr_en=1, almost_full=0, full=0, overflow=0, rd_en=0 data_out=132, valid=0, almost_empty=0, empty=0, underflow=0, count=29
                3200:rst_n=0, data_in=161, wr_en=1, almost_full=0, full=0, overflow=0, rd_en=0 data_out=132, valid=0, almost_empty=0, empty=0, underflow=0, count=29
                3210:rst_n=0, data_in=161, wr_en=1, almost_full=1, full=0, overflow=0, rd_en=0 data_out=132, valid=0, almost_empty=0, empty=0, underflow=0, count=30
                3220:rst_n=0, data_in=162, wr_en=1, almost_full=1, full=0, overflow=0, rd_en=0 data_out=132, valid=0, almost_empty=0, empty=0, underflow=0, count=30
                3230:rst_n=0, data_in=162, wr_en=1, almost_full=1, full=0, overflow=0, rd_en=0 data_out=132, valid=0, almost_empty=0, empty=0, underflow=0, count=31
                3240:rst_n=0, data_in=163, wr_en=1, almost_full=1, full=0, overflow=0, rd_en=0 data_out=132, valid=0, almost_empty=0, empty=0, underflow=0, count=31
                3250:rst_n=0, data_in=163, wr_en=1, almost_full=1, full=1, overflow=0, rd_en=0 data_out=132, valid=0, almost_empty=0, empty=0, underflow=0, count=32
                3260:rst_n=0, data_in=164, wr_en=1, almost_full=1, full=1, overflow=0, rd_en=0 data_out=132, valid=0, almost_empty=0, empty=0, underflow=0, count=32
                3270:rst_n=0, data_in=164, wr_en=1, almost_full=1, full=1, overflow=1, rd_en=0 data_out=132, valid=0, almost_empty=0, empty=0, underflow=0, count=32
                3280:rst_n=0, data_in=165, wr_en=0, almost_full=1, full=1, overflow=1, rd_en=1 data_out=132, valid=0, almost_empty=0, empty=0, underflow=0, count=32
                3290:rst_n=0, data_in=165, wr_en=0, almost_full=1, full=0, overflow=0, rd_en=1 data_out=133, valid=1, almost_empty=0, empty=0, underflow=0, count=31
                3300:rst_n=0, data_in=166, wr_en=0, almost_full=1, full=0, overflow=0, rd_en=1 data_out=133, valid=1, almost_empty=0, empty=0, underflow=0, count=31
                3310:rst_n=0, data_in=166, wr_en=0, almost_full=1, full=0, overflow=0, rd_en=1 data_out=134, valid=1, almost_empty=0, empty=0, underflow=0, count=30
                3320:rst_n=0, data_in=167, wr_en=0, almost_full=1, full=0, overflow=0, rd_en=1 data_out=134, valid=1, almost_empty=0, empty=0, underflow=0, count=30
                3330:rst_n=0, data_in=167, wr_en=0, almost_full=0, full=0, overflow=0, rd_en=1 data_out=135, valid=1, almost_empty=0, empty=0, underflow=0, count=29
                3340:rst_n=0, data_in=168, wr_en=1, almost_full=0, full=0, overflow=0, rd_en=0 data_out=135, valid=1, almost_empty=0, empty=0, underflow=0, count=29
                3350:rst_n=0, data_in=168, wr_en=1, almost_full=1, full=0, overflow=0, rd_en=0 data_out=135, valid=0, almost_empty=0, empty=0, underflow=0, count=30
                3360:rst_n=0, data_in=169, wr_en=0, almost_full=1, full=0, overflow=0, rd_en=1 data_out=135, valid=0, almost_empty=0, empty=0, underflow=0, count=30
                3370:rst_n=0, data_in=169, wr_en=0, almost_full=0, full=0, overflow=0, rd_en=1 data_out=136, valid=1, almost_empty=0, empty=0, underflow=0, count=29
                3380:rst_n=0, data_in=170, wr_en=0, almost_full=0, full=0, overflow=0, rd_en=1 data_out=136, valid=1, almost_empty=0, empty=0, underflow=0, count=29
                3390:rst_n=0, data_in=170, wr_en=0, almost_full=0, full=0, overflow=0, rd_en=1 data_out=137, valid=1, almost_empty=0, empty=0, underflow=0, count=28
                3400:rst_n=0, data_in=171, wr_en=0, almost_full=0, full=0, overflow=0, rd_en=1 data_out=137, valid=1, almost_empty=0, empty=0, underflow=0, count=28
                3410:rst_n=0, data_in=171, wr_en=0, almost_full=0, full=0, overflow=0, rd_en=1 data_out=138, valid=1, almost_empty=0, empty=0, underflow=0, count=27
                3420:rst_n=0, data_in=172, wr_en=0, almost_full=0, full=0, overflow=0, rd_en=1 data_out=138, valid=1, almost_empty=0, empty=0, underflow=0, count=27
                3430:rst_n=0, data_in=172, wr_en=0, almost_full=0, full=0, overflow=0, rd_en=1 data_out=139, valid=1, almost_empty=0, empty=0, underflow=0, count=26
                3440:rst_n=0, data_in=173, wr_en=0, almost_full=0, full=0, overflow=0, rd_en=1 data_out=139, valid=1, almost_empty=0, empty=0, underflow=0, count=26
                3450:rst_n=0, data_in=173, wr_en=0, almost_full=0, full=0, overflow=0, rd_en=1 data_out=140, valid=1, almost_empty=0, empty=0, underflow=0, count=25
                3460:rst_n=0, data_in=174, wr_en=0, almost_full=0, full=0, overflow=0, rd_en=1 data_out=140, valid=1, almost_empty=0, empty=0, underflow=0, count=25
                3470:rst_n=0, data_in=174, wr_en=0, almost_full=0, full=0, overflow=0, rd_en=1 data_out=141, valid=1, almost_empty=0, empty=0, underflow=0, count=24
                3480:rst_n=0, data_in=175, wr_en=0, almost_full=0, full=0, overflow=0, rd_en=1 data_out=141, valid=1, almost_empty=0, empty=0, underflow=0, count=24
                3490:rst_n=0, data_in=175, wr_en=0, almost_full=0, full=0, overflow=0, rd_en=1 data_out=142, valid=1, almost_empty=0, empty=0, underflow=0, count=23
                3500:rst_n=0, data_in=176, wr_en=0, almost_full=0, full=0, overflow=0, rd_en=1 data_out=142, valid=1, almost_empty=0, empty=0, underflow=0, count=23
                3510:rst_n=0, data_in=176, wr_en=0, almost_full=0, full=0, overflow=0, rd_en=1 data_out=143, valid=1, almost_empty=0, empty=0, underflow=0, count=22
                3520:rst_n=0, data_in=177, wr_en=0, almost_full=0, full=0, overflow=0, rd_en=1 data_out=143, valid=1, almost_empty=0, empty=0, underflow=0, count=22
                3530:rst_n=0, data_in=177, wr_en=0, almost_full=0, full=0, overflow=0, rd_en=1 data_out=144, valid=1, almost_empty=0, empty=0, underflow=0, count=21
                3540:rst_n=0, data_in=178, wr_en=0, almost_full=0, full=0, overflow=0, rd_en=1 data_out=144, valid=1, almost_empty=0, empty=0, underflow=0, count=21
                3550:rst_n=0, data_in=178, wr_en=0, almost_full=0, full=0, overflow=0, rd_en=1 data_out=145, valid=1, almost_empty=0, empty=0, underflow=0, count=20
                3560:rst_n=0, data_in=179, wr_en=0, almost_full=0, full=0, overflow=0, rd_en=1 data_out=145, valid=1, almost_empty=0, empty=0, underflow=0, count=20
                3570:rst_n=0, data_in=179, wr_en=0, almost_full=0, full=0, overflow=0, rd_en=1 data_out=146, valid=1, almost_empty=0, empty=0, underflow=0, count=19
                3580:rst_n=0, data_in=180, wr_en=0, almost_full=0, full=0, overflow=0, rd_en=1 data_out=146, valid=1, almost_empty=0, empty=0, underflow=0, count=19
                3590:rst_n=0, data_in=180, wr_en=0, almost_full=0, full=0, overflow=0, rd_en=1 data_out=147, valid=1, almost_empty=0, empty=0, underflow=0, count=18
                3600:rst_n=0, data_in=181, wr_en=0, almost_full=0, full=0, overflow=0, rd_en=1 data_out=147, valid=1, almost_empty=0, empty=0, underflow=0, count=18
                3610:rst_n=0, data_in=181, wr_en=0, almost_full=0, full=0, overflow=0, rd_en=1 data_out=148, valid=1, almost_empty=0, empty=0, underflow=0, count=17
                3620:rst_n=0, data_in=182, wr_en=0, almost_full=0, full=0, overflow=0, rd_en=1 data_out=148, valid=1, almost_empty=0, empty=0, underflow=0, count=17
                3630:rst_n=0, data_in=182, wr_en=0, almost_full=0, full=0, overflow=0, rd_en=1 data_out=149, valid=1, almost_empty=0, empty=0, underflow=0, count=16
                3640:rst_n=0, data_in=183, wr_en=0, almost_full=0, full=0, overflow=0, rd_en=1 data_out=149, valid=1, almost_empty=0, empty=0, underflow=0, count=16
                3650:rst_n=0, data_in=183, wr_en=0, almost_full=0, full=0, overflow=0, rd_en=1 data_out=150, valid=1, almost_empty=0, empty=0, underflow=0, count=15
                3660:rst_n=0, data_in=184, wr_en=0, almost_full=0, full=0, overflow=0, rd_en=1 data_out=150, valid=1, almost_empty=0, empty=0, underflow=0, count=15
                3670:rst_n=0, data_in=184, wr_en=0, almost_full=0, full=0, overflow=0, rd_en=1 data_out=151, valid=1, almost_empty=0, empty=0, underflow=0, count=14
                3680:rst_n=0, data_in=185, wr_en=0, almost_full=0, full=0, overflow=0, rd_en=1 data_out=151, valid=1, almost_empty=0, empty=0, underflow=0, count=14
                3690:rst_n=0, data_in=185, wr_en=0, almost_full=0, full=0, overflow=0, rd_en=1 data_out=152, valid=1, almost_empty=0, empty=0, underflow=0, count=13
                3700:rst_n=0, data_in=186, wr_en=0, almost_full=0, full=0, overflow=0, rd_en=1 data_out=152, valid=1, almost_empty=0, empty=0, underflow=0, count=13
                3710:rst_n=0, data_in=186, wr_en=0, almost_full=0, full=0, overflow=0, rd_en=1 data_out=153, valid=1, almost_empty=0, empty=0, underflow=0, count=12
                3720:rst_n=0, data_in=187, wr_en=0, almost_full=0, full=0, overflow=0, rd_en=1 data_out=153, valid=1, almost_empty=0, empty=0, underflow=0, count=12
                3730:rst_n=0, data_in=187, wr_en=0, almost_full=0, full=0, overflow=0, rd_en=1 data_out=154, valid=1, almost_empty=0, empty=0, underflow=0, count=11
                3740:rst_n=0, data_in=188, wr_en=0, almost_full=0, full=0, overflow=0, rd_en=1 data_out=154, valid=1, almost_empty=0, empty=0, underflow=0, count=11
                3750:rst_n=0, data_in=188, wr_en=0, almost_full=0, full=0, overflow=0, rd_en=1 data_out=155, valid=1, almost_empty=0, empty=0, underflow=0, count=10
                3760:rst_n=0, data_in=189, wr_en=0, almost_full=0, full=0, overflow=0, rd_en=1 data_out=155, valid=1, almost_empty=0, empty=0, underflow=0, count=10
                3770:rst_n=0, data_in=189, wr_en=0, almost_full=0, full=0, overflow=0, rd_en=1 data_out=156, valid=1, almost_empty=0, empty=0, underflow=0, count= 9
                3780:rst_n=0, data_in=190, wr_en=0, almost_full=0, full=0, overflow=0, rd_en=1 data_out=156, valid=1, almost_empty=0, empty=0, underflow=0, count= 9
                3790:rst_n=0, data_in=190, wr_en=0, almost_full=0, full=0, overflow=0, rd_en=1 data_out=157, valid=1, almost_empty=0, empty=0, underflow=0, count= 8
                3800:rst_n=0, data_in=191, wr_en=0, almost_full=0, full=0, overflow=0, rd_en=1 data_out=157, valid=1, almost_empty=0, empty=0, underflow=0, count= 8
                3810:rst_n=0, data_in=191, wr_en=0, almost_full=0, full=0, overflow=0, rd_en=1 data_out=158, valid=1, almost_empty=0, empty=0, underflow=0, count= 7
                3820:rst_n=0, data_in=192, wr_en=0, almost_full=0, full=0, overflow=0, rd_en=1 data_out=158, valid=1, almost_empty=0, empty=0, underflow=0, count= 7
                3830:rst_n=0, data_in=192, wr_en=0, almost_full=0, full=0, overflow=0, rd_en=1 data_out=159, valid=1, almost_empty=0, empty=0, underflow=0, count= 6
                3840:rst_n=0, data_in=193, wr_en=0, almost_full=0, full=0, overflow=0, rd_en=1 data_out=159, valid=1, almost_empty=0, empty=0, underflow=0, count= 6
                3850:rst_n=0, data_in=193, wr_en=0, almost_full=0, full=0, overflow=0, rd_en=1 data_out=160, valid=1, almost_empty=0, empty=0, underflow=0, count= 5
                3860:rst_n=0, data_in=194, wr_en=0, almost_full=0, full=0, overflow=0, rd_en=1 data_out=160, valid=1, almost_empty=0, empty=0, underflow=0, count= 5
                3870:rst_n=0, data_in=194, wr_en=0, almost_full=0, full=0, overflow=0, rd_en=1 data_out=161, valid=1, almost_empty=0, empty=0, underflow=0, count= 4
                3880:rst_n=0, data_in=195, wr_en=0, almost_full=0, full=0, overflow=0, rd_en=1 data_out=161, valid=1, almost_empty=0, empty=0, underflow=0, count= 4
                3890:rst_n=0, data_in=195, wr_en=0, almost_full=0, full=0, overflow=0, rd_en=1 data_out=162, valid=1, almost_empty=0, empty=0, underflow=0, count= 3
                3900:rst_n=0, data_in=196, wr_en=0, almost_full=0, full=0, overflow=0, rd_en=1 data_out=162, valid=1, almost_empty=0, empty=0, underflow=0, count= 3
                3910:rst_n=0, data_in=196, wr_en=0, almost_full=0, full=0, overflow=0, rd_en=1 data_out=163, valid=1, almost_empty=1, empty=0, underflow=0, count= 2
                3920:rst_n=0, data_in=197, wr_en=0, almost_full=0, full=0, overflow=0, rd_en=1 data_out=163, valid=1, almost_empty=1, empty=0, underflow=0, count= 2
                3930:rst_n=0, data_in=197, wr_en=0, almost_full=0, full=0, overflow=0, rd_en=1 data_out=168, valid=1, almost_empty=1, empty=0, underflow=0, count= 1
                3940:rst_n=0, data_in=198, wr_en=0, almost_full=0, full=0, overflow=0, rd_en=1 data_out=168, valid=1, almost_empty=1, empty=0, underflow=0, count= 1
                3950:rst_n=0, data_in=198, wr_en=0, almost_full=0, full=0, overflow=0, rd_en=1 data_out=  0, valid=1, almost_empty=1, empty=1, underflow=0, count= 0
                3960:rst_n=0, data_in=199, wr_en=0, almost_full=0, full=0, overflow=0, rd_en=1 data_out=  0, valid=1, almost_empty=1, empty=1, underflow=0, count= 0
                3970:rst_n=0, data_in=199, wr_en=0, almost_full=0, full=0, overflow=0, rd_en=1 data_out=  0, valid=0, almost_empty=1, empty=1, underflow=1, count= 0
                3980:rst_n=0, data_in=200, wr_en=0, almost_full=0, full=0, overflow=0, rd_en=1 data_out=  0, valid=0, almost_empty=1, empty=1, underflow=1, count= 0
                4000:rst_n=0, data_in=201, wr_en=0, almost_full=0, full=0, overflow=0, rd_en=1 data_out=  0, valid=0, almost_empty=1, empty=1, underflow=1, count= 0
                4020:rst_n=0, data_in=202, wr_en=0, almost_full=0, full=0, overflow=0, rd_en=0 data_out=  0, valid=0, almost_empty=1, empty=1, underflow=1, count= 0
                4030:rst_n=0, data_in=202, wr_en=0, almost_full=0, full=0, overflow=0, rd_en=0 data_out=  0, valid=0, almost_empty=1, empty=1, underflow=0, count= 0
$finish called from file "fifo_tb.v", line 73.
$finish at simulation time                 4040
           V C S   S i m u l a t i o n   R e p o r t 
Time: 4040 ns
CPU Time:      0.230 seconds;       Data structure size:   0.0Mb
Sat May  1 18:13:05 2021
