# Preference setting overrides
gui_create_pref_key -category {Globals} -key {load_detail_for_funcov} -value_type {bool} -value {false}
gui_create_pref_category -category {schem_obj_name}
gui_create_pref_key -category {schem_obj_name} -key {show_cell_and_pin_with_symbol_name} -value_type {bool} -value {false}
gui_create_pref_key -category {schem_pin_hc} -key {textExtFont} -value_type {string} -value {Helvetica,10,-1,5,50,0,0,0,0,0}

# State setting overrides
gui_state_default_create -off -ini
gui_set_state_value -category Globals -key recent_databases -value {{gui_open_db -file /home/users9/jp581081/526LSP21/LAB10/vcdplus.vpd -design V1} {gui_open_db -file /home/users9/jp581081/526LSP21/LAB9/vcdplus.vpd -design V1} {gui_open_db -file /home/users9/jp581081/526LSP21/LAB8/vcdplus.vpd -design V1} {gui_open_db -file /home/users9/jp581081/526LSP21/LAB7/vcdplus.vpd -design V1} {gui_open_db -file /home/users9/jp581081/526LSP21/LAB6B/vcdplus.vpd -design V1}}
gui_set_state_value -category Layout -key child_console_size_x -value 1513
gui_set_state_value -category Layout -key child_console_size_y -value 105
gui_set_state_value -category Layout -key child_data_size_x -value 105
gui_set_state_value -category Layout -key child_data_size_y -value 586
gui_set_state_value -category Layout -key child_hier_col3 -value {-1}
gui_set_state_value -category Layout -key child_hier_colpd -value 0
gui_set_state_value -category Layout -key child_hier_size_x -value 105
gui_set_state_value -category Layout -key child_hier_size_y -value 586
gui_set_state_value -category Layout -key child_list_down -value 551
gui_set_state_value -category Layout -key child_list_right -value 1380
gui_set_state_value -category Layout -key child_schematic_docknewline -value false
gui_set_state_value -category Layout -key child_schematic_pos_x -value {-2}
gui_set_state_value -category Layout -key child_schematic_pos_y -value {-15}
gui_set_state_value -category Layout -key child_schematic_size_x -value 1308
gui_set_state_value -category Layout -key child_schematic_size_y -value 581
gui_set_state_value -category Layout -key child_source_docknewline -value false
gui_set_state_value -category Layout -key child_source_pos_x -value {-2}
gui_set_state_value -category Layout -key child_source_pos_y -value {-15}
gui_set_state_value -category Layout -key child_source_size_x -value 1306
gui_set_state_value -category Layout -key child_source_size_y -value 581
gui_set_state_value -category Layout -key child_watch_size_x -value 1264
gui_set_state_value -category Layout -key child_watch_size_y -value 105
gui_set_state_value -category Layout -key child_wave_colname -value 210
gui_set_state_value -category Layout -key child_wave_colvalue -value 210
gui_set_state_value -category Layout -key child_wave_docknewline -value false
gui_set_state_value -category Layout -key child_wave_left -value 425
gui_set_state_value -category Layout -key child_wave_pos_x -value {-2}
gui_set_state_value -category Layout -key child_wave_pos_y -value {-15}
gui_set_state_value -category Layout -key child_wave_right -value 1038
gui_set_state_value -category Layout -key child_wave_size_x -value 1269
gui_set_state_value -category Layout -key child_wave_size_y -value 434
gui_set_state_value -category Layout -key main_pos_x -value 8
gui_set_state_value -category Layout -key main_pos_y -value 31
gui_set_state_value -category Layout -key main_size_x -value 1521
gui_set_state_value -category Layout -key main_size_y -value 821
gui_set_state_value -category Layout -key stand_list_child_docknewline -value false
gui_set_state_value -category Layout -key stand_list_child_pos_x -value {-2}
gui_set_state_value -category Layout -key stand_list_child_pos_y -value {-15}
gui_set_state_value -category Layout -key stand_list_child_size_x -value 1540
gui_set_state_value -category Layout -key stand_list_child_size_y -value 696
gui_set_state_value -category Layout -key stand_list_top_pos_x -value 0
gui_set_state_value -category Layout -key stand_list_top_pos_y -value 23
gui_set_state_value -category Layout -key stand_list_top_size_x -value 1535
gui_set_state_value -category Layout -key stand_list_top_size_y -value 823
gui_set_state_value -category Layout -key stand_wave_child_docknewline -value false
gui_set_state_value -category Layout -key stand_wave_child_pos_x -value {-2}
gui_set_state_value -category Layout -key stand_wave_child_pos_y -value {-15}
gui_set_state_value -category Layout -key stand_wave_child_size_x -value 1473
gui_set_state_value -category Layout -key stand_wave_child_size_y -value 672
gui_set_state_value -category Layout -key stand_wave_top_pos_x -value 60
gui_set_state_value -category Layout -key stand_wave_top_pos_y -value 83
gui_set_state_value -category Layout -key stand_wave_top_size_x -value 1528
gui_set_state_value -category Layout -key stand_wave_top_size_y -value 859
gui_create_state_key -category FindDialog -key m_pMatchCase -value_type bool -value false
gui_create_state_key -category FindDialog -key m_pMatchWord -value_type bool -value false
gui_create_state_key -category FindDialog -key m_pUseCombo -value_type string -value {}
gui_create_state_key -category FindDialog -key m_pWrapAround -value_type bool -value true
gui_create_state_key -category SearchDialog -key MatchCase -value_type bool -value false
gui_create_state_key -category SearchDialog -key MatchWord -value_type bool -value true
gui_create_state_key -category SearchDialog -key SearchMode -value_type string -value Wildcards
gui_create_state_key -category SearchDialog -key UseCombo -value_type bool -value true
gui_state_default_create -off

# Begin command logging
gui_open_db -file /home/users9/jp581081/526LSP21/LAB10/vcdplus.vpd -design V1
gui_src_highlight_item -id Source.1 -lfrom 21 -idxfrom 11 -fileIdFrom 0 -lto 21 -idxto 18 -fileIdTo 0 -selection {SYS_CLK} -selectionId 0 -replace 0
gui_set_radix -radix binary -signals { alu_tb.SYS_CLK } -window Source.1
gui_open_window Wave
gui_list_add -id Wave.1 -from Source.1 { alu_tb.SYS_CLK } -insertionbar
gui_list_expand -id  Hier.1   alu_tb
gui_list_select -id Hier.1 -current_item_name alu_tb.sp -current_item_type Scope  -selected  { alu_tb.sp   }
gui_list_select -id Data.1 -selected  { alu_tb.sp.CLK   }
gui_list_add -id Wave.1 -from Data.1 { alu_tb.sp.CLK } -insertionbar
gui_src_highlight_item -id Source.1 -lfrom 31 -idxfrom 82 -fileIdFrom 0 -lto 31 -idxto 121 -fileIdTo 0 -selection {D_in,Send,sp.Data,sp.Strobe,D_out,Valid} -selectionId 0 -replace 0
gui_set_radix -radix binary -signals { {alu_tb.D_in[7:0]} alu_tb.Send alu_tb.sp.Data alu_tb.sp.Strobe {alu_tb.D_out[7:0]} alu_tb.Valid } -window Source.1
gui_list_add -id Wave.1 -from Source.1 { {alu_tb.D_in[7:0]} alu_tb.Send alu_tb.sp.Data alu_tb.sp.Strobe {alu_tb.D_out[7:0]} alu_tb.Valid } -insertionbar
gui_zoom -window Wave.1 -factor 2
gui_wv_zoom_timerange -id  Wave.1 0 192
gui_marker_move -id  Wave.1 C1 20
gui_marker_create -id  Wave.1 M1 25
gui_marker_move -id  Wave.1 C1 95
gui_marker_move -id  Wave.1 C1 100
gui_marker_select -id  Wave.1 { M1 }
gui_marker_move -id  Wave.1 M1 110
gui_wv_scrollright -id  Wave.1  line
gui_wv_scrollright -id  Wave.1  line
gui_wv_scrollright -id  Wave.1  line
gui_wv_scrollright -id  Wave.1  line
gui_wv_scrollright -id  Wave.1  line
gui_wv_scrollright -id  Wave.1  line
gui_wv_scrollright -id  Wave.1  line
gui_wv_scrollleft -id  Wave.1  line
gui_wv_scrollleft -id  Wave.1  line
gui_wv_scrollleft -id  Wave.1  line
gui_wv_scrollleft -id  Wave.1  line
gui_wv_scrollleft -id  Wave.1  line
gui_wv_scrollleft -id  Wave.1  line
gui_wv_scrollleft -id  Wave.1  page
gui_marker_move -id  Wave.1 C1 30
gui_marker_create -id  Wave.1 M2 100
gui_wv_scrollright -id  Wave.1  line
gui_wv_scrollright -id  Wave.1  line
gui_wv_scrollright -id  Wave.1  line
gui_wv_scrollright -id  Wave.1  line
gui_wv_zoom_timerange -id  Wave.1 147 183
gui_wv_scrollleft -id  Wave.1  page
gui_wv_zoom_timerange -id  Wave.1 117 141
gui_wv_zoom_timerange -id  Wave.1 128 157
gui_zoom -window Wave.1 -factor 0.5
gui_zoom -window Wave.1 -factor 0.5
gui_zoom -window Wave.1 -factor 0.5
gui_wv_scroll_hslidermove -id  Wave.1 0
gui_marker_unselect -id  Wave.1 { M1 }
gui_marker_select -id  Wave.1 { M2 }
gui_marker_move -id  Wave.1 M2 40
gui_marker_delete -id Wave.1 M1
gui_marker_delete -id Wave.1 M2
gui_marker_select -id  Wave.1 { C1 }
gui_marker_move -id  Wave.1 C1 0
gui_zoom -window Wave.1 -full
gui_close_window -window TopLevel.2
