# Preference setting overrides
gui_create_pref_key -category {Globals} -key {load_detail_for_funcov} -value_type {bool} -value {false}

# State setting overrides
gui_state_default_create -off -ini
gui_set_state_value -category Globals -key recent_databases -value {{gui_open_db -file /home/users9/jp581081/526LSP21/LAB9/vcdplus.vpd -design V1} {gui_open_db -file /home/users9/jp581081/526LSP21/LAB8/vcdplus.vpd -design V1} {gui_open_db -file /home/users9/jp581081/526LSP21/LAB7/vcdplus.vpd -design V1} {gui_open_db -file /home/users9/jp581081/526LSP21/LAB6B/vcdplus.vpd -design V1} {gui_open_db -file /home/users9/jp581081/526LSP21/LAB6/vcdplus.vpd -design V1}}
gui_set_state_value -category Layout -key child_console_size_x -value 1533
gui_set_state_value -category Layout -key child_console_size_y -value 105
gui_set_state_value -category Layout -key child_data_size_x -value 123
gui_set_state_value -category Layout -key child_data_size_y -value 594
gui_set_state_value -category Layout -key child_hier_col3 -value {-1}
gui_set_state_value -category Layout -key child_hier_colpd -value 0
gui_set_state_value -category Layout -key child_hier_size_x -value 105
gui_set_state_value -category Layout -key child_hier_size_y -value 594
gui_set_state_value -category Layout -key child_list_down -value 551
gui_set_state_value -category Layout -key child_list_right -value 1380
gui_set_state_value -category Layout -key child_source_docknewline -value false
gui_set_state_value -category Layout -key child_source_pos_x -value {-2}
gui_set_state_value -category Layout -key child_source_pos_y -value {-15}
gui_set_state_value -category Layout -key child_source_size_x -value 1308
gui_set_state_value -category Layout -key child_source_size_y -value 589
gui_set_state_value -category Layout -key child_watch_size_x -value 1264
gui_set_state_value -category Layout -key child_watch_size_y -value 105
gui_set_state_value -category Layout -key child_wave_colname -value 144
gui_set_state_value -category Layout -key child_wave_colvalue -value 55
gui_set_state_value -category Layout -key child_wave_docknewline -value false
gui_set_state_value -category Layout -key child_wave_left -value 203
gui_set_state_value -category Layout -key child_wave_pos_x -value {-2}
gui_set_state_value -category Layout -key child_wave_pos_y -value {-15}
gui_set_state_value -category Layout -key child_wave_right -value 1327
gui_set_state_value -category Layout -key child_wave_size_x -value 1269
gui_set_state_value -category Layout -key child_wave_size_y -value 434
gui_set_state_value -category Layout -key main_pos_x -value 8
gui_set_state_value -category Layout -key main_pos_y -value 31
gui_set_state_value -category Layout -key main_size_x -value 1541
gui_set_state_value -category Layout -key main_size_y -value 829
gui_set_state_value -category Layout -key stand_list_child_docknewline -value false
gui_set_state_value -category Layout -key stand_list_child_pos_x -value {-2}
gui_set_state_value -category Layout -key stand_list_child_pos_y -value {-15}
gui_set_state_value -category Layout -key stand_list_child_size_x -value 1540
gui_set_state_value -category Layout -key stand_list_child_size_y -value 696
gui_set_state_value -category Layout -key stand_list_top_pos_x -value 0
gui_set_state_value -category Layout -key stand_list_top_pos_y -value 23
gui_set_state_value -category Layout -key stand_list_top_size_x -value 1535
gui_set_state_value -category Layout -key stand_list_top_size_y -value 823
gui_set_state_value -category Layout -key stand_wave_child_docknewline -value false
gui_set_state_value -category Layout -key stand_wave_child_pos_x -value {-2}
gui_set_state_value -category Layout -key stand_wave_child_pos_y -value {-15}
gui_set_state_value -category Layout -key stand_wave_child_size_x -value 1540
gui_set_state_value -category Layout -key stand_wave_child_size_y -value 696
gui_set_state_value -category Layout -key stand_wave_top_pos_x -value 0
gui_set_state_value -category Layout -key stand_wave_top_pos_y -value 23
gui_set_state_value -category Layout -key stand_wave_top_size_x -value 1535
gui_set_state_value -category Layout -key stand_wave_top_size_y -value 823
gui_create_state_key -category FindDialog -key m_pMatchCase -value_type bool -value false
gui_create_state_key -category FindDialog -key m_pMatchWord -value_type bool -value false
gui_create_state_key -category FindDialog -key m_pUseCombo -value_type string -value {}
gui_create_state_key -category FindDialog -key m_pWrapAround -value_type bool -value true
gui_create_state_key -category SearchDialog -key MatchCase -value_type bool -value false
gui_create_state_key -category SearchDialog -key MatchWord -value_type bool -value true
gui_create_state_key -category SearchDialog -key SearchMode -value_type string -value Wildcards
gui_create_state_key -category SearchDialog -key UseCombo -value_type bool -value true
gui_state_default_create -off

# Begin command logging
gui_open_db -file /home/users9/jp581081/526LSP21/LAB9/vcdplus.vpd -design V1
gui_src_highlight_item -id Source.1 -lfrom 32 -idxfrom 198 -fileIdFrom 0 -lto 32 -idxto 205 -fileIdTo 0 -selection {data_in} -selectionId 0 -replace 0
gui_src_highlight_item -id Source.1 -lfrom 32 -idxfrom 198 -fileIdFrom 0 -lto 32 -idxto 342 -fileIdTo 0 -selection {data_in, clk, rd_en, wr_en, rst_n,data_out, empty, almost_empty, full, almost_full, valid, overflow_fifo, underflow, count,fifo1.wr_p,fifo1.rd_p} -selectionId 0 -replace 1
gui_open_window Wave
gui_list_add -id Wave.1 -from Source.1 { {alu_tb.data_in[7:0]} alu_tb.clk alu_tb.rd_en alu_tb.wr_en alu_tb.rst_n {alu_tb.data_out[7:0]} alu_tb.empty alu_tb.almost_empty alu_tb.full alu_tb.almost_full alu_tb.valid alu_tb.overflow_fifo alu_tb.underflow {alu_tb.count[4:0]} {alu_tb.fifo1.wr_p[3:0]} {alu_tb.fifo1.rd_p[3:0]} } -insertionbar
gui_wv_scrollright -id  Wave.1  line
gui_wv_scrollright -id  Wave.1  line
gui_wv_scrollright -id  Wave.1  line
gui_wv_scrollright -id  Wave.1  line
gui_wv_scrollright -id  Wave.1  line
gui_wv_scrollright -id  Wave.1  line
gui_wv_scrollright -id  Wave.1  line
gui_wv_scrollright -id  Wave.1  line
gui_wv_scrollright -id  Wave.1  line
gui_wv_scrollright -id  Wave.1  line
gui_wv_scrollright -id  Wave.1  line
gui_wv_scrollright -id  Wave.1  line
gui_wv_scrollright -id  Wave.1  line
gui_wv_scrollright -id  Wave.1  line
gui_wv_scrollright -id  Wave.1  line
gui_wv_scrollright -id  Wave.1  line
gui_wv_scrollright -id  Wave.1  line
gui_wv_scrollright -id  Wave.1  line
gui_wv_scrollright -id  Wave.1  line
gui_wv_scrollright -id  Wave.1  line
gui_wv_scrollright -id  Wave.1  line
gui_wv_scrollright -id  Wave.1  line
gui_wv_scrollright -id  Wave.1  line
gui_wv_scrollright -id  Wave.1  line
gui_wv_scrollright -id  Wave.1  line
gui_wv_scrollright -id  Wave.1  line
gui_wv_scrollright -id  Wave.1  line
gui_wv_scrollright -id  Wave.1  line
gui_wv_scrollright -id  Wave.1  line
gui_wv_scrollright -id  Wave.1  line
gui_wv_scrollright -id  Wave.1  line
gui_wv_scrollright -id  Wave.1  line
gui_wv_scrollright -id  Wave.1  line
gui_wv_scroll_hslidermove -id  Wave.1 831
gui_list_expand -id  Hier.1   alu_tb
gui_list_select -id Hier.1 -current_item_name alu_tb.fifo1 -current_item_type Scope  -selected  { alu_tb.fifo1   }
gui_list_action -id  Hier.1 alu_tb.fifo1
gui_list_select -id Data.1 -selected  { {alu_tb.fifo1.count[4:0]}   }
gui_data_toggle_value_annotate -id  Data.1   {alu_tb.fifo1.count[4:0]}
gui_list_expand -id  Data.1   {alu_tb.fifo1.count[4:0]}
gui_list_collapse -id  Data.1   {alu_tb.fifo1.count[4:0]}
gui_close_window -window TopLevel.2
