# Preference setting overrides
gui_create_pref_key -category {Globals} -key {load_detail_for_funcov} -value_type {bool} -value {false}

# State setting overrides
gui_state_default_create -off -ini
gui_set_state_value -category Globals -key recent_databases -value {{gui_open_db -file /home/users9/jp581081/526LSP21/LAB2/vcdplus.vpd -design V1} {gui_open_db -file /home/users9/jp581081/526LSP21/LAB1/vcdplus.vpd -design V1}}
gui_set_state_value -category Layout -key child_console_size_x -value 1530
gui_set_state_value -category Layout -key child_console_size_y -value 174
gui_set_state_value -category Layout -key child_data_size_x -value 169
gui_set_state_value -category Layout -key child_data_size_y -value 522
gui_set_state_value -category Layout -key child_hier_col3 -value {-1}
gui_set_state_value -category Layout -key child_hier_colpd -value 0
gui_set_state_value -category Layout -key child_hier_size_x -value 169
gui_set_state_value -category Layout -key child_hier_size_y -value 522
gui_set_state_value -category Layout -key child_source_docknewline -value false
gui_set_state_value -category Layout -key child_source_pos_x -value {-2}
gui_set_state_value -category Layout -key child_source_pos_y -value {-15}
gui_set_state_value -category Layout -key child_source_size_x -value 1195
gui_set_state_value -category Layout -key child_source_size_y -value 517
gui_set_state_value -category Layout -key child_wave_colname -value 120
gui_set_state_value -category Layout -key child_wave_colvalue -value 120
gui_set_state_value -category Layout -key child_wave_left -value 244
gui_set_state_value -category Layout -key child_wave_right -value 595
gui_set_state_value -category Layout -key main_pos_x -value 8
gui_set_state_value -category Layout -key main_pos_y -value 31
gui_set_state_value -category Layout -key main_size_x -value 1538
gui_set_state_value -category Layout -key main_size_y -value 826
gui_set_state_value -category Layout -key stand_wave_child_docknewline -value false
gui_set_state_value -category Layout -key stand_wave_child_pos_x -value {-2}
gui_set_state_value -category Layout -key stand_wave_child_pos_y -value {-15}
gui_set_state_value -category Layout -key stand_wave_child_size_x -value 849
gui_set_state_value -category Layout -key stand_wave_child_size_y -value 366
gui_set_state_value -category Layout -key stand_wave_top_pos_x -value 378
gui_set_state_value -category Layout -key stand_wave_top_pos_y -value 215
gui_set_state_value -category Layout -key stand_wave_top_size_x -value 1222
gui_set_state_value -category Layout -key stand_wave_top_size_y -value 709
gui_create_state_key -category FindDialog -key m_pMatchCase -value_type bool -value false
gui_create_state_key -category FindDialog -key m_pMatchWord -value_type bool -value false
gui_create_state_key -category FindDialog -key m_pUseCombo -value_type string -value {}
gui_create_state_key -category FindDialog -key m_pWrapAround -value_type bool -value true
gui_state_default_create -off

# Begin command logging
gui_open_db -file /home/users9/jp581081/526LSP21/LAB1/vcdplus.vpd -design V1
gui_src_highlight_item -id Source.1 -lfrom 32 -idxfrom 10 -fileIdFrom 0 -lto 32 -idxto 13 -fileIdTo 0 -selection {OUT} -selectionId 0 -replace 0
gui_src_highlight_item -id Source.1 -lfrom 32 -idxfrom 15 -fileIdFrom 0 -lto 32 -idxto 16 -fileIdTo 0 -selection {A} -selectionId 1 -replace 0
gui_src_highlight_item -id Source.1 -lfrom 32 -idxfrom 18 -fileIdFrom 0 -lto 32 -idxto 19 -fileIdTo 0 -selection {B} -selectionId 2 -replace 0
gui_src_highlight_item -id Source.1 -lfrom 32 -idxfrom 21 -fileIdFrom 0 -lto 32 -idxto 22 -fileIdTo 0 -selection {C} -selectionId 3 -replace 0
gui_src_highlight_item -id Source.1 -lfrom 32 -idxfrom 24 -fileIdFrom 0 -lto 32 -idxto 25 -fileIdTo 0 -selection {D} -selectionId 4 -replace 0
gui_src_highlight_item -id Source.1 -lfrom 32 -idxfrom 27 -fileIdFrom 0 -lto 32 -idxto 31 -fileIdTo 0 -selection {SEL0} -selectionId 5 -replace 0
gui_src_highlight_item -id Source.1 -lfrom 32 -idxfrom 33 -fileIdFrom 0 -lto 32 -idxto 37 -fileIdTo 0 -selection {SEL1} -selectionId 6 -replace 0
gui_open_window Wave
gui_list_add -id Wave.1 -from Source.1 { mux4_1_tb.OUT mux4_1_tb.A mux4_1_tb.B mux4_1_tb.C mux4_1_tb.D mux4_1_tb.SEL0 mux4_1_tb.SEL1 } -insertionbar
gui_wv_zoom_timerange -id  Wave.1 0 355
gui_wv_zoom_timerange -id  Wave.1 0 191
gui_close_window -window TopLevel.2
